2025-06-11 12:21:50,279 - utils - INFO - Logging initialized. Log file: logs/bot_20250611_122150.log
2025-06-11 12:21:50,279 - utils - INFO - Starting Pump.fun Token Scanner Bot...
2025-06-11 12:21:50,279 - utils - INFO - Configuration: {'min_market_cap': 10000, 'max_market_cap': 1000000, 'min_age_seconds': 5, 'max_age_seconds': 604800, 'min_liquidity': 500, 'scan_interval_minutes': 2, 'max_tokens_per_scan': 50, 'duplicate_check_hours': 6, 'max_retries': 3, 'request_timeout': 30, 'rate_limit_delay': 1.0}
2025-06-11 12:21:50,279 - utils - INFO - Running initial scan...
2025-06-11 12:21:50,279 - utils - INFO - Starting token scan...
2025-06-11 12:21:50,279 - token_scanner - INFO - Starting DexScreener profile scan...
2025-06-11 12:21:50,280 - token_scanner - INFO - Scanning DexScreener token profiles...
2025-06-11 12:21:50,280 - token_scanner - INFO - Fetching DexScreener: https://api.dexscreener.com/token-profiles/latest/v1
2025-06-11 12:21:50,376 - token_scanner - INFO - DexScreener API response type: <class 'list'>, length: 30
2025-06-11 12:21:50,376 - token_scanner - INFO - First item structure: ['url', 'chainId', 'tokenAddress', 'icon', 'header', 'openGraph', 'description', 'links']
2025-06-11 12:21:50,376 - token_scanner - INFO - Processing DexScreener response of type: <class 'list'>
2025-06-11 12:21:50,376 - token_scanner - INFO - Processing 30 items from list response
2025-06-11 12:21:50,578 - token_scanner - INFO - Found real market data for H2Mqhd3zjWpBDWEYJnBAbmkmftCwAu14WsUVXmeiVGAH
2025-06-11 12:21:50,830 - token_scanner - INFO - Found real market data for 0x90e971F3a6Cc9F36b7296dD9C25CbBD955d3c304
2025-06-11 12:21:51,134 - token_scanner - INFO - Found real market data for 4X3PdLSS7H2ntbGoSAP9GYJ2YDmxZGPkQFY6AQmSmori
2025-06-11 12:21:51,385 - token_scanner - INFO - Found real market data for EQB_Ly8TKDQTMbsskFUQ5kiDJow7YBXmc12UGjbx7S4IRQLA
2025-06-11 12:21:51,562 - token_scanner - INFO - Found real market data for 6GZ7RyfexyFhUVfSAXno7jLUCXkr7NQ393to1N52pump
2025-06-11 12:21:51,713 - token_scanner - INFO - Found real market data for CYuv7gvsMZHc7UvHKAitYdVexF9Y4afCkSdPu2eQfBD6
2025-06-11 12:21:52,279 - token_scanner - INFO - Found real market data for 0x62c499BbE6040fE7CB8856a3df6EbF2CDCE8CF82
2025-06-11 12:21:52,380 - token_scanner - ERROR - Error processing DexScreener profiles response: 'pairCreatedAt'
2025-06-11 12:21:52,381 - token_scanner - INFO - Successfully fetched 11 tokens from DexScreener
2025-06-11 12:21:52,381 - token_scanner - INFO - Successfully got 11 tokens from profiles endpoint
2025-06-11 12:21:53,382 - token_scanner - INFO - Found 11 tokens from DexScreener profiles
2025-06-11 12:21:53,382 - token_scanner - INFO - DexScreener found 11 tokens
2025-06-11 12:21:53,382 - token_scanner - INFO - Starting Pump.fun scan...
2025-06-11 12:21:53,382 - token_scanner - INFO - Scanning Pump.fun endpoints...
2025-06-11 12:21:53,382 - token_scanner - INFO - Fetching Pump.fun (attempt 1): https://frontend-api.pump.fun/coins?offset=0&limit=100&sort=created_timestamp&order=DESC
2025-06-11 12:21:53,517 - token_scanner - WARNING - Pump.fun maintenance mode for https://frontend-api.pump.fun/coins?offset=0&limit=100&sort=created_timestamp&order=DESC, skipping remaining retries
2025-06-11 12:21:54,517 - token_scanner - INFO - Fetching Pump.fun (attempt 1): https://frontend-api.pump.fun/coins?offset=0&limit=100&sort=market_cap&order=DESC
2025-06-11 12:21:54,608 - token_scanner - WARNING - Pump.fun maintenance mode for https://frontend-api.pump.fun/coins?offset=0&limit=100&sort=market_cap&order=DESC, skipping remaining retries
2025-06-11 12:21:55,608 - token_scanner - INFO - Fetching Pump.fun (attempt 1): https://frontend-api.pump.fun/coins?offset=0&limit=100&sort=last_trade_timestamp&order=DESC
2025-06-11 12:21:55,693 - token_scanner - WARNING - Pump.fun maintenance mode for https://frontend-api.pump.fun/coins?offset=0&limit=100&sort=last_trade_timestamp&order=DESC, skipping remaining retries
2025-06-11 12:21:56,693 - token_scanner - INFO - Fetching Pump.fun (attempt 1): https://frontend-api.pump.fun/coins/king-of-the-hill
2025-06-11 12:21:56,772 - token_scanner - WARNING - Pump.fun maintenance mode for https://frontend-api.pump.fun/coins/king-of-the-hill, skipping remaining retries
2025-06-11 12:21:57,773 - token_scanner - WARNING - All Pump.fun endpoints appear to be in maintenance mode
2025-06-11 12:21:57,773 - token_scanner - INFO - Found 0 tokens from Pump.fun
2025-06-11 12:21:57,773 - token_scanner - INFO - Pump.fun found 0 tokens
2025-06-11 12:21:57,773 - token_scanner - INFO - Scan summary - Total: 11, Unique: 11, Filtered: 4
2025-06-11 12:21:57,773 - utils - INFO - Found 4 tokens to process
2025-06-11 12:21:58,317 - telegram_bot - INFO - Message sent successfully to Telegram
2025-06-11 12:22:00,796 - telegram_bot - INFO - Message sent successfully to Telegram
2025-06-11 12:22:03,279 - telegram_bot - INFO - Message sent successfully to Telegram
2025-06-11 12:22:05,769 - telegram_bot - INFO - Message sent successfully to Telegram
2025-06-11 12:22:07,769 - utils - INFO - Sent 4 notifications
2025-06-11 12:22:07,770 - utils - INFO - Starting scheduler thread...
2025-06-11 12:22:07,770 - utils - INFO - Bot started. Scanning every 2 minutes...
2025-06-11 12:23:50,781 - utils - INFO - Starting token scan...
2025-06-11 12:23:50,782 - token_scanner - INFO - Starting DexScreener profile scan...
2025-06-11 12:23:50,782 - token_scanner - INFO - Scanning DexScreener token profiles...
2025-06-11 12:23:50,782 - token_scanner - INFO - Fetching DexScreener: https://api.dexscreener.com/token-profiles/latest/v1
2025-06-11 12:23:50,909 - token_scanner - INFO - DexScreener API response type: <class 'list'>, length: 30
2025-06-11 12:23:50,909 - token_scanner - INFO - First item structure: ['url', 'chainId', 'tokenAddress', 'icon', 'header', 'openGraph', 'description', 'links']
2025-06-11 12:23:50,910 - token_scanner - INFO - Processing DexScreener response of type: <class 'list'>
2025-06-11 12:23:50,910 - token_scanner - INFO - Processing 30 items from list response
2025-06-11 12:23:50,995 - token_scanner - INFO - Found real market data for 0x4b76312f6db2A4978f050d21b59Fc2Cd6ef5fe32
2025-06-11 12:23:51,439 - token_scanner - INFO - Found real market data for H2Mqhd3zjWpBDWEYJnBAbmkmftCwAu14WsUVXmeiVGAH
2025-06-11 12:23:51,588 - token_scanner - INFO - Found real market data for 0x90e971F3a6Cc9F36b7296dD9C25CbBD955d3c304
2025-06-11 12:23:51,919 - token_scanner - INFO - Found real market data for 4X3PdLSS7H2ntbGoSAP9GYJ2YDmxZGPkQFY6AQmSmori
2025-06-11 12:23:52,092 - token_scanner - INFO - Found real market data for EQB_Ly8TKDQTMbsskFUQ5kiDJow7YBXmc12UGjbx7S4IRQLA
2025-06-11 12:23:52,261 - token_scanner - INFO - Found real market data for 6GZ7RyfexyFhUVfSAXno7jLUCXkr7NQ393to1N52pump
2025-06-11 12:23:52,422 - token_scanner - INFO - Found real market data for CYuv7gvsMZHc7UvHKAitYdVexF9Y4afCkSdPu2eQfBD6
2025-06-11 12:23:53,036 - token_scanner - INFO - Found real market data for 0x62c499BbE6040fE7CB8856a3df6EbF2CDCE8CF82
2025-06-11 12:23:53,136 - token_scanner - ERROR - Error processing DexScreener profiles response: 'pairCreatedAt'
2025-06-11 12:23:53,136 - token_scanner - INFO - Successfully fetched 13 tokens from DexScreener
2025-06-11 12:23:53,136 - token_scanner - INFO - Successfully got 13 tokens from profiles endpoint
2025-06-11 12:23:54,137 - token_scanner - INFO - Found 13 tokens from DexScreener profiles
2025-06-11 12:23:54,137 - token_scanner - INFO - DexScreener found 13 tokens
2025-06-11 12:23:54,137 - token_scanner - INFO - Starting Pump.fun scan...
2025-06-11 12:23:54,137 - token_scanner - INFO - Scanning Pump.fun endpoints...
2025-06-11 12:23:54,138 - token_scanner - INFO - Fetching Pump.fun (attempt 1): https://frontend-api.pump.fun/coins?offset=0&limit=100&sort=created_timestamp&order=DESC
2025-06-11 12:23:54,278 - token_scanner - WARNING - Pump.fun maintenance mode for https://frontend-api.pump.fun/coins?offset=0&limit=100&sort=created_timestamp&order=DESC, skipping remaining retries
2025-06-11 12:23:55,279 - token_scanner - INFO - Fetching Pump.fun (attempt 1): https://frontend-api.pump.fun/coins?offset=0&limit=100&sort=market_cap&order=DESC
2025-06-11 12:23:55,365 - token_scanner - WARNING - Pump.fun maintenance mode for https://frontend-api.pump.fun/coins?offset=0&limit=100&sort=market_cap&order=DESC, skipping remaining retries
2025-06-11 12:23:56,365 - token_scanner - INFO - Fetching Pump.fun (attempt 1): https://frontend-api.pump.fun/coins?offset=0&limit=100&sort=last_trade_timestamp&order=DESC
2025-06-11 12:23:56,455 - token_scanner - WARNING - Pump.fun maintenance mode for https://frontend-api.pump.fun/coins?offset=0&limit=100&sort=last_trade_timestamp&order=DESC, skipping remaining retries
2025-06-11 12:23:57,460 - token_scanner - INFO - Fetching Pump.fun (attempt 1): https://frontend-api.pump.fun/coins/king-of-the-hill
2025-06-11 12:23:57,565 - token_scanner - WARNING - Pump.fun maintenance mode for https://frontend-api.pump.fun/coins/king-of-the-hill, skipping remaining retries
2025-06-11 12:23:58,566 - token_scanner - WARNING - All Pump.fun endpoints appear to be in maintenance mode
2025-06-11 12:23:58,566 - token_scanner - INFO - Found 0 tokens from Pump.fun
2025-06-11 12:23:58,566 - token_scanner - INFO - Pump.fun found 0 tokens
2025-06-11 12:23:58,566 - token_scanner - INFO - Scan summary - Total: 13, Unique: 13, Filtered: 5
2025-06-11 12:23:58,567 - utils - INFO - Found 5 tokens to process
2025-06-11 12:23:59,037 - telegram_bot - INFO - Message sent successfully to Telegram
2025-06-11 12:24:01,516 - telegram_bot - INFO - Message sent successfully to Telegram
2025-06-11 12:24:03,992 - telegram_bot - INFO - Message sent successfully to Telegram
2025-06-11 12:24:06,466 - telegram_bot - INFO - Message sent successfully to Telegram
2025-06-11 12:24:08,947 - telegram_bot - INFO - Message sent successfully to Telegram
2025-06-11 12:24:10,947 - utils - INFO - Sent 5 notifications
2025-06-11 12:26:10,966 - utils - INFO - Starting token scan...
2025-06-11 12:26:10,966 - token_scanner - INFO - Starting DexScreener profile scan...
2025-06-11 12:26:10,966 - token_scanner - INFO - Scanning DexScreener token profiles...
2025-06-11 12:26:10,966 - token_scanner - INFO - Fetching DexScreener: https://api.dexscreener.com/token-profiles/latest/v1
2025-06-11 12:26:11,033 - token_scanner - INFO - DexScreener API response type: <class 'list'>, length: 30
2025-06-11 12:26:11,034 - token_scanner - INFO - First item structure: ['url', 'chainId', 'tokenAddress', 'icon', 'header', 'openGraph', 'description', 'links']
2025-06-11 12:26:11,034 - token_scanner - INFO - Processing DexScreener response of type: <class 'list'>
2025-06-11 12:26:11,034 - token_scanner - INFO - Processing 30 items from list response
2025-06-11 12:26:11,080 - token_scanner - INFO - Found real market data for 0x4b76312f6db2A4978f050d21b59Fc2Cd6ef5fe32
2025-06-11 12:26:11,576 - token_scanner - INFO - Found real market data for H2Mqhd3zjWpBDWEYJnBAbmkmftCwAu14WsUVXmeiVGAH
2025-06-11 12:26:11,732 - token_scanner - INFO - Found real market data for 0x90e971F3a6Cc9F36b7296dD9C25CbBD955d3c304
2025-06-11 12:26:12,045 - token_scanner - INFO - Found real market data for 4X3PdLSS7H2ntbGoSAP9GYJ2YDmxZGPkQFY6AQmSmori
2025-06-11 12:26:12,209 - token_scanner - INFO - Found real market data for EQB_Ly8TKDQTMbsskFUQ5kiDJow7YBXmc12UGjbx7S4IRQLA
2025-06-11 12:26:12,375 - token_scanner - INFO - Found real market data for 6GZ7RyfexyFhUVfSAXno7jLUCXkr7NQ393to1N52pump
2025-06-11 12:26:12,524 - token_scanner - INFO - Found real market data for CYuv7gvsMZHc7UvHKAitYdVexF9Y4afCkSdPu2eQfBD6
2025-06-11 12:26:13,118 - token_scanner - INFO - Found real market data for 0x62c499BbE6040fE7CB8856a3df6EbF2CDCE8CF82
2025-06-11 12:26:13,218 - token_scanner - ERROR - Error processing DexScreener profiles response: 'pairCreatedAt'
2025-06-11 12:26:13,219 - token_scanner - INFO - Successfully fetched 13 tokens from DexScreener
2025-06-11 12:26:13,219 - token_scanner - INFO - Successfully got 13 tokens from profiles endpoint
2025-06-11 12:26:14,219 - token_scanner - INFO - Found 13 tokens from DexScreener profiles
2025-06-11 12:26:14,219 - token_scanner - INFO - DexScreener found 13 tokens
2025-06-11 12:26:14,219 - token_scanner - INFO - Starting Pump.fun scan...
2025-06-11 12:26:14,220 - token_scanner - INFO - Scanning Pump.fun endpoints...
2025-06-11 12:26:14,220 - token_scanner - INFO - Fetching Pump.fun (attempt 1): https://frontend-api.pump.fun/coins?offset=0&limit=100&sort=created_timestamp&order=DESC
2025-06-11 12:26:14,427 - token_scanner - WARNING - Pump.fun maintenance mode for https://frontend-api.pump.fun/coins?offset=0&limit=100&sort=created_timestamp&order=DESC, skipping remaining retries
2025-06-11 12:26:15,427 - token_scanner - INFO - Fetching Pump.fun (attempt 1): https://frontend-api.pump.fun/coins?offset=0&limit=100&sort=market_cap&order=DESC
2025-06-11 12:26:15,513 - token_scanner - WARNING - Pump.fun maintenance mode for https://frontend-api.pump.fun/coins?offset=0&limit=100&sort=market_cap&order=DESC, skipping remaining retries
2025-06-11 12:26:16,513 - token_scanner - INFO - Fetching Pump.fun (attempt 1): https://frontend-api.pump.fun/coins?offset=0&limit=100&sort=last_trade_timestamp&order=DESC
2025-06-11 12:26:16,603 - token_scanner - WARNING - Pump.fun maintenance mode for https://frontend-api.pump.fun/coins?offset=0&limit=100&sort=last_trade_timestamp&order=DESC, skipping remaining retries
2025-06-11 12:26:17,603 - token_scanner - INFO - Fetching Pump.fun (attempt 1): https://frontend-api.pump.fun/coins/king-of-the-hill
2025-06-11 12:26:17,682 - token_scanner - WARNING - Pump.fun maintenance mode for https://frontend-api.pump.fun/coins/king-of-the-hill, skipping remaining retries
2025-06-11 12:26:18,682 - token_scanner - WARNING - All Pump.fun endpoints appear to be in maintenance mode
2025-06-11 12:26:18,683 - token_scanner - INFO - Found 0 tokens from Pump.fun
2025-06-11 12:26:18,683 - token_scanner - INFO - Pump.fun found 0 tokens
2025-06-11 12:26:18,683 - token_scanner - INFO - Scan summary - Total: 13, Unique: 13, Filtered: 5
2025-06-11 12:26:18,683 - utils - INFO - Found 5 tokens to process
2025-06-11 12:26:19,247 - telegram_bot - INFO - Message sent successfully to Telegram
2025-06-11 12:26:21,787 - telegram_bot - INFO - Message sent successfully to Telegram
2025-06-11 12:26:24,483 - telegram_bot - INFO - Message sent successfully to Telegram
2025-06-11 12:26:27,064 - telegram_bot - INFO - Message sent successfully to Telegram
2025-06-11 12:26:29,618 - telegram_bot - INFO - Message sent successfully to Telegram
2025-06-11 12:26:31,619 - utils - INFO - Sent 5 notifications
2025-06-11 12:28:31,641 - utils - INFO - Starting token scan...
2025-06-11 12:28:31,641 - token_scanner - INFO - Starting DexScreener profile scan...
2025-06-11 12:28:31,641 - token_scanner - INFO - Scanning DexScreener token profiles...
2025-06-11 12:28:31,641 - token_scanner - INFO - Fetching DexScreener: https://api.dexscreener.com/token-profiles/latest/v1
2025-06-11 12:28:31,731 - token_scanner - INFO - DexScreener API response type: <class 'list'>, length: 30
2025-06-11 12:28:31,731 - token_scanner - INFO - First item structure: ['url', 'chainId', 'tokenAddress', 'icon', 'header', 'openGraph', 'links']
2025-06-11 12:28:31,731 - token_scanner - INFO - Processing DexScreener response of type: <class 'list'>
2025-06-11 12:28:31,731 - token_scanner - INFO - Processing 30 items from list response
2025-06-11 12:28:31,787 - token_scanner - INFO - Found real market data for 0x7B414099B11F9558F2787076be232DfAaba7A127
2025-06-11 12:28:31,942 - token_scanner - INFO - Found real market data for 0x4b76312f6db2A4978f050d21b59Fc2Cd6ef5fe32
2025-06-11 12:28:32,396 - token_scanner - INFO - Found real market data for H2Mqhd3zjWpBDWEYJnBAbmkmftCwAu14WsUVXmeiVGAH
2025-06-11 12:28:32,548 - token_scanner - INFO - Found real market data for 0x90e971F3a6Cc9F36b7296dD9C25CbBD955d3c304
2025-06-11 12:28:32,872 - token_scanner - INFO - Found real market data for 4X3PdLSS7H2ntbGoSAP9GYJ2YDmxZGPkQFY6AQmSmori
2025-06-11 12:28:33,036 - token_scanner - INFO - Found real market data for EQB_Ly8TKDQTMbsskFUQ5kiDJow7YBXmc12UGjbx7S4IRQLA
2025-06-11 12:28:33,226 - token_scanner - INFO - Found real market data for 6GZ7RyfexyFhUVfSAXno7jLUCXkr7NQ393to1N52pump
2025-06-11 12:28:33,451 - token_scanner - INFO - Found real market data for CYuv7gvsMZHc7UvHKAitYdVexF9Y4afCkSdPu2eQfBD6
2025-06-11 12:28:34,082 - token_scanner - INFO - Found real market data for 0x62c499BbE6040fE7CB8856a3df6EbF2CDCE8CF82
2025-06-11 12:28:34,182 - token_scanner - ERROR - Error processing DexScreener profiles response: 'pairCreatedAt'
2025-06-11 12:28:34,183 - token_scanner - INFO - Successfully fetched 14 tokens from DexScreener
2025-06-11 12:28:34,183 - token_scanner - INFO - Successfully got 14 tokens from profiles endpoint
2025-06-11 12:28:35,184 - token_scanner - INFO - Found 14 tokens from DexScreener profiles
2025-06-11 12:28:35,184 - token_scanner - INFO - DexScreener found 14 tokens
2025-06-11 12:28:35,184 - token_scanner - INFO - Starting Pump.fun scan...
2025-06-11 12:28:35,184 - token_scanner - INFO - Scanning Pump.fun endpoints...
2025-06-11 12:28:35,184 - token_scanner - INFO - Fetching Pump.fun (attempt 1): https://frontend-api.pump.fun/coins?offset=0&limit=100&sort=created_timestamp&order=DESC
2025-06-11 12:28:35,313 - token_scanner - WARNING - Pump.fun maintenance mode for https://frontend-api.pump.fun/coins?offset=0&limit=100&sort=created_timestamp&order=DESC, skipping remaining retries
2025-06-11 12:28:36,314 - token_scanner - INFO - Fetching Pump.fun (attempt 1): https://frontend-api.pump.fun/coins?offset=0&limit=100&sort=market_cap&order=DESC
2025-06-11 12:28:36,407 - token_scanner - WARNING - Pump.fun maintenance mode for https://frontend-api.pump.fun/coins?offset=0&limit=100&sort=market_cap&order=DESC, skipping remaining retries
2025-06-11 12:28:37,407 - token_scanner - INFO - Fetching Pump.fun (attempt 1): https://frontend-api.pump.fun/coins?offset=0&limit=100&sort=last_trade_timestamp&order=DESC
2025-06-11 12:28:37,502 - token_scanner - WARNING - Pump.fun maintenance mode for https://frontend-api.pump.fun/coins?offset=0&limit=100&sort=last_trade_timestamp&order=DESC, skipping remaining retries
2025-06-11 12:28:38,503 - token_scanner - INFO - Fetching Pump.fun (attempt 1): https://frontend-api.pump.fun/coins/king-of-the-hill
2025-06-11 12:28:38,600 - token_scanner - WARNING - Pump.fun maintenance mode for https://frontend-api.pump.fun/coins/king-of-the-hill, skipping remaining retries
2025-06-11 12:28:39,600 - token_scanner - WARNING - All Pump.fun endpoints appear to be in maintenance mode
2025-06-11 12:28:39,600 - token_scanner - INFO - Found 0 tokens from Pump.fun
2025-06-11 12:28:39,600 - token_scanner - INFO - Pump.fun found 0 tokens
2025-06-11 12:28:39,600 - token_scanner - INFO - Scan summary - Total: 14, Unique: 14, Filtered: 5
2025-06-11 12:28:39,601 - utils - INFO - Found 5 tokens to process
2025-06-11 12:28:40,080 - telegram_bot - INFO - Message sent successfully to Telegram
2025-06-11 12:28:42,609 - telegram_bot - INFO - Message sent successfully to Telegram
2025-06-11 12:28:45,084 - telegram_bot - INFO - Message sent successfully to Telegram
2025-06-11 12:28:47,562 - telegram_bot - INFO - Message sent successfully to Telegram
2025-06-11 12:28:50,037 - telegram_bot - INFO - Message sent successfully to Telegram
2025-06-11 12:28:52,037 - utils - INFO - Sent 5 notifications
2025-06-11 12:30:52,064 - utils - INFO - Starting token scan...
2025-06-11 12:30:52,065 - token_scanner - INFO - Starting DexScreener profile scan...
2025-06-11 12:30:52,065 - token_scanner - INFO - Scanning DexScreener token profiles...
2025-06-11 12:30:52,065 - token_scanner - INFO - Fetching DexScreener: https://api.dexscreener.com/token-profiles/latest/v1
2025-06-11 12:30:52,172 - token_scanner - INFO - DexScreener API response type: <class 'list'>, length: 30
2025-06-11 12:30:52,172 - token_scanner - INFO - First item structure: ['url', 'chainId', 'tokenAddress', 'icon', 'header', 'openGraph', 'links']
2025-06-11 12:30:52,172 - token_scanner - INFO - Processing DexScreener response of type: <class 'list'>
2025-06-11 12:30:52,172 - token_scanner - INFO - Processing 30 items from list response
2025-06-11 12:30:52,225 - token_scanner - INFO - Found real market data for 0x7B414099B11F9558F2787076be232DfAaba7A127
2025-06-11 12:30:52,374 - token_scanner - INFO - Found real market data for 0x4b76312f6db2A4978f050d21b59Fc2Cd6ef5fe32
2025-06-11 12:30:52,823 - token_scanner - INFO - Found real market data for H2Mqhd3zjWpBDWEYJnBAbmkmftCwAu14WsUVXmeiVGAH
2025-06-11 12:30:52,979 - token_scanner - INFO - Found real market data for 0x90e971F3a6Cc9F36b7296dD9C25CbBD955d3c304
2025-06-11 12:30:53,282 - token_scanner - INFO - Found real market data for 4X3PdLSS7H2ntbGoSAP9GYJ2YDmxZGPkQFY6AQmSmori
2025-06-11 12:30:53,446 - token_scanner - INFO - Found real market data for EQB_Ly8TKDQTMbsskFUQ5kiDJow7YBXmc12UGjbx7S4IRQLA
2025-06-11 12:30:53,612 - token_scanner - INFO - Found real market data for 6GZ7RyfexyFhUVfSAXno7jLUCXkr7NQ393to1N52pump
2025-06-11 12:30:53,764 - token_scanner - INFO - Found real market data for CYuv7gvsMZHc7UvHKAitYdVexF9Y4afCkSdPu2eQfBD6
2025-06-11 12:30:54,383 - token_scanner - INFO - Found real market data for 0x62c499BbE6040fE7CB8856a3df6EbF2CDCE8CF82
2025-06-11 12:30:54,483 - token_scanner - ERROR - Error processing DexScreener profiles response: 'pairCreatedAt'
2025-06-11 12:30:54,484 - token_scanner - INFO - Successfully fetched 14 tokens from DexScreener
2025-06-11 12:30:54,484 - token_scanner - INFO - Successfully got 14 tokens from profiles endpoint
2025-06-11 12:30:55,484 - token_scanner - INFO - Found 14 tokens from DexScreener profiles
2025-06-11 12:30:55,484 - token_scanner - INFO - DexScreener found 14 tokens
2025-06-11 12:30:55,484 - token_scanner - INFO - Starting Pump.fun scan...
2025-06-11 12:30:55,484 - token_scanner - INFO - Scanning Pump.fun endpoints...
2025-06-11 12:30:55,484 - token_scanner - INFO - Fetching Pump.fun (attempt 1): https://frontend-api.pump.fun/coins?offset=0&limit=100&sort=created_timestamp&order=DESC
2025-06-11 12:30:55,633 - token_scanner - WARNING - Pump.fun maintenance mode for https://frontend-api.pump.fun/coins?offset=0&limit=100&sort=created_timestamp&order=DESC, skipping remaining retries
2025-06-11 12:30:56,633 - token_scanner - INFO - Fetching Pump.fun (attempt 1): https://frontend-api.pump.fun/coins?offset=0&limit=100&sort=market_cap&order=DESC
2025-06-11 12:30:56,722 - token_scanner - WARNING - Pump.fun maintenance mode for https://frontend-api.pump.fun/coins?offset=0&limit=100&sort=market_cap&order=DESC, skipping remaining retries
2025-06-11 12:30:57,723 - token_scanner - INFO - Fetching Pump.fun (attempt 1): https://frontend-api.pump.fun/coins?offset=0&limit=100&sort=last_trade_timestamp&order=DESC
2025-06-11 12:30:57,815 - token_scanner - WARNING - Pump.fun maintenance mode for https://frontend-api.pump.fun/coins?offset=0&limit=100&sort=last_trade_timestamp&order=DESC, skipping remaining retries
2025-06-11 12:30:58,815 - token_scanner - INFO - Fetching Pump.fun (attempt 1): https://frontend-api.pump.fun/coins/king-of-the-hill
2025-06-11 12:30:58,899 - token_scanner - WARNING - Pump.fun maintenance mode for https://frontend-api.pump.fun/coins/king-of-the-hill, skipping remaining retries
2025-06-11 12:30:59,900 - token_scanner - WARNING - All Pump.fun endpoints appear to be in maintenance mode
2025-06-11 12:30:59,900 - token_scanner - INFO - Found 0 tokens from Pump.fun
2025-06-11 12:30:59,900 - token_scanner - INFO - Pump.fun found 0 tokens
2025-06-11 12:30:59,900 - token_scanner - INFO - Scan summary - Total: 14, Unique: 14, Filtered: 5
2025-06-11 12:30:59,900 - utils - INFO - Found 5 tokens to process
2025-06-11 12:31:00,379 - telegram_bot - INFO - Message sent successfully to Telegram
2025-06-11 12:31:02,857 - telegram_bot - INFO - Message sent successfully to Telegram
2025-06-11 12:31:05,325 - telegram_bot - INFO - Message sent successfully to Telegram
2025-06-11 12:31:07,532 - telegram_bot - ERROR - Error sending message to Telegram: ('Connection aborted.', ConnectionResetError(104, 'Connection reset by peer'))
2025-06-11 12:31:08,208 - telegram_bot - INFO - Message sent successfully to Telegram
2025-06-11 12:31:10,209 - utils - INFO - Sent 4 notifications
2025-06-11 12:33:10,224 - utils - INFO - Starting token scan...
2025-06-11 12:33:10,224 - token_scanner - INFO - Starting DexScreener profile scan...
2025-06-11 12:33:10,225 - token_scanner - INFO - Scanning DexScreener token profiles...
2025-06-11 12:33:10,225 - token_scanner - INFO - Fetching DexScreener: https://api.dexscreener.com/token-profiles/latest/v1
2025-06-11 12:33:10,327 - token_scanner - INFO - DexScreener API response type: <class 'list'>, length: 30
2025-06-11 12:33:10,327 - token_scanner - INFO - First item structure: ['url', 'chainId', 'tokenAddress', 'icon', 'header', 'openGraph', 'description', 'links']
2025-06-11 12:33:10,328 - token_scanner - INFO - Processing DexScreener response of type: <class 'list'>
2025-06-11 12:33:10,328 - token_scanner - INFO - Processing 30 items from list response
2025-06-11 12:33:10,685 - token_scanner - INFO - Found real market data for 0x7B414099B11F9558F2787076be232DfAaba7A127
2025-06-11 12:33:10,844 - token_scanner - INFO - Found real market data for 0x4b76312f6db2A4978f050d21b59Fc2Cd6ef5fe32
2025-06-11 12:33:11,339 - token_scanner - INFO - Found real market data for H2Mqhd3zjWpBDWEYJnBAbmkmftCwAu14WsUVXmeiVGAH
2025-06-11 12:33:11,489 - token_scanner - INFO - Found real market data for 0x90e971F3a6Cc9F36b7296dD9C25CbBD955d3c304
2025-06-11 12:33:11,793 - token_scanner - INFO - Found real market data for 4X3PdLSS7H2ntbGoSAP9GYJ2YDmxZGPkQFY6AQmSmori
2025-06-11 12:33:11,957 - token_scanner - INFO - Found real market data for EQB_Ly8TKDQTMbsskFUQ5kiDJow7YBXmc12UGjbx7S4IRQLA
2025-06-11 12:33:12,122 - token_scanner - INFO - Found real market data for 6GZ7RyfexyFhUVfSAXno7jLUCXkr7NQ393to1N52pump
2025-06-11 12:33:12,287 - token_scanner - INFO - Found real market data for CYuv7gvsMZHc7UvHKAitYdVexF9Y4afCkSdPu2eQfBD6
2025-06-11 12:33:12,948 - token_scanner - INFO - Found real market data for 0x62c499BbE6040fE7CB8856a3df6EbF2CDCE8CF82
2025-06-11 12:33:13,048 - token_scanner - ERROR - Error processing DexScreener profiles response: 'pairCreatedAt'
2025-06-11 12:33:13,048 - token_scanner - INFO - Successfully fetched 16 tokens from DexScreener
2025-06-11 12:33:13,049 - token_scanner - INFO - Successfully got 16 tokens from profiles endpoint
2025-06-11 12:33:14,049 - token_scanner - INFO - Found 16 tokens from DexScreener profiles
2025-06-11 12:33:14,049 - token_scanner - INFO - DexScreener found 16 tokens
2025-06-11 12:33:14,049 - token_scanner - INFO - Starting Pump.fun scan...
2025-06-11 12:33:14,049 - token_scanner - INFO - Scanning Pump.fun endpoints...
2025-06-11 12:33:14,049 - token_scanner - INFO - Fetching Pump.fun (attempt 1): https://frontend-api.pump.fun/coins?offset=0&limit=100&sort=created_timestamp&order=DESC
2025-06-11 12:33:14,182 - token_scanner - WARNING - Pump.fun maintenance mode for https://frontend-api.pump.fun/coins?offset=0&limit=100&sort=created_timestamp&order=DESC, skipping remaining retries
2025-06-11 12:33:15,182 - token_scanner - INFO - Fetching Pump.fun (attempt 1): https://frontend-api.pump.fun/coins?offset=0&limit=100&sort=market_cap&order=DESC
2025-06-11 12:33:15,272 - token_scanner - WARNING - Pump.fun maintenance mode for https://frontend-api.pump.fun/coins?offset=0&limit=100&sort=market_cap&order=DESC, skipping remaining retries
2025-06-11 12:33:16,273 - token_scanner - INFO - Fetching Pump.fun (attempt 1): https://frontend-api.pump.fun/coins?offset=0&limit=100&sort=last_trade_timestamp&order=DESC
2025-06-11 12:33:16,365 - token_scanner - WARNING - Pump.fun maintenance mode for https://frontend-api.pump.fun/coins?offset=0&limit=100&sort=last_trade_timestamp&order=DESC, skipping remaining retries
2025-06-11 12:33:17,365 - token_scanner - INFO - Fetching Pump.fun (attempt 1): https://frontend-api.pump.fun/coins/king-of-the-hill
2025-06-11 12:33:17,457 - token_scanner - WARNING - Pump.fun maintenance mode for https://frontend-api.pump.fun/coins/king-of-the-hill, skipping remaining retries
2025-06-11 12:33:18,458 - token_scanner - WARNING - All Pump.fun endpoints appear to be in maintenance mode
2025-06-11 12:33:18,458 - token_scanner - INFO - Found 0 tokens from Pump.fun
2025-06-11 12:33:18,458 - token_scanner - INFO - Pump.fun found 0 tokens
2025-06-11 12:33:18,458 - token_scanner - INFO - Scan summary - Total: 16, Unique: 16, Filtered: 5
2025-06-11 12:33:18,458 - utils - INFO - Found 5 tokens to process
2025-06-11 12:33:18,935 - telegram_bot - INFO - Message sent successfully to Telegram
2025-06-11 12:33:21,411 - telegram_bot - INFO - Message sent successfully to Telegram
2025-06-11 12:33:23,899 - telegram_bot - INFO - Message sent successfully to Telegram
2025-06-11 12:33:26,370 - telegram_bot - INFO - Message sent successfully to Telegram
2025-06-11 12:33:28,847 - telegram_bot - INFO - Message sent successfully to Telegram
2025-06-11 12:33:30,847 - utils - INFO - Sent 5 notifications
2025-06-11 12:35:30,869 - utils - INFO - Starting token scan...
2025-06-11 12:35:30,869 - token_scanner - INFO - Starting DexScreener profile scan...
2025-06-11 12:35:30,869 - token_scanner - INFO - Scanning DexScreener token profiles...
2025-06-11 12:35:30,869 - token_scanner - INFO - Fetching DexScreener: https://api.dexscreener.com/token-profiles/latest/v1
2025-06-11 12:35:30,951 - token_scanner - INFO - DexScreener API response type: <class 'list'>, length: 30
2025-06-11 12:35:30,952 - token_scanner - INFO - First item structure: ['url', 'chainId', 'tokenAddress', 'icon', 'header', 'openGraph', 'description', 'links']
2025-06-11 12:35:30,952 - token_scanner - INFO - Processing DexScreener response of type: <class 'list'>
2025-06-11 12:35:30,952 - token_scanner - INFO - Processing 30 items from list response
2025-06-11 12:35:31,264 - token_scanner - INFO - Found real market data for 0x7B414099B11F9558F2787076be232DfAaba7A127
2025-06-11 12:35:31,419 - token_scanner - INFO - Found real market data for 0x4b76312f6db2A4978f050d21b59Fc2Cd6ef5fe32
2025-06-11 12:35:31,892 - token_scanner - INFO - Found real market data for H2Mqhd3zjWpBDWEYJnBAbmkmftCwAu14WsUVXmeiVGAH
2025-06-11 12:35:32,054 - token_scanner - INFO - Found real market data for 0x90e971F3a6Cc9F36b7296dD9C25CbBD955d3c304
2025-06-11 12:35:32,363 - token_scanner - INFO - Found real market data for 4X3PdLSS7H2ntbGoSAP9GYJ2YDmxZGPkQFY6AQmSmori
2025-06-11 12:35:32,535 - token_scanner - INFO - Found real market data for EQB_Ly8TKDQTMbsskFUQ5kiDJow7YBXmc12UGjbx7S4IRQLA
2025-06-11 12:35:32,693 - token_scanner - INFO - Found real market data for 6GZ7RyfexyFhUVfSAXno7jLUCXkr7NQ393to1N52pump
2025-06-11 12:35:32,848 - token_scanner - INFO - Found real market data for CYuv7gvsMZHc7UvHKAitYdVexF9Y4afCkSdPu2eQfBD6
2025-06-11 12:35:33,421 - token_scanner - INFO - Found real market data for 0x62c499BbE6040fE7CB8856a3df6EbF2CDCE8CF82
2025-06-11 12:35:33,521 - token_scanner - ERROR - Error processing DexScreener profiles response: 'pairCreatedAt'
2025-06-11 12:35:33,521 - token_scanner - INFO - Successfully fetched 16 tokens from DexScreener
2025-06-11 12:35:33,521 - token_scanner - INFO - Successfully got 16 tokens from profiles endpoint
2025-06-11 12:35:34,522 - token_scanner - INFO - Found 16 tokens from DexScreener profiles
2025-06-11 12:35:34,522 - token_scanner - INFO - DexScreener found 16 tokens
2025-06-11 12:35:34,522 - token_scanner - INFO - Starting Pump.fun scan...
2025-06-11 12:35:34,522 - token_scanner - INFO - Scanning Pump.fun endpoints...
2025-06-11 12:35:34,522 - token_scanner - INFO - Fetching Pump.fun (attempt 1): https://frontend-api.pump.fun/coins?offset=0&limit=100&sort=created_timestamp&order=DESC
2025-06-11 12:35:34,634 - token_scanner - WARNING - Pump.fun maintenance mode for https://frontend-api.pump.fun/coins?offset=0&limit=100&sort=created_timestamp&order=DESC, skipping remaining retries
2025-06-11 12:35:35,636 - token_scanner - INFO - Fetching Pump.fun (attempt 1): https://frontend-api.pump.fun/coins?offset=0&limit=100&sort=market_cap&order=DESC
2025-06-11 12:35:35,727 - token_scanner - WARNING - Pump.fun maintenance mode for https://frontend-api.pump.fun/coins?offset=0&limit=100&sort=market_cap&order=DESC, skipping remaining retries
2025-06-11 12:35:36,727 - token_scanner - INFO - Fetching Pump.fun (attempt 1): https://frontend-api.pump.fun/coins?offset=0&limit=100&sort=last_trade_timestamp&order=DESC
2025-06-11 12:35:36,812 - token_scanner - WARNING - Pump.fun maintenance mode for https://frontend-api.pump.fun/coins?offset=0&limit=100&sort=last_trade_timestamp&order=DESC, skipping remaining retries
2025-06-11 12:35:37,812 - token_scanner - INFO - Fetching Pump.fun (attempt 1): https://frontend-api.pump.fun/coins/king-of-the-hill
2025-06-11 12:35:37,899 - token_scanner - WARNING - Pump.fun maintenance mode for https://frontend-api.pump.fun/coins/king-of-the-hill, skipping remaining retries
2025-06-11 12:35:38,900 - token_scanner - WARNING - All Pump.fun endpoints appear to be in maintenance mode
2025-06-11 12:35:38,900 - token_scanner - INFO - Found 0 tokens from Pump.fun
2025-06-11 12:35:38,900 - token_scanner - INFO - Pump.fun found 0 tokens
2025-06-11 12:35:38,900 - token_scanner - INFO - Scan summary - Total: 16, Unique: 16, Filtered: 5
2025-06-11 12:35:38,900 - utils - INFO - Found 5 tokens to process
2025-06-11 12:35:39,514 - telegram_bot - INFO - Message sent successfully to Telegram
2025-06-11 12:35:42,002 - telegram_bot - INFO - Message sent successfully to Telegram
2025-06-11 12:35:44,513 - telegram_bot - INFO - Message sent successfully to Telegram
2025-06-11 12:35:47,006 - telegram_bot - INFO - Message sent successfully to Telegram
2025-06-11 12:35:49,487 - telegram_bot - INFO - Message sent successfully to Telegram
2025-06-11 12:35:51,488 - utils - INFO - Sent 5 notifications
2025-06-11 12:37:51,510 - utils - INFO - Starting token scan...
2025-06-11 12:37:51,510 - token_scanner - INFO - Starting DexScreener profile scan...
2025-06-11 12:37:51,511 - token_scanner - INFO - Scanning DexScreener token profiles...
2025-06-11 12:37:51,511 - token_scanner - INFO - Fetching DexScreener: https://api.dexscreener.com/token-profiles/latest/v1
2025-06-11 12:37:51,607 - token_scanner - INFO - DexScreener API response type: <class 'list'>, length: 30
2025-06-11 12:37:51,607 - token_scanner - INFO - First item structure: ['url', 'chainId', 'tokenAddress', 'icon', 'header', 'openGraph', 'links']
2025-06-11 12:37:51,607 - token_scanner - INFO - Processing DexScreener response of type: <class 'list'>
2025-06-11 12:37:51,607 - token_scanner - INFO - Processing 30 items from list response
2025-06-11 12:37:51,682 - token_scanner - INFO - Found real market data for 2ZnUW9R4gxaq7S7Caf8sdZXwgZ2obsrCeJY3mwVFpump
2025-06-11 12:37:52,317 - token_scanner - INFO - Found real market data for 0x7B414099B11F9558F2787076be232DfAaba7A127
2025-06-11 12:37:52,522 - token_scanner - INFO - Found real market data for 0x4b76312f6db2A4978f050d21b59Fc2Cd6ef5fe32
2025-06-11 12:37:52,986 - token_scanner - INFO - Found real market data for H2Mqhd3zjWpBDWEYJnBAbmkmftCwAu14WsUVXmeiVGAH
2025-06-11 12:37:53,147 - token_scanner - INFO - Found real market data for 0x90e971F3a6Cc9F36b7296dD9C25CbBD955d3c304
2025-06-11 12:37:53,485 - token_scanner - INFO - Found real market data for 4X3PdLSS7H2ntbGoSAP9GYJ2YDmxZGPkQFY6AQmSmori
2025-06-11 12:37:53,650 - token_scanner - INFO - Found real market data for EQB_Ly8TKDQTMbsskFUQ5kiDJow7YBXmc12UGjbx7S4IRQLA
2025-06-11 12:37:53,818 - token_scanner - INFO - Found real market data for 6GZ7RyfexyFhUVfSAXno7jLUCXkr7NQ393to1N52pump
2025-06-11 12:37:53,971 - token_scanner - INFO - Found real market data for CYuv7gvsMZHc7UvHKAitYdVexF9Y4afCkSdPu2eQfBD6
2025-06-11 12:37:54,531 - token_scanner - INFO - Found real market data for 0x62c499BbE6040fE7CB8856a3df6EbF2CDCE8CF82
2025-06-11 12:37:54,632 - token_scanner - ERROR - Error processing DexScreener profiles response: 'pairCreatedAt'
2025-06-11 12:37:54,632 - token_scanner - INFO - Successfully fetched 18 tokens from DexScreener
2025-06-11 12:37:54,632 - token_scanner - INFO - Successfully got 18 tokens from profiles endpoint
2025-06-11 12:37:55,632 - token_scanner - INFO - Found 18 tokens from DexScreener profiles
2025-06-11 12:37:55,633 - token_scanner - INFO - DexScreener found 18 tokens
2025-06-11 12:37:55,633 - token_scanner - INFO - Starting Pump.fun scan...
2025-06-11 12:37:55,633 - token_scanner - INFO - Scanning Pump.fun endpoints...
2025-06-11 12:37:55,633 - token_scanner - INFO - Fetching Pump.fun (attempt 1): https://frontend-api.pump.fun/coins?offset=0&limit=100&sort=created_timestamp&order=DESC
2025-06-11 12:37:55,753 - token_scanner - WARNING - Pump.fun maintenance mode for https://frontend-api.pump.fun/coins?offset=0&limit=100&sort=created_timestamp&order=DESC, skipping remaining retries
2025-06-11 12:37:56,753 - token_scanner - INFO - Fetching Pump.fun (attempt 1): https://frontend-api.pump.fun/coins?offset=0&limit=100&sort=market_cap&order=DESC
2025-06-11 12:37:56,834 - token_scanner - WARNING - Pump.fun maintenance mode for https://frontend-api.pump.fun/coins?offset=0&limit=100&sort=market_cap&order=DESC, skipping remaining retries
2025-06-11 12:37:57,834 - token_scanner - INFO - Fetching Pump.fun (attempt 1): https://frontend-api.pump.fun/coins?offset=0&limit=100&sort=last_trade_timestamp&order=DESC
2025-06-11 12:37:57,925 - token_scanner - WARNING - Pump.fun maintenance mode for https://frontend-api.pump.fun/coins?offset=0&limit=100&sort=last_trade_timestamp&order=DESC, skipping remaining retries
2025-06-11 12:37:58,925 - token_scanner - INFO - Fetching Pump.fun (attempt 1): https://frontend-api.pump.fun/coins/king-of-the-hill
2025-06-11 12:37:59,011 - token_scanner - WARNING - Pump.fun maintenance mode for https://frontend-api.pump.fun/coins/king-of-the-hill, skipping remaining retries
2025-06-11 12:38:00,011 - token_scanner - WARNING - All Pump.fun endpoints appear to be in maintenance mode
2025-06-11 12:38:00,012 - token_scanner - INFO - Found 0 tokens from Pump.fun
2025-06-11 12:38:00,012 - token_scanner - INFO - Pump.fun found 0 tokens
2025-06-11 12:38:00,012 - token_scanner - INFO - Scan summary - Total: 18, Unique: 18, Filtered: 5
2025-06-11 12:38:00,012 - utils - INFO - Found 5 tokens to process
2025-06-11 12:38:00,487 - telegram_bot - INFO - Message sent successfully to Telegram
2025-06-11 12:38:02,980 - telegram_bot - INFO - Message sent successfully to Telegram
2025-06-11 12:38:05,452 - telegram_bot - INFO - Message sent successfully to Telegram
2025-06-11 12:38:07,927 - telegram_bot - INFO - Message sent successfully to Telegram
2025-06-11 12:38:10,405 - telegram_bot - INFO - Message sent successfully to Telegram
2025-06-11 12:38:12,406 - utils - INFO - Sent 5 notifications
2025-06-11 12:39:39,586 - utils - INFO - Received shutdown signal, stopping bot...
2025-06-11 12:39:40,430 - utils - INFO - Bot stopped
