2025-06-11 12:48:09,915 - utils - INFO - Logging initialized. Log file: logs/bot_20250611_124809.log
2025-06-11 12:48:09,916 - utils - INFO - Starting Pump.fun Token Scanner Bot...
2025-06-11 12:48:09,916 - utils - INFO - Configuration: {'min_market_cap': 10000, 'max_market_cap': 1000000, 'min_age_seconds': 5, 'max_age_seconds': 604800, 'min_liquidity': 500, 'scan_interval_minutes': 2, 'max_tokens_per_scan': 50, 'duplicate_check_hours': 6, 'max_retries': 3, 'request_timeout': 30, 'rate_limit_delay': 1.0}
2025-06-11 12:48:09,916 - utils - INFO - Running initial scan...
2025-06-11 12:48:09,916 - utils - INFO - Starting token scan...
2025-06-11 12:48:09,916 - token_scanner - INFO - Starting DexScreener profile scan...
2025-06-11 12:48:09,917 - token_scanner - INFO - Scanning DexScreener token profiles...
2025-06-11 12:48:09,917 - token_scanner - INFO - Fetching DexScreener: https://api.dexscreener.com/token-profiles/latest/v1
2025-06-11 12:48:10,003 - token_scanner - INFO - DexScreener API response type: <class 'list'>, length: 30
2025-06-11 12:48:10,003 - token_scanner - INFO - First item structure: ['url', 'chainId', 'tokenAddress', 'icon', 'header', 'openGraph', 'links']
2025-06-11 12:48:10,003 - token_scanner - INFO - Processing DexScreener response of type: <class 'list'>
2025-06-11 12:48:10,003 - token_scanner - INFO - Processing 30 items from list response
2025-06-11 12:48:10,053 - token_scanner - INFO - Found real market data for 5JRf4kdUt8rhES2XCBEygga4NDeRrv8bDUfzMBkgpump
2025-06-11 12:48:10,529 - token_scanner - INFO - Found real market data for 2ZnUW9R4gxaq7S7Caf8sdZXwgZ2obsrCeJY3mwVFpump
2025-06-11 12:48:11,070 - token_scanner - INFO - Found real market data for 0x7B414099B11F9558F2787076be232DfAaba7A127
2025-06-11 12:48:11,220 - token_scanner - INFO - Found real market data for 0x4b76312f6db2A4978f050d21b59Fc2Cd6ef5fe32
2025-06-11 12:48:11,687 - token_scanner - INFO - Found real market data for H2Mqhd3zjWpBDWEYJnBAbmkmftCwAu14WsUVXmeiVGAH
2025-06-11 12:48:12,035 - token_scanner - INFO - Found real market data for 0x90e971F3a6Cc9F36b7296dD9C25CbBD955d3c304
2025-06-11 12:48:12,179 - token_scanner - INFO - Found real market data for EgixdvE18LuQS5RxkgBwG7JRULv3Cb4k4g3cHu1Cpump
2025-06-11 12:48:12,330 - token_scanner - INFO - Found real market data for 4X3PdLSS7H2ntbGoSAP9GYJ2YDmxZGPkQFY6AQmSmori
2025-06-11 12:48:12,493 - token_scanner - INFO - Found real market data for EQB_Ly8TKDQTMbsskFUQ5kiDJow7YBXmc12UGjbx7S4IRQLA
2025-06-11 12:48:12,653 - token_scanner - INFO - Found real market data for 6GZ7RyfexyFhUVfSAXno7jLUCXkr7NQ393to1N52pump
2025-06-11 12:48:12,800 - token_scanner - INFO - Found real market data for CYuv7gvsMZHc7UvHKAitYdVexF9Y4afCkSdPu2eQfBD6
2025-06-11 12:48:13,393 - token_scanner - INFO - Found real market data for 0x62c499BbE6040fE7CB8856a3df6EbF2CDCE8CF82
2025-06-11 12:48:13,494 - token_scanner - ERROR - Error processing DexScreener profiles response: 'pairCreatedAt'
2025-06-11 12:48:13,494 - token_scanner - INFO - Successfully fetched 21 tokens from DexScreener
2025-06-11 12:48:13,494 - token_scanner - INFO - Successfully got 21 tokens from profiles endpoint
2025-06-11 12:48:14,494 - token_scanner - INFO - Found 21 tokens from DexScreener profiles
2025-06-11 12:48:14,495 - token_scanner - INFO - DexScreener found 21 tokens
2025-06-11 12:48:14,495 - token_scanner - INFO - Starting Pump.fun scan...
2025-06-11 12:48:14,495 - token_scanner - INFO - Scanning Pump.fun endpoints...
2025-06-11 12:48:14,495 - token_scanner - INFO - Fetching Pump.fun (attempt 1): https://frontend-api.pump.fun/coins?offset=0&limit=100&sort=created_timestamp&order=DESC
2025-06-11 12:48:14,615 - token_scanner - WARNING - Pump.fun maintenance mode for https://frontend-api.pump.fun/coins?offset=0&limit=100&sort=created_timestamp&order=DESC, skipping remaining retries
2025-06-11 12:48:15,616 - token_scanner - INFO - Fetching Pump.fun (attempt 1): https://frontend-api.pump.fun/coins?offset=0&limit=100&sort=market_cap&order=DESC
2025-06-11 12:48:15,696 - token_scanner - WARNING - Pump.fun maintenance mode for https://frontend-api.pump.fun/coins?offset=0&limit=100&sort=market_cap&order=DESC, skipping remaining retries
2025-06-11 12:48:16,696 - token_scanner - INFO - Fetching Pump.fun (attempt 1): https://frontend-api.pump.fun/coins?offset=0&limit=100&sort=last_trade_timestamp&order=DESC
2025-06-11 12:48:16,784 - token_scanner - WARNING - Pump.fun maintenance mode for https://frontend-api.pump.fun/coins?offset=0&limit=100&sort=last_trade_timestamp&order=DESC, skipping remaining retries
2025-06-11 12:48:17,784 - token_scanner - INFO - Fetching Pump.fun (attempt 1): https://frontend-api.pump.fun/coins/king-of-the-hill
2025-06-11 12:48:17,870 - token_scanner - WARNING - Pump.fun maintenance mode for https://frontend-api.pump.fun/coins/king-of-the-hill, skipping remaining retries
2025-06-11 12:48:18,871 - token_scanner - WARNING - All Pump.fun endpoints appear to be in maintenance mode
2025-06-11 12:48:18,871 - token_scanner - INFO - Found 0 tokens from Pump.fun
2025-06-11 12:48:18,871 - token_scanner - INFO - Pump.fun found 0 tokens
2025-06-11 12:48:18,872 - token_scanner - INFO - Scan summary - Total: 21, Unique: 21, Filtered: 5
2025-06-11 12:48:18,872 - utils - INFO - Found 5 tokens to process
2025-06-11 12:48:19,370 - telegram_bot - INFO - Message sent successfully to Telegram
2025-06-11 12:48:21,972 - telegram_bot - INFO - Message sent successfully to Telegram
2025-06-11 12:48:24,444 - telegram_bot - INFO - Message sent successfully to Telegram
2025-06-11 12:48:26,920 - telegram_bot - INFO - Message sent successfully to Telegram
2025-06-11 12:48:29,410 - telegram_bot - INFO - Message sent successfully to Telegram
2025-06-11 12:48:31,410 - utils - INFO - Sent 5 notifications
2025-06-11 12:48:31,412 - utils - INFO - Starting scheduler thread...
2025-06-11 12:48:31,412 - utils - INFO - Bot started. Scanning every 2 minutes...
2025-06-11 12:50:10,425 - utils - INFO - Starting token scan...
2025-06-11 12:50:10,425 - token_scanner - INFO - Starting DexScreener profile scan...
2025-06-11 12:50:10,425 - token_scanner - INFO - Scanning DexScreener token profiles...
2025-06-11 12:50:10,425 - token_scanner - INFO - Fetching DexScreener: https://api.dexscreener.com/token-profiles/latest/v1
2025-06-11 12:50:10,494 - token_scanner - INFO - DexScreener API response type: <class 'list'>, length: 30
2025-06-11 12:50:10,494 - token_scanner - INFO - First item structure: ['url', 'chainId', 'tokenAddress', 'icon', 'header', 'openGraph', 'description', 'links']
2025-06-11 12:50:10,494 - token_scanner - INFO - Processing DexScreener response of type: <class 'list'>
2025-06-11 12:50:10,494 - token_scanner - INFO - Processing 30 items from list response
2025-06-11 12:50:10,669 - token_scanner - INFO - Found real market data for 5JRf4kdUt8rhES2XCBEygga4NDeRrv8bDUfzMBkgpump
2025-06-11 12:50:11,148 - token_scanner - INFO - Found real market data for 2ZnUW9R4gxaq7S7Caf8sdZXwgZ2obsrCeJY3mwVFpump
2025-06-11 12:50:11,767 - token_scanner - INFO - Found real market data for 0x7B414099B11F9558F2787076be232DfAaba7A127
2025-06-11 12:50:11,933 - token_scanner - INFO - Found real market data for 0x4b76312f6db2A4978f050d21b59Fc2Cd6ef5fe32
2025-06-11 12:50:12,418 - token_scanner - INFO - Found real market data for H2Mqhd3zjWpBDWEYJnBAbmkmftCwAu14WsUVXmeiVGAH
2025-06-11 12:50:12,567 - token_scanner - INFO - Found real market data for 0x90e971F3a6Cc9F36b7296dD9C25CbBD955d3c304
2025-06-11 12:50:12,718 - token_scanner - INFO - Found real market data for EgixdvE18LuQS5RxkgBwG7JRULv3Cb4k4g3cHu1Cpump
2025-06-11 12:50:12,899 - token_scanner - INFO - Found real market data for 4X3PdLSS7H2ntbGoSAP9GYJ2YDmxZGPkQFY6AQmSmori
2025-06-11 12:50:13,058 - token_scanner - INFO - Found real market data for EQB_Ly8TKDQTMbsskFUQ5kiDJow7YBXmc12UGjbx7S4IRQLA
2025-06-11 12:50:13,255 - token_scanner - INFO - Found real market data for 6GZ7RyfexyFhUVfSAXno7jLUCXkr7NQ393to1N52pump
2025-06-11 12:50:13,440 - token_scanner - INFO - Found real market data for CYuv7gvsMZHc7UvHKAitYdVexF9Y4afCkSdPu2eQfBD6
2025-06-11 12:50:14,042 - token_scanner - INFO - Found real market data for 0x62c499BbE6040fE7CB8856a3df6EbF2CDCE8CF82
2025-06-11 12:50:14,143 - token_scanner - ERROR - Error processing DexScreener profiles response: 'pairCreatedAt'
2025-06-11 12:50:14,143 - token_scanner - INFO - Successfully fetched 22 tokens from DexScreener
2025-06-11 12:50:14,143 - token_scanner - INFO - Successfully got 22 tokens from profiles endpoint
2025-06-11 12:50:15,143 - token_scanner - INFO - Found 22 tokens from DexScreener profiles
2025-06-11 12:50:15,144 - token_scanner - INFO - DexScreener found 22 tokens
2025-06-11 12:50:15,144 - token_scanner - INFO - Starting Pump.fun scan...
2025-06-11 12:50:15,144 - token_scanner - INFO - Scanning Pump.fun endpoints...
2025-06-11 12:50:15,144 - token_scanner - INFO - Fetching Pump.fun (attempt 1): https://frontend-api.pump.fun/coins?offset=0&limit=100&sort=created_timestamp&order=DESC
2025-06-11 12:50:15,301 - token_scanner - WARNING - Pump.fun maintenance mode for https://frontend-api.pump.fun/coins?offset=0&limit=100&sort=created_timestamp&order=DESC, skipping remaining retries
2025-06-11 12:50:16,301 - token_scanner - INFO - Fetching Pump.fun (attempt 1): https://frontend-api.pump.fun/coins?offset=0&limit=100&sort=market_cap&order=DESC
2025-06-11 12:50:16,388 - token_scanner - WARNING - Pump.fun maintenance mode for https://frontend-api.pump.fun/coins?offset=0&limit=100&sort=market_cap&order=DESC, skipping remaining retries
2025-06-11 12:50:17,388 - token_scanner - INFO - Fetching Pump.fun (attempt 1): https://frontend-api.pump.fun/coins?offset=0&limit=100&sort=last_trade_timestamp&order=DESC
2025-06-11 12:50:17,472 - token_scanner - WARNING - Pump.fun maintenance mode for https://frontend-api.pump.fun/coins?offset=0&limit=100&sort=last_trade_timestamp&order=DESC, skipping remaining retries
2025-06-11 12:50:18,472 - token_scanner - INFO - Fetching Pump.fun (attempt 1): https://frontend-api.pump.fun/coins/king-of-the-hill
2025-06-11 12:50:18,555 - token_scanner - WARNING - Pump.fun maintenance mode for https://frontend-api.pump.fun/coins/king-of-the-hill, skipping remaining retries
2025-06-11 12:50:19,555 - token_scanner - WARNING - All Pump.fun endpoints appear to be in maintenance mode
2025-06-11 12:50:19,556 - token_scanner - INFO - Found 0 tokens from Pump.fun
2025-06-11 12:50:19,556 - token_scanner - INFO - Pump.fun found 0 tokens
2025-06-11 12:50:19,556 - token_scanner - INFO - Scan summary - Total: 22, Unique: 22, Filtered: 6
2025-06-11 12:50:19,556 - utils - INFO - Found 6 tokens to process
2025-06-11 12:50:20,039 - telegram_bot - INFO - Message sent successfully to Telegram
2025-06-11 12:50:22,509 - telegram_bot - INFO - Message sent successfully to Telegram
2025-06-11 12:50:24,994 - telegram_bot - INFO - Message sent successfully to Telegram
2025-06-11 12:50:27,477 - telegram_bot - INFO - Message sent successfully to Telegram
2025-06-11 12:50:29,954 - telegram_bot - INFO - Message sent successfully to Telegram
2025-06-11 12:50:32,454 - telegram_bot - INFO - Message sent successfully to Telegram
2025-06-11 12:50:34,454 - utils - INFO - Sent 6 notifications
2025-06-11 12:51:27,998 - utils - INFO - Received shutdown signal, stopping bot...
2025-06-11 12:51:28,006 - utils - INFO - Received shutdown signal, stopping bot...
2025-06-11 12:51:28,462 - utils - INFO - Bot stopped
