2025-06-09 15:08:32,579 - utils - INFO - Logging initialized. Log file: logs/bot_20250609_150832.log
2025-06-09 15:08:32,579 - utils - INFO - Starting Pump.fun Token Scanner Bot...
2025-06-09 15:08:32,579 - utils - INFO - Configuration: {'min_market_cap': 10000, 'max_market_cap': 1000000, 'min_age_seconds': 1, 'max_age_seconds': 86400, 'min_liquidity': 500, 'scan_interval_minutes': 3, 'max_tokens_per_scan': 50, 'duplicate_check_hours': 6, 'max_retries': 3, 'request_timeout': 30, 'rate_limit_delay': 1.0}
2025-06-09 15:08:32,579 - utils - INFO - Running initial scan...
2025-06-09 15:08:32,579 - utils - INFO - Starting token scan...
2025-06-09 15:08:32,580 - token_scanner - INFO - Scanning Pump.fun endpoints...
2025-06-09 15:08:32,580 - token_scanner - INFO - Fetching Pump.fun (attempt 1): https://frontend-api.pump.fun/coins?offset=0&limit=100&sort=created_timestamp&order=DESC
2025-06-09 15:08:32,743 - token_scanner - WARNING - Pump.fun maintenance mode for https://frontend-api.pump.fun/coins?offset=0&limit=100&sort=created_timestamp&order=DESC, retrying in 10 seconds...
2025-06-09 15:08:42,743 - token_scanner - INFO - Fetching Pump.fun (attempt 2): https://frontend-api.pump.fun/coins?offset=0&limit=100&sort=created_timestamp&order=DESC
2025-06-09 15:08:42,833 - token_scanner - WARNING - Pump.fun maintenance mode for https://frontend-api.pump.fun/coins?offset=0&limit=100&sort=created_timestamp&order=DESC, retrying in 20 seconds...
2025-06-09 15:09:02,833 - token_scanner - INFO - Fetching Pump.fun (attempt 3): https://frontend-api.pump.fun/coins?offset=0&limit=100&sort=created_timestamp&order=DESC
2025-06-09 15:09:02,939 - token_scanner - WARNING - Pump.fun maintenance mode for https://frontend-api.pump.fun/coins?offset=0&limit=100&sort=created_timestamp&order=DESC, retrying in 30 seconds...
2025-06-09 15:09:03,940 - token_scanner - INFO - Fetching Pump.fun (attempt 1): https://frontend-api.pump.fun/coins?offset=0&limit=100&sort=market_cap&order=DESC
2025-06-09 15:09:04,032 - token_scanner - WARNING - Pump.fun maintenance mode for https://frontend-api.pump.fun/coins?offset=0&limit=100&sort=market_cap&order=DESC, retrying in 10 seconds...
2025-06-09 15:09:14,034 - token_scanner - INFO - Fetching Pump.fun (attempt 2): https://frontend-api.pump.fun/coins?offset=0&limit=100&sort=market_cap&order=DESC
2025-06-09 15:09:14,132 - token_scanner - WARNING - Pump.fun maintenance mode for https://frontend-api.pump.fun/coins?offset=0&limit=100&sort=market_cap&order=DESC, retrying in 20 seconds...
2025-06-09 15:09:34,133 - token_scanner - INFO - Fetching Pump.fun (attempt 3): https://frontend-api.pump.fun/coins?offset=0&limit=100&sort=market_cap&order=DESC
2025-06-09 15:09:34,238 - token_scanner - WARNING - Pump.fun maintenance mode for https://frontend-api.pump.fun/coins?offset=0&limit=100&sort=market_cap&order=DESC, retrying in 30 seconds...
2025-06-09 15:09:35,239 - token_scanner - INFO - Fetching Pump.fun (attempt 1): https://frontend-api.pump.fun/coins?offset=0&limit=100&sort=last_trade_timestamp&order=DESC
2025-06-09 15:09:35,340 - token_scanner - WARNING - Pump.fun maintenance mode for https://frontend-api.pump.fun/coins?offset=0&limit=100&sort=last_trade_timestamp&order=DESC, retrying in 10 seconds...
2025-06-09 15:09:45,341 - token_scanner - INFO - Fetching Pump.fun (attempt 2): https://frontend-api.pump.fun/coins?offset=0&limit=100&sort=last_trade_timestamp&order=DESC
2025-06-09 15:09:45,439 - token_scanner - WARNING - Pump.fun maintenance mode for https://frontend-api.pump.fun/coins?offset=0&limit=100&sort=last_trade_timestamp&order=DESC, retrying in 20 seconds...
2025-06-09 15:10:05,440 - token_scanner - INFO - Fetching Pump.fun (attempt 3): https://frontend-api.pump.fun/coins?offset=0&limit=100&sort=last_trade_timestamp&order=DESC
2025-06-09 15:10:05,544 - token_scanner - WARNING - Pump.fun maintenance mode for https://frontend-api.pump.fun/coins?offset=0&limit=100&sort=last_trade_timestamp&order=DESC, retrying in 30 seconds...
2025-06-09 15:10:06,544 - token_scanner - INFO - Fetching Pump.fun (attempt 1): https://frontend-api.pump.fun/coins/king-of-the-hill
2025-06-09 15:10:06,629 - token_scanner - WARNING - Pump.fun maintenance mode for https://frontend-api.pump.fun/coins/king-of-the-hill, retrying in 10 seconds...
2025-06-09 15:10:16,629 - token_scanner - INFO - Fetching Pump.fun (attempt 2): https://frontend-api.pump.fun/coins/king-of-the-hill
2025-06-09 15:10:16,721 - token_scanner - WARNING - Pump.fun maintenance mode for https://frontend-api.pump.fun/coins/king-of-the-hill, retrying in 20 seconds...
2025-06-09 15:10:36,722 - token_scanner - INFO - Fetching Pump.fun (attempt 3): https://frontend-api.pump.fun/coins/king-of-the-hill
2025-06-09 15:10:36,829 - token_scanner - WARNING - Pump.fun maintenance mode for https://frontend-api.pump.fun/coins/king-of-the-hill, retrying in 30 seconds...
2025-06-09 15:10:37,829 - token_scanner - INFO - Found 0 tokens from Pump.fun
2025-06-09 15:10:37,829 - token_scanner - INFO - Scanning DexScreener endpoints...
2025-06-09 15:10:37,829 - token_scanner - INFO - Fetching DexScreener: https://api.dexscreener.com/latest/dex/search/?q=pump.fun
2025-06-09 15:10:37,944 - token_scanner - INFO - Successfully fetched 0 tokens from DexScreener
2025-06-09 15:10:38,944 - token_scanner - INFO - Fetching DexScreener: https://api.dexscreener.com/latest/dex/tokens/trending
2025-06-09 15:10:39,023 - token_scanner - INFO - Successfully fetched 0 tokens from DexScreener
2025-06-09 15:10:40,024 - token_scanner - INFO - Fetching DexScreener: https://api.dexscreener.com/orders/v1/solana
2025-06-09 15:10:40,073 - token_scanner - ERROR - DexScreener API error 404 for https://api.dexscreener.com/orders/v1/solana
2025-06-09 15:10:41,074 - token_scanner - INFO - Fetching DexScreener: https://api.dexscreener.com/latest/dex/pairs/solana
2025-06-09 15:10:41,129 - token_scanner - ERROR - DexScreener API error 404 for https://api.dexscreener.com/latest/dex/pairs/solana
2025-06-09 15:10:42,129 - token_scanner - INFO - Fetching DexScreener: https://api.dexscreener.com/orders/v1/ethereum
2025-06-09 15:10:42,223 - token_scanner - ERROR - DexScreener API error 404 for https://api.dexscreener.com/orders/v1/ethereum
2025-06-09 15:10:43,224 - token_scanner - INFO - Fetching DexScreener: https://api.dexscreener.com/orders/v1/bsc
2025-06-09 15:10:43,307 - token_scanner - ERROR - DexScreener API error 404 for https://api.dexscreener.com/orders/v1/bsc
2025-06-09 15:10:44,308 - token_scanner - INFO - Fetching DexScreener: https://api.dexscreener.com/orders/v1/polygon
2025-06-09 15:10:44,429 - token_scanner - ERROR - DexScreener API error 404 for https://api.dexscreener.com/orders/v1/polygon
2025-06-09 15:10:45,429 - token_scanner - INFO - Fetching DexScreener: https://api.dexscreener.com/orders/v1/arbitrum
2025-06-09 15:10:45,529 - token_scanner - ERROR - DexScreener API error 404 for https://api.dexscreener.com/orders/v1/arbitrum
2025-06-09 15:10:46,530 - token_scanner - INFO - Fetching DexScreener: https://api.dexscreener.com/orders/v1/base
2025-06-09 15:10:46,720 - token_scanner - ERROR - DexScreener API error 404 for https://api.dexscreener.com/orders/v1/base
2025-06-09 15:10:47,721 - token_scanner - INFO - Found 0 tokens from DexScreener
2025-06-09 15:10:47,721 - token_scanner - INFO - Scanning fallback endpoints...
2025-06-09 15:10:50,319 - utils - INFO - Received shutdown signal, stopping bot...
2025-06-09 15:10:50,320 - utils - INFO - Bot stopped
