2025-06-11 11:51:14,264 - utils - INFO - Logging initialized. Log file: logs/bot_20250611_115114.log
2025-06-11 11:51:14,266 - utils - INFO - Starting Pump.fun Token Scanner Bot...
2025-06-11 11:51:14,267 - utils - INFO - Configuration: {'min_market_cap': 10000, 'max_market_cap': 1000000, 'min_age_seconds': 5, 'max_age_seconds': 604800, 'min_liquidity': 500, 'scan_interval_minutes': 1, 'max_tokens_per_scan': 50, 'duplicate_check_hours': 6, 'max_retries': 3, 'request_timeout': 30, 'rate_limit_delay': 1.0}
2025-06-11 11:51:14,267 - utils - INFO - Running initial scan...
2025-06-11 11:51:14,267 - utils - INFO - Starting token scan...
2025-06-11 11:51:14,267 - token_scanner - INFO - Starting DexScreener profile scan...
2025-06-11 11:51:14,267 - token_scanner - INFO - Scanning DexScreener token profiles...
2025-06-11 11:51:14,267 - token_scanner - INFO - Fetching DexScreener: https://api.dexscreener.com/token-profiles/latest/v1
2025-06-11 11:51:14,362 - token_scanner - INFO - Successfully fetched 0 tokens from DexScreener
2025-06-11 11:51:15,362 - token_scanner - INFO - Found 0 tokens from DexScreener profiles
2025-06-11 11:51:15,363 - token_scanner - INFO - DexScreener found 0 tokens
2025-06-11 11:51:15,363 - token_scanner - INFO - Scan summary - Total: 0, Unique: 0, Filtered: 0
2025-06-11 11:51:15,363 - utils - INFO - No tokens found
2025-06-11 11:51:15,363 - utils - INFO - Starting scheduler thread...
2025-06-11 11:51:15,364 - utils - INFO - Bot started. Scanning every 1 minutes...
2025-06-11 11:52:14,371 - utils - INFO - Starting token scan...
2025-06-11 11:52:14,371 - token_scanner - INFO - Starting DexScreener profile scan...
2025-06-11 11:52:14,371 - token_scanner - INFO - Scanning DexScreener token profiles...
2025-06-11 11:52:14,371 - token_scanner - INFO - Fetching DexScreener: https://api.dexscreener.com/token-profiles/latest/v1
2025-06-11 11:52:14,492 - token_scanner - INFO - Successfully fetched 0 tokens from DexScreener
2025-06-11 11:52:15,493 - token_scanner - INFO - Found 0 tokens from DexScreener profiles
2025-06-11 11:52:15,493 - token_scanner - INFO - DexScreener found 0 tokens
2025-06-11 11:52:15,493 - token_scanner - INFO - Scan summary - Total: 0, Unique: 0, Filtered: 0
2025-06-11 11:52:15,493 - utils - INFO - No tokens found
2025-06-11 11:53:15,502 - utils - INFO - Starting token scan...
2025-06-11 11:53:15,502 - token_scanner - INFO - Starting DexScreener profile scan...
2025-06-11 11:53:15,502 - token_scanner - INFO - Scanning DexScreener token profiles...
2025-06-11 11:53:15,503 - token_scanner - INFO - Fetching DexScreener: https://api.dexscreener.com/token-profiles/latest/v1
2025-06-11 11:53:15,585 - token_scanner - INFO - Successfully fetched 0 tokens from DexScreener
2025-06-11 11:53:16,587 - token_scanner - INFO - Found 0 tokens from DexScreener profiles
2025-06-11 11:53:16,587 - token_scanner - INFO - DexScreener found 0 tokens
2025-06-11 11:53:16,587 - token_scanner - INFO - Scan summary - Total: 0, Unique: 0, Filtered: 0
2025-06-11 11:53:16,588 - utils - INFO - No tokens found
2025-06-11 11:54:16,597 - utils - INFO - Starting token scan...
2025-06-11 11:54:16,597 - token_scanner - INFO - Starting DexScreener profile scan...
2025-06-11 11:54:16,597 - token_scanner - INFO - Scanning DexScreener token profiles...
2025-06-11 11:54:16,597 - token_scanner - INFO - Fetching DexScreener: https://api.dexscreener.com/token-profiles/latest/v1
2025-06-11 11:54:16,673 - token_scanner - INFO - Successfully fetched 0 tokens from DexScreener
2025-06-11 11:54:17,674 - token_scanner - INFO - Found 0 tokens from DexScreener profiles
2025-06-11 11:54:17,674 - token_scanner - INFO - DexScreener found 0 tokens
2025-06-11 11:54:17,674 - token_scanner - INFO - Scan summary - Total: 0, Unique: 0, Filtered: 0
2025-06-11 11:54:17,674 - utils - INFO - No tokens found
2025-06-11 11:55:17,693 - utils - INFO - Starting token scan...
2025-06-11 11:55:17,694 - token_scanner - INFO - Starting DexScreener profile scan...
2025-06-11 11:55:17,694 - token_scanner - INFO - Scanning DexScreener token profiles...
2025-06-11 11:55:17,694 - token_scanner - INFO - Fetching DexScreener: https://api.dexscreener.com/token-profiles/latest/v1
2025-06-11 11:55:17,821 - token_scanner - INFO - Successfully fetched 0 tokens from DexScreener
2025-06-11 11:55:18,821 - token_scanner - INFO - Found 0 tokens from DexScreener profiles
2025-06-11 11:55:18,821 - token_scanner - INFO - DexScreener found 0 tokens
2025-06-11 11:55:18,822 - token_scanner - INFO - Scan summary - Total: 0, Unique: 0, Filtered: 0
2025-06-11 11:55:18,822 - utils - INFO - No tokens found
2025-06-11 11:56:18,836 - utils - INFO - Starting token scan...
2025-06-11 11:56:18,836 - token_scanner - INFO - Starting DexScreener profile scan...
2025-06-11 11:56:18,836 - token_scanner - INFO - Scanning DexScreener token profiles...
2025-06-11 11:56:18,836 - token_scanner - INFO - Fetching DexScreener: https://api.dexscreener.com/token-profiles/latest/v1
2025-06-11 11:56:18,898 - token_scanner - INFO - Successfully fetched 0 tokens from DexScreener
2025-06-11 11:56:19,898 - token_scanner - INFO - Found 0 tokens from DexScreener profiles
2025-06-11 11:56:19,898 - token_scanner - INFO - DexScreener found 0 tokens
2025-06-11 11:56:19,899 - token_scanner - INFO - Scan summary - Total: 0, Unique: 0, Filtered: 0
2025-06-11 11:56:19,899 - utils - INFO - No tokens found
2025-06-11 11:57:19,914 - utils - INFO - Starting token scan...
2025-06-11 11:57:19,914 - token_scanner - INFO - Starting DexScreener profile scan...
2025-06-11 11:57:19,914 - token_scanner - INFO - Scanning DexScreener token profiles...
2025-06-11 11:57:19,914 - token_scanner - INFO - Fetching DexScreener: https://api.dexscreener.com/token-profiles/latest/v1
2025-06-11 11:57:19,974 - token_scanner - INFO - Successfully fetched 0 tokens from DexScreener
2025-06-11 11:57:20,974 - token_scanner - INFO - Found 0 tokens from DexScreener profiles
2025-06-11 11:57:20,974 - token_scanner - INFO - DexScreener found 0 tokens
2025-06-11 11:57:20,975 - token_scanner - INFO - Scan summary - Total: 0, Unique: 0, Filtered: 0
2025-06-11 11:57:20,975 - utils - INFO - No tokens found
2025-06-11 11:58:20,987 - utils - INFO - Starting token scan...
2025-06-11 11:58:20,987 - token_scanner - INFO - Starting DexScreener profile scan...
2025-06-11 11:58:20,988 - token_scanner - INFO - Scanning DexScreener token profiles...
2025-06-11 11:58:20,988 - token_scanner - INFO - Fetching DexScreener: https://api.dexscreener.com/token-profiles/latest/v1
2025-06-11 11:58:21,064 - token_scanner - INFO - Successfully fetched 0 tokens from DexScreener
2025-06-11 11:58:22,064 - token_scanner - INFO - Found 0 tokens from DexScreener profiles
2025-06-11 11:58:22,064 - token_scanner - INFO - DexScreener found 0 tokens
2025-06-11 11:58:22,065 - token_scanner - INFO - Scan summary - Total: 0, Unique: 0, Filtered: 0
2025-06-11 11:58:22,065 - utils - INFO - No tokens found
2025-06-11 11:59:22,072 - utils - INFO - Starting token scan...
2025-06-11 11:59:22,072 - token_scanner - INFO - Starting DexScreener profile scan...
2025-06-11 11:59:22,072 - token_scanner - INFO - Scanning DexScreener token profiles...
2025-06-11 11:59:22,073 - token_scanner - INFO - Fetching DexScreener: https://api.dexscreener.com/token-profiles/latest/v1
2025-06-11 11:59:22,149 - token_scanner - INFO - Successfully fetched 0 tokens from DexScreener
2025-06-11 11:59:23,150 - token_scanner - INFO - Found 0 tokens from DexScreener profiles
2025-06-11 11:59:23,150 - token_scanner - INFO - DexScreener found 0 tokens
2025-06-11 11:59:23,150 - token_scanner - INFO - Scan summary - Total: 0, Unique: 0, Filtered: 0
2025-06-11 11:59:23,150 - utils - INFO - No tokens found
2025-06-11 11:59:33,899 - utils - INFO - Received shutdown signal, stopping bot...
2025-06-11 11:59:34,152 - utils - INFO - Bot stopped
