2025-06-09 15:10:51,770 - utils - INFO - Logging initialized. Log file: logs/bot_20250609_151051.log
2025-06-09 15:10:51,771 - utils - INFO - Starting Pump.fun Token Scanner Bot...
2025-06-09 15:10:51,771 - utils - INFO - Configuration: {'min_market_cap': 10000, 'max_market_cap': 1000000, 'min_age_seconds': 1, 'max_age_seconds': 86400, 'min_liquidity': 500, 'scan_interval_minutes': 3, 'max_tokens_per_scan': 50, 'duplicate_check_hours': 6, 'max_retries': 3, 'request_timeout': 30, 'rate_limit_delay': 1.0}
2025-06-09 15:10:51,771 - utils - INFO - Running initial scan...
2025-06-09 15:10:51,771 - utils - INFO - Starting token scan...
2025-06-09 15:10:51,771 - token_scanner - INFO - Starting comprehensive token scan...
2025-06-09 15:10:51,771 - token_scanner - INFO - Scanning DexScreener endpoints...
2025-06-09 15:10:51,772 - token_scanner - INFO - Fetching DexScreener: https://api.dexscreener.com/latest/dex/search/?q=pump.fun
2025-06-09 15:10:51,854 - token_scanner - INFO - Successfully fetched 0 tokens from DexScreener
2025-06-09 15:10:52,854 - token_scanner - INFO - Fetching DexScreener: https://api.dexscreener.com/latest/dex/search/?q=solana
2025-06-09 15:10:52,919 - token_scanner - INFO - Successfully fetched 0 tokens from DexScreener
2025-06-09 15:10:53,920 - token_scanner - INFO - Fetching DexScreener: https://api.dexscreener.com/latest/dex/pairs/solana
2025-06-09 15:10:53,979 - token_scanner - ERROR - DexScreener API error 404 for https://api.dexscreener.com/latest/dex/pairs/solana
2025-06-09 15:10:54,979 - token_scanner - INFO - Fetching DexScreener: https://api.dexscreener.com/latest/dex/tokens/trending
2025-06-09 15:10:55,013 - token_scanner - INFO - Successfully fetched 0 tokens from DexScreener
2025-06-09 15:10:56,014 - token_scanner - INFO - Fetching DexScreener: https://api.dexscreener.com/orders/v1/solana
2025-06-09 15:10:56,064 - token_scanner - ERROR - DexScreener API error 404 for https://api.dexscreener.com/orders/v1/solana
2025-06-09 15:10:57,065 - token_scanner - INFO - Fetching DexScreener: https://api.dexscreener.com/orders/v1/ethereum
2025-06-09 15:10:57,120 - token_scanner - ERROR - DexScreener API error 404 for https://api.dexscreener.com/orders/v1/ethereum
2025-06-09 15:10:58,121 - token_scanner - INFO - Fetching DexScreener: https://api.dexscreener.com/orders/v1/bsc
2025-06-09 15:10:58,150 - token_scanner - ERROR - DexScreener API error 404 for https://api.dexscreener.com/orders/v1/bsc
2025-06-09 15:10:59,152 - token_scanner - INFO - Fetching DexScreener: https://api.dexscreener.com/orders/v1/polygon
2025-06-09 15:10:59,192 - token_scanner - ERROR - DexScreener API error 404 for https://api.dexscreener.com/orders/v1/polygon
2025-06-09 15:11:00,192 - token_scanner - INFO - Fetching DexScreener: https://api.dexscreener.com/orders/v1/arbitrum
2025-06-09 15:11:00,227 - token_scanner - ERROR - DexScreener API error 404 for https://api.dexscreener.com/orders/v1/arbitrum
2025-06-09 15:11:01,228 - token_scanner - INFO - Fetching DexScreener: https://api.dexscreener.com/orders/v1/base
2025-06-09 15:11:01,272 - token_scanner - ERROR - DexScreener API error 404 for https://api.dexscreener.com/orders/v1/base
2025-06-09 15:11:02,272 - token_scanner - INFO - Found 0 tokens from DexScreener (0 successful endpoints)
2025-06-09 15:11:02,273 - token_scanner - INFO - DexScreener found 0 tokens
2025-06-09 15:11:02,273 - token_scanner - INFO - Scanning Pump.fun endpoints...
2025-06-09 15:11:02,273 - token_scanner - INFO - Fetching Pump.fun (attempt 1): https://frontend-api.pump.fun/coins?offset=0&limit=100&sort=created_timestamp&order=DESC
2025-06-09 15:11:02,405 - token_scanner - WARNING - Pump.fun maintenance mode for https://frontend-api.pump.fun/coins?offset=0&limit=100&sort=created_timestamp&order=DESC, retrying in 10 seconds...
2025-06-09 15:11:12,405 - token_scanner - INFO - Fetching Pump.fun (attempt 2): https://frontend-api.pump.fun/coins?offset=0&limit=100&sort=created_timestamp&order=DESC
2025-06-09 15:11:12,496 - token_scanner - WARNING - Pump.fun maintenance mode for https://frontend-api.pump.fun/coins?offset=0&limit=100&sort=created_timestamp&order=DESC, retrying in 20 seconds...
2025-06-09 15:11:32,497 - token_scanner - INFO - Fetching Pump.fun (attempt 3): https://frontend-api.pump.fun/coins?offset=0&limit=100&sort=created_timestamp&order=DESC
2025-06-09 15:11:32,594 - token_scanner - WARNING - Pump.fun maintenance mode for https://frontend-api.pump.fun/coins?offset=0&limit=100&sort=created_timestamp&order=DESC, retrying in 30 seconds...
2025-06-09 15:11:33,595 - token_scanner - INFO - Fetching Pump.fun (attempt 1): https://frontend-api.pump.fun/coins?offset=0&limit=100&sort=market_cap&order=DESC
2025-06-09 15:11:33,680 - token_scanner - WARNING - Pump.fun maintenance mode for https://frontend-api.pump.fun/coins?offset=0&limit=100&sort=market_cap&order=DESC, retrying in 10 seconds...
2025-06-09 15:11:43,680 - token_scanner - INFO - Fetching Pump.fun (attempt 2): https://frontend-api.pump.fun/coins?offset=0&limit=100&sort=market_cap&order=DESC
2025-06-09 15:11:43,771 - token_scanner - WARNING - Pump.fun maintenance mode for https://frontend-api.pump.fun/coins?offset=0&limit=100&sort=market_cap&order=DESC, retrying in 20 seconds...
2025-06-09 15:11:53,909 - utils - INFO - Received shutdown signal, stopping bot...
2025-06-09 15:11:53,910 - utils - INFO - Bot stopped
