2025-06-11 12:01:11,110 - utils - INFO - Logging initialized. Log file: logs/bot_20250611_120111.log
2025-06-11 12:01:11,111 - utils - INFO - Starting Pump.fun Token Scanner Bot...
2025-06-11 12:01:11,112 - utils - INFO - Configuration: {'min_market_cap': 10000, 'max_market_cap': 1000000, 'min_age_seconds': 5, 'max_age_seconds': 604800, 'min_liquidity': 500, 'scan_interval_minutes': 1, 'max_tokens_per_scan': 50, 'duplicate_check_hours': 6, 'max_retries': 3, 'request_timeout': 30, 'rate_limit_delay': 1.0}
2025-06-11 12:01:11,112 - utils - INFO - Running initial scan...
2025-06-11 12:01:11,112 - utils - INFO - Starting token scan...
2025-06-11 12:01:11,112 - token_scanner - INFO - Starting DexScreener profile scan...
2025-06-11 12:01:11,112 - token_scanner - INFO - Scanning DexScreener token profiles...
2025-06-11 12:01:11,112 - token_scanner - INFO - Fetching DexScreener: https://api.dexscreener.com/token-profiles/latest/v1
2025-06-11 12:01:11,172 - token_scanner - INFO - DexScreener API response type: <class 'list'>, length: 30
2025-06-11 12:01:11,172 - token_scanner - INFO - First item structure: ['url', 'chainId', 'tokenAddress', 'icon', 'header', 'openGraph', 'description', 'links']
2025-06-11 12:01:11,172 - token_scanner - INFO - Processing DexScreener response of type: <class 'list'>
2025-06-11 12:01:11,172 - token_scanner - INFO - Processing 30 items from list response
2025-06-11 12:01:11,173 - token_scanner - INFO - DexScreener processing stats - Processed: 0, No token key: 30, No info: 0, Age filtered: 0, Final tokens: 0
2025-06-11 12:01:11,173 - token_scanner - INFO - Successfully fetched 0 tokens from DexScreener
2025-06-11 12:01:12,173 - token_scanner - INFO - Found 0 tokens from DexScreener profiles
2025-06-11 12:01:12,174 - token_scanner - INFO - DexScreener found 0 tokens
2025-06-11 12:01:12,174 - token_scanner - INFO - Starting Pump.fun scan...
2025-06-11 12:01:12,174 - token_scanner - INFO - Scanning Pump.fun endpoints...
2025-06-11 12:01:12,174 - token_scanner - INFO - Fetching Pump.fun (attempt 1): https://frontend-api.pump.fun/coins?offset=0&limit=100&sort=created_timestamp&order=DESC
2025-06-11 12:01:12,317 - token_scanner - WARNING - Pump.fun maintenance mode for https://frontend-api.pump.fun/coins?offset=0&limit=100&sort=created_timestamp&order=DESC, skipping remaining retries
2025-06-11 12:01:13,318 - token_scanner - INFO - Fetching Pump.fun (attempt 1): https://frontend-api.pump.fun/coins?offset=0&limit=100&sort=market_cap&order=DESC
2025-06-11 12:01:13,412 - token_scanner - WARNING - Pump.fun maintenance mode for https://frontend-api.pump.fun/coins?offset=0&limit=100&sort=market_cap&order=DESC, skipping remaining retries
2025-06-11 12:01:14,412 - token_scanner - INFO - Fetching Pump.fun (attempt 1): https://frontend-api.pump.fun/coins?offset=0&limit=100&sort=last_trade_timestamp&order=DESC
2025-06-11 12:01:14,513 - token_scanner - WARNING - Pump.fun maintenance mode for https://frontend-api.pump.fun/coins?offset=0&limit=100&sort=last_trade_timestamp&order=DESC, skipping remaining retries
2025-06-11 12:01:15,513 - token_scanner - INFO - Fetching Pump.fun (attempt 1): https://frontend-api.pump.fun/coins/king-of-the-hill
2025-06-11 12:01:15,610 - token_scanner - WARNING - Pump.fun maintenance mode for https://frontend-api.pump.fun/coins/king-of-the-hill, skipping remaining retries
2025-06-11 12:01:16,610 - token_scanner - WARNING - All Pump.fun endpoints appear to be in maintenance mode
2025-06-11 12:01:16,611 - token_scanner - INFO - Found 0 tokens from Pump.fun
2025-06-11 12:01:16,611 - token_scanner - INFO - Pump.fun found 0 tokens
2025-06-11 12:01:16,611 - token_scanner - INFO - Scan summary - Total: 0, Unique: 0, Filtered: 0
2025-06-11 12:01:16,611 - utils - INFO - No tokens found
2025-06-11 12:01:16,612 - utils - INFO - Starting scheduler thread...
2025-06-11 12:01:16,612 - utils - INFO - Bot started. Scanning every 1 minutes...
2025-06-11 12:02:11,623 - utils - INFO - Starting token scan...
2025-06-11 12:02:11,624 - token_scanner - INFO - Starting DexScreener profile scan...
2025-06-11 12:02:11,624 - token_scanner - INFO - Scanning DexScreener token profiles...
2025-06-11 12:02:11,624 - token_scanner - INFO - Fetching DexScreener: https://api.dexscreener.com/token-profiles/latest/v1
2025-06-11 12:02:11,701 - token_scanner - INFO - DexScreener API response type: <class 'list'>, length: 30
2025-06-11 12:02:11,702 - token_scanner - INFO - First item structure: ['url', 'chainId', 'tokenAddress', 'icon', 'header', 'openGraph', 'description', 'links']
2025-06-11 12:02:11,702 - token_scanner - INFO - Processing DexScreener response of type: <class 'list'>
2025-06-11 12:02:11,702 - token_scanner - INFO - Processing 30 items from list response
2025-06-11 12:02:11,702 - token_scanner - INFO - DexScreener processing stats - Processed: 0, No token key: 30, No info: 0, Age filtered: 0, Final tokens: 0
2025-06-11 12:02:11,702 - token_scanner - INFO - Successfully fetched 0 tokens from DexScreener
2025-06-11 12:02:12,703 - token_scanner - INFO - Found 0 tokens from DexScreener profiles
2025-06-11 12:02:12,703 - token_scanner - INFO - DexScreener found 0 tokens
2025-06-11 12:02:12,703 - token_scanner - INFO - Starting Pump.fun scan...
2025-06-11 12:02:12,703 - token_scanner - INFO - Scanning Pump.fun endpoints...
2025-06-11 12:02:12,703 - token_scanner - INFO - Fetching Pump.fun (attempt 1): https://frontend-api.pump.fun/coins?offset=0&limit=100&sort=created_timestamp&order=DESC
2025-06-11 12:02:12,818 - token_scanner - WARNING - Pump.fun maintenance mode for https://frontend-api.pump.fun/coins?offset=0&limit=100&sort=created_timestamp&order=DESC, skipping remaining retries
2025-06-11 12:02:13,818 - token_scanner - INFO - Fetching Pump.fun (attempt 1): https://frontend-api.pump.fun/coins?offset=0&limit=100&sort=market_cap&order=DESC
2025-06-11 12:02:13,906 - token_scanner - WARNING - Pump.fun maintenance mode for https://frontend-api.pump.fun/coins?offset=0&limit=100&sort=market_cap&order=DESC, skipping remaining retries
2025-06-11 12:02:14,907 - token_scanner - INFO - Fetching Pump.fun (attempt 1): https://frontend-api.pump.fun/coins?offset=0&limit=100&sort=last_trade_timestamp&order=DESC
2025-06-11 12:02:15,002 - token_scanner - WARNING - Pump.fun maintenance mode for https://frontend-api.pump.fun/coins?offset=0&limit=100&sort=last_trade_timestamp&order=DESC, skipping remaining retries
2025-06-11 12:02:16,002 - token_scanner - INFO - Fetching Pump.fun (attempt 1): https://frontend-api.pump.fun/coins/king-of-the-hill
2025-06-11 12:02:16,090 - token_scanner - WARNING - Pump.fun maintenance mode for https://frontend-api.pump.fun/coins/king-of-the-hill, skipping remaining retries
2025-06-11 12:02:17,091 - token_scanner - WARNING - All Pump.fun endpoints appear to be in maintenance mode
2025-06-11 12:02:17,092 - token_scanner - INFO - Found 0 tokens from Pump.fun
2025-06-11 12:02:17,092 - token_scanner - INFO - Pump.fun found 0 tokens
2025-06-11 12:02:17,092 - token_scanner - INFO - Scan summary - Total: 0, Unique: 0, Filtered: 0
2025-06-11 12:02:17,092 - utils - INFO - No tokens found
2025-06-11 12:02:38,938 - utils - INFO - Received shutdown signal, stopping bot...
2025-06-11 12:02:38,946 - utils - INFO - Received shutdown signal, stopping bot...
2025-06-11 12:02:39,095 - utils - INFO - Bot stopped
