2025-06-09 15:13:22,577 - utils - INFO - Logging initialized. Log file: logs/bot_20250609_151322.log
2025-06-09 15:13:22,578 - utils - INFO - Starting Pump.fun Token Scanner Bot...
2025-06-09 15:13:22,578 - utils - INFO - Configuration: {'min_market_cap': 10000, 'max_market_cap': 1000000, 'min_age_seconds': 1, 'max_age_seconds': 86400, 'min_liquidity': 500, 'scan_interval_minutes': 3, 'max_tokens_per_scan': 50, 'duplicate_check_hours': 6, 'max_retries': 3, 'request_timeout': 30, 'rate_limit_delay': 1.0}
2025-06-09 15:13:22,578 - utils - INFO - Running initial scan...
2025-06-09 15:13:22,578 - utils - INFO - Starting token scan...
2025-06-09 15:13:22,578 - token_scanner - INFO - Starting comprehensive token scan...
2025-06-09 15:13:22,579 - token_scanner - INFO - Scanning DexScreener endpoints...
2025-06-09 15:13:22,579 - token_scanner - INFO - Fetching DexScreener: https://api.dexscreener.com/latest/dex/search/?q=raydium
2025-06-09 15:13:22,647 - token_scanner - INFO - Successfully fetched 0 tokens from DexScreener
2025-06-09 15:13:23,647 - token_scanner - INFO - Fetching DexScreener: https://api.dexscreener.com/latest/dex/search/?q=solana
2025-06-09 15:13:23,687 - token_scanner - INFO - Successfully fetched 0 tokens from DexScreener
2025-06-09 15:13:24,687 - token_scanner - INFO - Fetching DexScreener: https://api.dexscreener.com/token-boosts/latest/v1
2025-06-09 15:13:24,771 - token_scanner - INFO - Successfully fetched 0 tokens from DexScreener
2025-06-09 15:13:25,771 - token_scanner - INFO - Fetching DexScreener: https://api.dexscreener.com/latest/dex/search/?q=new
2025-06-09 15:13:25,808 - token_scanner - INFO - Successfully fetched 2 tokens from DexScreener
2025-06-09 15:13:26,809 - token_scanner - INFO - Fetching DexScreener: https://api.dexscreener.com/latest/dex/tokens/solana
2025-06-09 15:13:26,842 - token_scanner - INFO - Successfully fetched 0 tokens from DexScreener
2025-06-09 15:13:27,844 - token_scanner - INFO - Fetching DexScreener: https://api.dexscreener.com/token-profiles/latest/v1
2025-06-09 15:13:27,885 - token_scanner - INFO - Successfully fetched 0 tokens from DexScreener
2025-06-09 15:13:28,887 - token_scanner - INFO - Found 2 tokens from DexScreener (1 successful endpoints)
2025-06-09 15:13:28,887 - token_scanner - INFO - DexScreener found 2 tokens
2025-06-09 15:13:28,887 - token_scanner - INFO - Scanning Pump.fun endpoints...
2025-06-09 15:13:28,887 - token_scanner - INFO - Fetching Pump.fun (attempt 1): https://frontend-api.pump.fun/coins?offset=0&limit=100&sort=created_timestamp&order=DESC
2025-06-09 15:13:29,002 - token_scanner - WARNING - Pump.fun maintenance mode for https://frontend-api.pump.fun/coins?offset=0&limit=100&sort=created_timestamp&order=DESC, skipping remaining retries
2025-06-09 15:13:30,002 - token_scanner - INFO - Fetching Pump.fun (attempt 1): https://frontend-api.pump.fun/coins?offset=0&limit=100&sort=market_cap&order=DESC
2025-06-09 15:13:30,097 - token_scanner - WARNING - Pump.fun maintenance mode for https://frontend-api.pump.fun/coins?offset=0&limit=100&sort=market_cap&order=DESC, skipping remaining retries
2025-06-09 15:13:31,097 - token_scanner - INFO - Fetching Pump.fun (attempt 1): https://frontend-api.pump.fun/coins?offset=0&limit=100&sort=last_trade_timestamp&order=DESC
2025-06-09 15:13:31,180 - token_scanner - WARNING - Pump.fun maintenance mode for https://frontend-api.pump.fun/coins?offset=0&limit=100&sort=last_trade_timestamp&order=DESC, skipping remaining retries
2025-06-09 15:13:32,180 - token_scanner - INFO - Fetching Pump.fun (attempt 1): https://frontend-api.pump.fun/coins/king-of-the-hill
2025-06-09 15:13:32,267 - token_scanner - WARNING - Pump.fun maintenance mode for https://frontend-api.pump.fun/coins/king-of-the-hill, skipping remaining retries
2025-06-09 15:13:33,269 - token_scanner - WARNING - All Pump.fun endpoints appear to be in maintenance mode
2025-06-09 15:13:33,269 - token_scanner - INFO - Found 0 tokens from Pump.fun
2025-06-09 15:13:33,269 - token_scanner - INFO - Pump.fun found 0 tokens
2025-06-09 15:13:33,269 - token_scanner - INFO - Low token count, trying fallback endpoints...
2025-06-09 15:13:33,270 - token_scanner - INFO - Scanning fallback endpoints...
2025-06-09 15:13:36,628 - token_scanner - INFO - Found 0 tokens from fallback endpoints
2025-06-09 15:13:36,628 - token_scanner - INFO - Fallback endpoints found 0 tokens
2025-06-09 15:13:36,629 - token_scanner - INFO - Scan summary - Total: 2, Unique: 2, Filtered: 2
2025-06-09 15:13:36,629 - utils - INFO - Found 2 tokens to process
2025-06-09 15:13:37,112 - telegram_bot - INFO - Message sent successfully to Telegram
2025-06-09 15:13:39,593 - telegram_bot - INFO - Message sent successfully to Telegram
2025-06-09 15:13:41,594 - utils - INFO - Sent 2 notifications
2025-06-09 15:13:41,595 - utils - INFO - Starting scheduler thread...
2025-06-09 15:13:41,595 - utils - INFO - Bot started. Scanning every 3 minutes...
2025-06-09 15:16:22,624 - utils - INFO - Starting token scan...
2025-06-09 15:16:22,625 - token_scanner - INFO - Starting comprehensive token scan...
2025-06-09 15:16:22,625 - token_scanner - INFO - Scanning DexScreener endpoints...
2025-06-09 15:16:22,625 - token_scanner - INFO - Fetching DexScreener: https://api.dexscreener.com/latest/dex/search/?q=raydium
2025-06-09 15:16:22,748 - token_scanner - INFO - Successfully fetched 0 tokens from DexScreener
2025-06-09 15:16:23,748 - token_scanner - INFO - Fetching DexScreener: https://api.dexscreener.com/latest/dex/search/?q=solana
2025-06-09 15:16:23,810 - token_scanner - INFO - Successfully fetched 0 tokens from DexScreener
2025-06-09 15:16:24,811 - token_scanner - INFO - Fetching DexScreener: https://api.dexscreener.com/token-boosts/latest/v1
2025-06-09 15:16:24,845 - token_scanner - INFO - Successfully fetched 0 tokens from DexScreener
2025-06-09 15:16:25,845 - token_scanner - INFO - Fetching DexScreener: https://api.dexscreener.com/latest/dex/search/?q=new
2025-06-09 15:16:28,090 - token_scanner - INFO - Successfully fetched 2 tokens from DexScreener
2025-06-09 15:16:29,090 - token_scanner - INFO - Fetching DexScreener: https://api.dexscreener.com/latest/dex/tokens/solana
2025-06-09 15:16:29,173 - token_scanner - INFO - Successfully fetched 0 tokens from DexScreener
2025-06-09 15:16:30,174 - token_scanner - INFO - Fetching DexScreener: https://api.dexscreener.com/token-profiles/latest/v1
2025-06-09 15:16:30,248 - token_scanner - INFO - Successfully fetched 0 tokens from DexScreener
2025-06-09 15:16:31,249 - token_scanner - INFO - Found 2 tokens from DexScreener (1 successful endpoints)
2025-06-09 15:16:31,249 - token_scanner - INFO - DexScreener found 2 tokens
2025-06-09 15:16:31,249 - token_scanner - INFO - Scanning Pump.fun endpoints...
2025-06-09 15:16:31,249 - token_scanner - INFO - Fetching Pump.fun (attempt 1): https://frontend-api.pump.fun/coins?offset=0&limit=100&sort=created_timestamp&order=DESC
2025-06-09 15:16:31,407 - token_scanner - WARNING - Pump.fun maintenance mode for https://frontend-api.pump.fun/coins?offset=0&limit=100&sort=created_timestamp&order=DESC, skipping remaining retries
2025-06-09 15:16:32,407 - token_scanner - INFO - Fetching Pump.fun (attempt 1): https://frontend-api.pump.fun/coins?offset=0&limit=100&sort=market_cap&order=DESC
2025-06-09 15:16:32,503 - token_scanner - WARNING - Pump.fun maintenance mode for https://frontend-api.pump.fun/coins?offset=0&limit=100&sort=market_cap&order=DESC, skipping remaining retries
2025-06-09 15:16:33,503 - token_scanner - INFO - Fetching Pump.fun (attempt 1): https://frontend-api.pump.fun/coins?offset=0&limit=100&sort=last_trade_timestamp&order=DESC
2025-06-09 15:16:33,600 - token_scanner - WARNING - Pump.fun maintenance mode for https://frontend-api.pump.fun/coins?offset=0&limit=100&sort=last_trade_timestamp&order=DESC, skipping remaining retries
2025-06-09 15:16:34,600 - token_scanner - INFO - Fetching Pump.fun (attempt 1): https://frontend-api.pump.fun/coins/king-of-the-hill
2025-06-09 15:16:34,695 - token_scanner - WARNING - Pump.fun maintenance mode for https://frontend-api.pump.fun/coins/king-of-the-hill, skipping remaining retries
2025-06-09 15:16:35,695 - token_scanner - WARNING - All Pump.fun endpoints appear to be in maintenance mode
2025-06-09 15:16:35,696 - token_scanner - INFO - Found 0 tokens from Pump.fun
2025-06-09 15:16:35,696 - token_scanner - INFO - Pump.fun found 0 tokens
2025-06-09 15:16:35,696 - token_scanner - INFO - Low token count, trying fallback endpoints...
2025-06-09 15:16:35,696 - token_scanner - INFO - Scanning fallback endpoints...
2025-06-09 15:16:39,089 - token_scanner - INFO - Found 0 tokens from fallback endpoints
2025-06-09 15:16:39,089 - token_scanner - INFO - Fallback endpoints found 0 tokens
2025-06-09 15:16:39,090 - token_scanner - INFO - Scan summary - Total: 2, Unique: 2, Filtered: 2
2025-06-09 15:16:39,090 - utils - INFO - Found 2 tokens to process
2025-06-09 15:16:39,573 - telegram_bot - INFO - Message sent successfully to Telegram
2025-06-09 15:16:42,068 - telegram_bot - INFO - Message sent successfully to Telegram
2025-06-09 15:16:44,068 - utils - INFO - Sent 2 notifications
2025-06-09 15:17:56,608 - utils - INFO - Received shutdown signal, stopping bot...
2025-06-09 15:17:57,082 - utils - INFO - Bot stopped
