2025-06-11 13:04:29,615 - utils - INFO - Logging initialized. Log file: logs/bot_20250611_130429.log
2025-06-11 13:04:29,616 - utils - INFO - Starting Pump.fun Token Scanner Bot...
2025-06-11 13:04:29,616 - utils - INFO - Configuration: {'min_market_cap': 10000, 'max_market_cap': 1000000, 'min_age_seconds': 5, 'max_age_seconds': 604800, 'min_liquidity': 500, 'scan_interval_minutes': 2, 'max_tokens_per_scan': 50, 'duplicate_check_hours': 6, 'max_retries': 3, 'request_timeout': 30, 'rate_limit_delay': 1.0}
2025-06-11 13:04:29,616 - utils - INFO - Running initial scan...
2025-06-11 13:04:29,616 - utils - INFO - Starting token scan...
2025-06-11 13:04:29,617 - token_scanner - INFO - Starting DexScreener profile scan...
2025-06-11 13:04:29,617 - token_scanner - INFO - Scanning DexScreener token profiles...
2025-06-11 13:04:29,617 - token_scanner - INFO - Fetching DexScreener: https://api.dexscreener.com/token-profiles/latest/v1
2025-06-11 13:04:29,698 - token_scanner - INFO - DexScreener API response type: <class 'list'>, length: 30
2025-06-11 13:04:29,698 - token_scanner - INFO - First item structure: ['url', 'chainId', 'tokenAddress', 'icon', 'header', 'openGraph', 'links']
2025-06-11 13:04:29,698 - token_scanner - INFO - Processing DexScreener response of type: <class 'list'>
2025-06-11 13:04:29,699 - token_scanner - INFO - Processing 30 items from list response
2025-06-11 13:04:29,907 - token_scanner - INFO - Found real market data for cPE6h963S6n4rg9HDiZLGc4wwoTB65uhAR8Rf1rpump
2025-06-11 13:04:30,071 - token_scanner - INFO - Found real market data for 3mUhrAY4Xm7z3VqAMBUhhhFWZvBduajk9wcwC9Hspump
2025-06-11 13:04:30,377 - token_scanner - INFO - Found real market data for 0x51Dd7C0CeCb01b5D68dCA901dc0706e6D0AB76e1
2025-06-11 13:04:30,529 - token_scanner - INFO - Found real market data for 9GM5dgAKiHwVzcdd8zGmBXwg6QCk1UGxRA8JArTdpump
2025-06-11 13:04:31,015 - token_scanner - INFO - Found real market data for 5JRf4kdUt8rhES2XCBEygga4NDeRrv8bDUfzMBkgpump
2025-06-11 13:04:31,468 - token_scanner - INFO - Found real market data for 2ZnUW9R4gxaq7S7Caf8sdZXwgZ2obsrCeJY3mwVFpump
2025-06-11 13:04:32,078 - token_scanner - INFO - Found real market data for 0x7B414099B11F9558F2787076be232DfAaba7A127
2025-06-11 13:04:32,233 - token_scanner - INFO - Found real market data for 0x4b76312f6db2A4978f050d21b59Fc2Cd6ef5fe32
2025-06-11 13:04:32,738 - token_scanner - INFO - Found real market data for H2Mqhd3zjWpBDWEYJnBAbmkmftCwAu14WsUVXmeiVGAH
2025-06-11 13:04:32,893 - token_scanner - INFO - Found real market data for 0x90e971F3a6Cc9F36b7296dD9C25CbBD955d3c304
2025-06-11 13:04:33,041 - token_scanner - INFO - Found real market data for EgixdvE18LuQS5RxkgBwG7JRULv3Cb4k4g3cHu1Cpump
2025-06-11 13:04:33,190 - token_scanner - INFO - Found real market data for 4X3PdLSS7H2ntbGoSAP9GYJ2YDmxZGPkQFY6AQmSmori
2025-06-11 13:04:33,351 - token_scanner - INFO - Found real market data for EQB_Ly8TKDQTMbsskFUQ5kiDJow7YBXmc12UGjbx7S4IRQLA
2025-06-11 13:04:33,518 - token_scanner - INFO - Found real market data for 6GZ7RyfexyFhUVfSAXno7jLUCXkr7NQ393to1N52pump
2025-06-11 13:04:33,668 - token_scanner - INFO - Found real market data for CYuv7gvsMZHc7UvHKAitYdVexF9Y4afCkSdPu2eQfBD6
2025-06-11 13:04:34,240 - token_scanner - INFO - Found real market data for 0x62c499BbE6040fE7CB8856a3df6EbF2CDCE8CF82
2025-06-11 13:04:34,341 - token_scanner - ERROR - Error processing DexScreener profiles response: 'pairCreatedAt'
2025-06-11 13:04:34,341 - token_scanner - INFO - Successfully fetched 29 tokens from DexScreener
2025-06-11 13:04:34,341 - token_scanner - INFO - Successfully got 29 tokens from profiles endpoint
2025-06-11 13:04:35,341 - token_scanner - INFO - Found 29 tokens from DexScreener profiles
2025-06-11 13:04:35,342 - token_scanner - INFO - DexScreener found 29 tokens
2025-06-11 13:04:35,342 - token_scanner - INFO - Starting Pump.fun scan...
2025-06-11 13:04:35,342 - token_scanner - INFO - Scanning Pump.fun endpoints...
2025-06-11 13:04:35,342 - token_scanner - INFO - Fetching Pump.fun (attempt 1): https://frontend-api.pump.fun/coins?offset=0&limit=100&sort=created_timestamp&order=DESC
2025-06-11 13:04:35,477 - token_scanner - WARNING - Pump.fun maintenance mode for https://frontend-api.pump.fun/coins?offset=0&limit=100&sort=created_timestamp&order=DESC, skipping remaining retries
2025-06-11 13:04:36,477 - token_scanner - INFO - Fetching Pump.fun (attempt 1): https://frontend-api.pump.fun/coins?offset=0&limit=100&sort=market_cap&order=DESC
2025-06-11 13:04:36,562 - token_scanner - WARNING - Pump.fun maintenance mode for https://frontend-api.pump.fun/coins?offset=0&limit=100&sort=market_cap&order=DESC, skipping remaining retries
2025-06-11 13:04:37,562 - token_scanner - INFO - Fetching Pump.fun (attempt 1): https://frontend-api.pump.fun/coins?offset=0&limit=100&sort=last_trade_timestamp&order=DESC
2025-06-11 13:04:37,650 - token_scanner - WARNING - Pump.fun maintenance mode for https://frontend-api.pump.fun/coins?offset=0&limit=100&sort=last_trade_timestamp&order=DESC, skipping remaining retries
2025-06-11 13:04:38,650 - token_scanner - INFO - Fetching Pump.fun (attempt 1): https://frontend-api.pump.fun/coins/king-of-the-hill
2025-06-11 13:04:38,735 - token_scanner - WARNING - Pump.fun maintenance mode for https://frontend-api.pump.fun/coins/king-of-the-hill, skipping remaining retries
2025-06-11 13:04:39,735 - token_scanner - WARNING - All Pump.fun endpoints appear to be in maintenance mode
2025-06-11 13:04:39,735 - token_scanner - INFO - Found 0 tokens from Pump.fun
2025-06-11 13:04:39,735 - token_scanner - INFO - Pump.fun found 0 tokens
2025-06-11 13:04:39,736 - token_scanner - INFO - Scan summary - Total: 29, Unique: 29, Filtered: 7
2025-06-11 13:04:39,736 - utils - INFO - Found 7 tokens to process
2025-06-11 13:04:40,316 - telegram_bot - INFO - Message sent successfully to Telegram
2025-06-11 13:04:42,803 - telegram_bot - INFO - Message sent successfully to Telegram
2025-06-11 13:04:45,289 - telegram_bot - INFO - Message sent successfully to Telegram
2025-06-11 13:04:47,825 - telegram_bot - INFO - Message sent successfully to Telegram
2025-06-11 13:04:50,338 - telegram_bot - INFO - Message sent successfully to Telegram
2025-06-11 13:04:52,820 - telegram_bot - INFO - Message sent successfully to Telegram
2025-06-11 13:04:55,310 - telegram_bot - INFO - Message sent successfully to Telegram
2025-06-11 13:04:57,311 - utils - INFO - Sent 7 notifications
2025-06-11 13:04:57,312 - utils - INFO - Starting scheduler thread...
2025-06-11 13:04:57,312 - utils - INFO - Bot started. Scanning every 2 minutes...
2025-06-11 13:06:30,326 - utils - INFO - Starting token scan...
2025-06-11 13:06:30,326 - token_scanner - INFO - Starting DexScreener profile scan...
2025-06-11 13:06:30,326 - token_scanner - INFO - Scanning DexScreener token profiles...
2025-06-11 13:06:30,327 - token_scanner - INFO - Fetching DexScreener: https://api.dexscreener.com/token-profiles/latest/v1
2025-06-11 13:06:30,381 - token_scanner - INFO - DexScreener API response type: <class 'list'>, length: 30
2025-06-11 13:06:30,382 - token_scanner - INFO - First item structure: ['url', 'chainId', 'tokenAddress', 'icon', 'header', 'openGraph', 'links']
2025-06-11 13:06:30,382 - token_scanner - INFO - Processing DexScreener response of type: <class 'list'>
2025-06-11 13:06:30,382 - token_scanner - INFO - Processing 30 items from list response
2025-06-11 13:06:30,581 - token_scanner - INFO - Found real market data for cPE6h963S6n4rg9HDiZLGc4wwoTB65uhAR8Rf1rpump
2025-06-11 13:06:30,730 - token_scanner - INFO - Found real market data for 3mUhrAY4Xm7z3VqAMBUhhhFWZvBduajk9wcwC9Hspump
2025-06-11 13:06:31,034 - token_scanner - INFO - Found real market data for 0x51Dd7C0CeCb01b5D68dCA901dc0706e6D0AB76e1
2025-06-11 13:06:31,180 - token_scanner - INFO - Found real market data for 9GM5dgAKiHwVzcdd8zGmBXwg6QCk1UGxRA8JArTdpump
2025-06-11 13:06:31,636 - token_scanner - INFO - Found real market data for 5JRf4kdUt8rhES2XCBEygga4NDeRrv8bDUfzMBkgpump
2025-06-11 13:06:32,108 - token_scanner - INFO - Found real market data for 2ZnUW9R4gxaq7S7Caf8sdZXwgZ2obsrCeJY3mwVFpump
2025-06-11 13:06:32,700 - token_scanner - INFO - Found real market data for 0x7B414099B11F9558F2787076be232DfAaba7A127
2025-06-11 13:06:32,843 - token_scanner - INFO - Found real market data for 0x4b76312f6db2A4978f050d21b59Fc2Cd6ef5fe32
2025-06-11 13:06:33,314 - token_scanner - INFO - Found real market data for H2Mqhd3zjWpBDWEYJnBAbmkmftCwAu14WsUVXmeiVGAH
2025-06-11 13:06:33,470 - token_scanner - INFO - Found real market data for 0x90e971F3a6Cc9F36b7296dD9C25CbBD955d3c304
2025-06-11 13:06:33,632 - token_scanner - INFO - Found real market data for EgixdvE18LuQS5RxkgBwG7JRULv3Cb4k4g3cHu1Cpump
2025-06-11 13:06:33,801 - token_scanner - INFO - Found real market data for 4X3PdLSS7H2ntbGoSAP9GYJ2YDmxZGPkQFY6AQmSmori
2025-06-11 13:06:33,961 - token_scanner - INFO - Found real market data for EQB_Ly8TKDQTMbsskFUQ5kiDJow7YBXmc12UGjbx7S4IRQLA
2025-06-11 13:06:34,134 - token_scanner - INFO - Found real market data for 6GZ7RyfexyFhUVfSAXno7jLUCXkr7NQ393to1N52pump
2025-06-11 13:06:34,283 - token_scanner - INFO - Found real market data for CYuv7gvsMZHc7UvHKAitYdVexF9Y4afCkSdPu2eQfBD6
2025-06-11 13:06:34,882 - token_scanner - INFO - Found real market data for 0x62c499BbE6040fE7CB8856a3df6EbF2CDCE8CF82
2025-06-11 13:06:34,983 - token_scanner - ERROR - Error processing DexScreener profiles response: 'pairCreatedAt'
2025-06-11 13:06:34,983 - token_scanner - INFO - Successfully fetched 29 tokens from DexScreener
2025-06-11 13:06:34,983 - token_scanner - INFO - Successfully got 29 tokens from profiles endpoint
2025-06-11 13:06:35,983 - token_scanner - INFO - Found 29 tokens from DexScreener profiles
2025-06-11 13:06:35,984 - token_scanner - INFO - DexScreener found 29 tokens
2025-06-11 13:06:35,984 - token_scanner - INFO - Starting Pump.fun scan...
2025-06-11 13:06:35,984 - token_scanner - INFO - Scanning Pump.fun endpoints...
2025-06-11 13:06:35,984 - token_scanner - INFO - Fetching Pump.fun (attempt 1): https://frontend-api.pump.fun/coins?offset=0&limit=100&sort=created_timestamp&order=DESC
2025-06-11 13:06:36,106 - token_scanner - WARNING - Pump.fun maintenance mode for https://frontend-api.pump.fun/coins?offset=0&limit=100&sort=created_timestamp&order=DESC, skipping remaining retries
2025-06-11 13:06:37,106 - token_scanner - INFO - Fetching Pump.fun (attempt 1): https://frontend-api.pump.fun/coins?offset=0&limit=100&sort=market_cap&order=DESC
2025-06-11 13:06:37,197 - token_scanner - WARNING - Pump.fun maintenance mode for https://frontend-api.pump.fun/coins?offset=0&limit=100&sort=market_cap&order=DESC, skipping remaining retries
2025-06-11 13:06:38,197 - token_scanner - INFO - Fetching Pump.fun (attempt 1): https://frontend-api.pump.fun/coins?offset=0&limit=100&sort=last_trade_timestamp&order=DESC
2025-06-11 13:06:38,276 - token_scanner - WARNING - Pump.fun maintenance mode for https://frontend-api.pump.fun/coins?offset=0&limit=100&sort=last_trade_timestamp&order=DESC, skipping remaining retries
2025-06-11 13:06:39,276 - token_scanner - INFO - Fetching Pump.fun (attempt 1): https://frontend-api.pump.fun/coins/king-of-the-hill
2025-06-11 13:06:39,365 - token_scanner - WARNING - Pump.fun maintenance mode for https://frontend-api.pump.fun/coins/king-of-the-hill, skipping remaining retries
2025-06-11 13:06:40,365 - token_scanner - WARNING - All Pump.fun endpoints appear to be in maintenance mode
2025-06-11 13:06:40,366 - token_scanner - INFO - Found 0 tokens from Pump.fun
2025-06-11 13:06:40,366 - token_scanner - INFO - Pump.fun found 0 tokens
2025-06-11 13:06:40,366 - token_scanner - INFO - Scan summary - Total: 29, Unique: 29, Filtered: 7
2025-06-11 13:06:40,366 - utils - INFO - Found 7 tokens to process
2025-06-11 13:06:40,859 - telegram_bot - INFO - Message sent successfully to Telegram
2025-06-11 13:06:43,421 - telegram_bot - INFO - Message sent successfully to Telegram
2025-06-11 13:06:45,919 - telegram_bot - INFO - Message sent successfully to Telegram
2025-06-11 13:06:48,430 - telegram_bot - INFO - Message sent successfully to Telegram
2025-06-11 13:06:50,927 - telegram_bot - INFO - Message sent successfully to Telegram
2025-06-11 13:06:53,441 - telegram_bot - INFO - Message sent successfully to Telegram
2025-06-11 13:06:55,933 - telegram_bot - INFO - Message sent successfully to Telegram
2025-06-11 13:06:57,934 - utils - INFO - Sent 7 notifications
2025-06-11 13:08:57,961 - utils - INFO - Starting token scan...
2025-06-11 13:08:57,961 - token_scanner - INFO - Starting DexScreener profile scan...
2025-06-11 13:08:57,962 - token_scanner - INFO - Scanning DexScreener token profiles...
2025-06-11 13:08:57,962 - token_scanner - INFO - Fetching DexScreener: https://api.dexscreener.com/token-profiles/latest/v1
2025-06-11 13:08:58,040 - token_scanner - INFO - DexScreener API response type: <class 'list'>, length: 30
2025-06-11 13:08:58,040 - token_scanner - INFO - First item structure: ['url', 'chainId', 'tokenAddress', 'icon', 'header', 'openGraph', 'description', 'links']
2025-06-11 13:08:58,040 - token_scanner - INFO - Processing DexScreener response of type: <class 'list'>
2025-06-11 13:08:58,040 - token_scanner - INFO - Processing 30 items from list response
2025-06-11 13:08:58,420 - token_scanner - INFO - Found real market data for cPE6h963S6n4rg9HDiZLGc4wwoTB65uhAR8Rf1rpump
2025-06-11 13:08:58,580 - token_scanner - INFO - Found real market data for 3mUhrAY4Xm7z3VqAMBUhhhFWZvBduajk9wcwC9Hspump
2025-06-11 13:08:58,894 - token_scanner - INFO - Found real market data for 0x51Dd7C0CeCb01b5D68dCA901dc0706e6D0AB76e1
2025-06-11 13:08:59,047 - token_scanner - INFO - Found real market data for 9GM5dgAKiHwVzcdd8zGmBXwg6QCk1UGxRA8JArTdpump
2025-06-11 13:08:59,565 - token_scanner - INFO - Found real market data for 5JRf4kdUt8rhES2XCBEygga4NDeRrv8bDUfzMBkgpump
2025-06-11 13:09:00,048 - token_scanner - INFO - Found real market data for 2ZnUW9R4gxaq7S7Caf8sdZXwgZ2obsrCeJY3mwVFpump
2025-06-11 13:09:00,676 - token_scanner - INFO - Found real market data for 0x7B414099B11F9558F2787076be232DfAaba7A127
2025-06-11 13:09:00,805 - token_scanner - INFO - Found real market data for 0x4b76312f6db2A4978f050d21b59Fc2Cd6ef5fe32
2025-06-11 13:09:01,273 - token_scanner - INFO - Found real market data for H2Mqhd3zjWpBDWEYJnBAbmkmftCwAu14WsUVXmeiVGAH
2025-06-11 13:09:01,444 - token_scanner - INFO - Found real market data for 0x90e971F3a6Cc9F36b7296dD9C25CbBD955d3c304
2025-06-11 13:09:01,605 - token_scanner - INFO - Found real market data for EgixdvE18LuQS5RxkgBwG7JRULv3Cb4k4g3cHu1Cpump
2025-06-11 13:09:01,812 - token_scanner - INFO - Found real market data for 4X3PdLSS7H2ntbGoSAP9GYJ2YDmxZGPkQFY6AQmSmori
2025-06-11 13:09:01,977 - token_scanner - INFO - Found real market data for EQB_Ly8TKDQTMbsskFUQ5kiDJow7YBXmc12UGjbx7S4IRQLA
2025-06-11 13:09:02,173 - token_scanner - INFO - Found real market data for 6GZ7RyfexyFhUVfSAXno7jLUCXkr7NQ393to1N52pump
2025-06-11 13:09:02,328 - token_scanner - INFO - Found real market data for CYuv7gvsMZHc7UvHKAitYdVexF9Y4afCkSdPu2eQfBD6
2025-06-11 13:09:02,911 - token_scanner - INFO - DexScreener processing stats - Processed: 30, No address: 0, Age filtered: 0, Final tokens: 30
2025-06-11 13:09:02,911 - token_scanner - INFO - Successfully fetched 30 tokens from DexScreener
2025-06-11 13:09:02,911 - token_scanner - INFO - Successfully got 30 tokens from profiles endpoint
2025-06-11 13:09:03,911 - token_scanner - INFO - Found 30 tokens from DexScreener profiles
2025-06-11 13:09:03,912 - token_scanner - INFO - DexScreener found 30 tokens
2025-06-11 13:09:03,912 - token_scanner - INFO - Starting Pump.fun scan...
2025-06-11 13:09:03,912 - token_scanner - INFO - Scanning Pump.fun endpoints...
2025-06-11 13:09:03,912 - token_scanner - INFO - Fetching Pump.fun (attempt 1): https://frontend-api.pump.fun/coins?offset=0&limit=100&sort=created_timestamp&order=DESC
2025-06-11 13:09:04,055 - token_scanner - WARNING - Pump.fun maintenance mode for https://frontend-api.pump.fun/coins?offset=0&limit=100&sort=created_timestamp&order=DESC, skipping remaining retries
2025-06-11 13:09:05,055 - token_scanner - INFO - Fetching Pump.fun (attempt 1): https://frontend-api.pump.fun/coins?offset=0&limit=100&sort=market_cap&order=DESC
2025-06-11 13:09:05,158 - token_scanner - WARNING - Pump.fun maintenance mode for https://frontend-api.pump.fun/coins?offset=0&limit=100&sort=market_cap&order=DESC, skipping remaining retries
2025-06-11 13:09:06,158 - token_scanner - INFO - Fetching Pump.fun (attempt 1): https://frontend-api.pump.fun/coins?offset=0&limit=100&sort=last_trade_timestamp&order=DESC
2025-06-11 13:09:06,258 - token_scanner - WARNING - Pump.fun maintenance mode for https://frontend-api.pump.fun/coins?offset=0&limit=100&sort=last_trade_timestamp&order=DESC, skipping remaining retries
2025-06-11 13:09:07,259 - token_scanner - INFO - Fetching Pump.fun (attempt 1): https://frontend-api.pump.fun/coins/king-of-the-hill
2025-06-11 13:09:07,364 - token_scanner - WARNING - Pump.fun maintenance mode for https://frontend-api.pump.fun/coins/king-of-the-hill, skipping remaining retries
2025-06-11 13:09:08,364 - token_scanner - WARNING - All Pump.fun endpoints appear to be in maintenance mode
2025-06-11 13:09:08,364 - token_scanner - INFO - Found 0 tokens from Pump.fun
2025-06-11 13:09:08,365 - token_scanner - INFO - Pump.fun found 0 tokens
2025-06-11 13:09:08,365 - token_scanner - INFO - Scan summary - Total: 30, Unique: 30, Filtered: 9
2025-06-11 13:09:08,365 - utils - INFO - Found 9 tokens to process
2025-06-11 13:09:08,859 - telegram_bot - INFO - Message sent successfully to Telegram
2025-06-11 13:09:11,336 - telegram_bot - INFO - Message sent successfully to Telegram
2025-06-11 13:09:13,838 - telegram_bot - INFO - Message sent successfully to Telegram
2025-06-11 13:09:16,337 - telegram_bot - INFO - Message sent successfully to Telegram
2025-06-11 13:09:18,813 - telegram_bot - INFO - Message sent successfully to Telegram
2025-06-11 13:09:21,293 - telegram_bot - INFO - Message sent successfully to Telegram
2025-06-11 13:09:23,770 - telegram_bot - INFO - Message sent successfully to Telegram
2025-06-11 13:09:26,249 - telegram_bot - INFO - Message sent successfully to Telegram
2025-06-11 13:09:28,736 - telegram_bot - INFO - Message sent successfully to Telegram
2025-06-11 13:09:30,737 - utils - INFO - Sent 9 notifications
2025-06-11 13:11:30,764 - utils - INFO - Starting token scan...
2025-06-11 13:11:30,765 - token_scanner - INFO - Starting DexScreener profile scan...
2025-06-11 13:11:30,765 - token_scanner - INFO - Scanning DexScreener token profiles...
2025-06-11 13:11:30,765 - token_scanner - INFO - Fetching DexScreener: https://api.dexscreener.com/token-profiles/latest/v1
2025-06-11 13:11:30,865 - token_scanner - INFO - DexScreener API response type: <class 'list'>, length: 30
2025-06-11 13:11:30,865 - token_scanner - INFO - First item structure: ['url', 'chainId', 'tokenAddress', 'icon', 'header', 'openGraph', 'description', 'links']
2025-06-11 13:11:30,865 - token_scanner - INFO - Processing DexScreener response of type: <class 'list'>
2025-06-11 13:11:30,865 - token_scanner - INFO - Processing 30 items from list response
2025-06-11 13:11:31,026 - token_scanner - INFO - Found real market data for e5xCWvncmrAqAFUBxVFYHr9pG1T1CbT58KGLLeXpump
2025-06-11 13:11:31,126 - token_scanner - ERROR - Error processing DexScreener profiles response: 'info'
2025-06-11 13:11:31,127 - token_scanner - INFO - Successfully fetched 1 tokens from DexScreener
2025-06-11 13:11:31,127 - token_scanner - INFO - Successfully got 1 tokens from profiles endpoint
2025-06-11 13:11:32,127 - token_scanner - INFO - Found 1 tokens from DexScreener profiles
2025-06-11 13:11:32,127 - token_scanner - INFO - DexScreener found 1 tokens
2025-06-11 13:11:32,127 - token_scanner - INFO - Starting Pump.fun scan...
2025-06-11 13:11:32,128 - token_scanner - INFO - Scanning Pump.fun endpoints...
2025-06-11 13:11:32,128 - token_scanner - INFO - Fetching Pump.fun (attempt 1): https://frontend-api.pump.fun/coins?offset=0&limit=100&sort=created_timestamp&order=DESC
2025-06-11 13:11:32,275 - token_scanner - WARNING - Pump.fun maintenance mode for https://frontend-api.pump.fun/coins?offset=0&limit=100&sort=created_timestamp&order=DESC, skipping remaining retries
2025-06-11 13:11:33,276 - token_scanner - INFO - Fetching Pump.fun (attempt 1): https://frontend-api.pump.fun/coins?offset=0&limit=100&sort=market_cap&order=DESC
2025-06-11 13:11:33,372 - token_scanner - WARNING - Pump.fun maintenance mode for https://frontend-api.pump.fun/coins?offset=0&limit=100&sort=market_cap&order=DESC, skipping remaining retries
2025-06-11 13:11:34,372 - token_scanner - INFO - Fetching Pump.fun (attempt 1): https://frontend-api.pump.fun/coins?offset=0&limit=100&sort=last_trade_timestamp&order=DESC
2025-06-11 13:11:34,470 - token_scanner - WARNING - Pump.fun maintenance mode for https://frontend-api.pump.fun/coins?offset=0&limit=100&sort=last_trade_timestamp&order=DESC, skipping remaining retries
2025-06-11 13:11:35,470 - token_scanner - INFO - Fetching Pump.fun (attempt 1): https://frontend-api.pump.fun/coins/king-of-the-hill
2025-06-11 13:11:35,556 - token_scanner - WARNING - Pump.fun maintenance mode for https://frontend-api.pump.fun/coins/king-of-the-hill, skipping remaining retries
2025-06-11 13:11:36,557 - token_scanner - WARNING - All Pump.fun endpoints appear to be in maintenance mode
2025-06-11 13:11:36,557 - token_scanner - INFO - Found 0 tokens from Pump.fun
2025-06-11 13:11:36,557 - token_scanner - INFO - Pump.fun found 0 tokens
2025-06-11 13:11:36,557 - token_scanner - INFO - Scan summary - Total: 1, Unique: 1, Filtered: 0
2025-06-11 13:11:36,558 - utils - INFO - No tokens found
2025-06-11 13:13:36,590 - utils - INFO - Starting token scan...
2025-06-11 13:13:36,591 - token_scanner - INFO - Starting DexScreener profile scan...
2025-06-11 13:13:36,591 - token_scanner - INFO - Scanning DexScreener token profiles...
2025-06-11 13:13:36,591 - token_scanner - INFO - Fetching DexScreener: https://api.dexscreener.com/token-profiles/latest/v1
2025-06-11 13:13:36,672 - token_scanner - INFO - DexScreener API response type: <class 'list'>, length: 30
2025-06-11 13:13:36,672 - token_scanner - INFO - First item structure: ['url', 'chainId', 'tokenAddress', 'icon', 'header', 'openGraph', 'description', 'links']
2025-06-11 13:13:36,672 - token_scanner - INFO - Processing DexScreener response of type: <class 'list'>
2025-06-11 13:13:36,672 - token_scanner - INFO - Processing 30 items from list response
2025-06-11 13:13:37,181 - token_scanner - INFO - Found real market data for e5xCWvncmrAqAFUBxVFYHr9pG1T1CbT58KGLLeXpump
2025-06-11 13:13:37,808 - token_scanner - INFO - Found real market data for cPE6h963S6n4rg9HDiZLGc4wwoTB65uhAR8Rf1rpump
2025-06-11 13:13:37,964 - token_scanner - INFO - Found real market data for 3mUhrAY4Xm7z3VqAMBUhhhFWZvBduajk9wcwC9Hspump
2025-06-11 13:13:38,260 - token_scanner - INFO - Found real market data for 0x51Dd7C0CeCb01b5D68dCA901dc0706e6D0AB76e1
2025-06-11 13:13:38,440 - token_scanner - INFO - Found real market data for 9GM5dgAKiHwVzcdd8zGmBXwg6QCk1UGxRA8JArTdpump
2025-06-11 13:13:38,860 - token_scanner - INFO - Found real market data for 5JRf4kdUt8rhES2XCBEygga4NDeRrv8bDUfzMBkgpump
2025-06-11 13:13:39,329 - token_scanner - INFO - Found real market data for 2ZnUW9R4gxaq7S7Caf8sdZXwgZ2obsrCeJY3mwVFpump
2025-06-11 13:13:39,889 - token_scanner - INFO - Found real market data for 0x7B414099B11F9558F2787076be232DfAaba7A127
2025-06-11 13:13:40,045 - token_scanner - INFO - Found real market data for 0x4b76312f6db2A4978f050d21b59Fc2Cd6ef5fe32
2025-06-11 13:13:40,487 - token_scanner - INFO - Found real market data for H2Mqhd3zjWpBDWEYJnBAbmkmftCwAu14WsUVXmeiVGAH
2025-06-11 13:13:40,643 - token_scanner - INFO - Found real market data for 0x90e971F3a6Cc9F36b7296dD9C25CbBD955d3c304
2025-06-11 13:13:40,800 - token_scanner - INFO - Found real market data for EgixdvE18LuQS5RxkgBwG7JRULv3Cb4k4g3cHu1Cpump
2025-06-11 13:13:40,958 - token_scanner - INFO - Found real market data for 4X3PdLSS7H2ntbGoSAP9GYJ2YDmxZGPkQFY6AQmSmori
2025-06-11 13:13:41,126 - token_scanner - INFO - Found real market data for EQB_Ly8TKDQTMbsskFUQ5kiDJow7YBXmc12UGjbx7S4IRQLA
2025-06-11 13:13:41,295 - token_scanner - INFO - Found real market data for 6GZ7RyfexyFhUVfSAXno7jLUCXkr7NQ393to1N52pump
2025-06-11 13:13:41,445 - token_scanner - INFO - Found real market data for CYuv7gvsMZHc7UvHKAitYdVexF9Y4afCkSdPu2eQfBD6
2025-06-11 13:13:41,546 - token_scanner - INFO - DexScreener processing stats - Processed: 30, No address: 0, Age filtered: 1, Final tokens: 29
2025-06-11 13:13:41,546 - token_scanner - INFO - Successfully fetched 29 tokens from DexScreener
2025-06-11 13:13:41,546 - token_scanner - INFO - Successfully got 29 tokens from profiles endpoint
2025-06-11 13:13:42,546 - token_scanner - INFO - Found 29 tokens from DexScreener profiles
2025-06-11 13:13:42,547 - token_scanner - INFO - DexScreener found 29 tokens
2025-06-11 13:13:42,547 - token_scanner - INFO - Starting Pump.fun scan...
2025-06-11 13:13:42,547 - token_scanner - INFO - Scanning Pump.fun endpoints...
2025-06-11 13:13:42,547 - token_scanner - INFO - Fetching Pump.fun (attempt 1): https://frontend-api.pump.fun/coins?offset=0&limit=100&sort=created_timestamp&order=DESC
2025-06-11 13:13:42,682 - token_scanner - WARNING - Pump.fun maintenance mode for https://frontend-api.pump.fun/coins?offset=0&limit=100&sort=created_timestamp&order=DESC, skipping remaining retries
2025-06-11 13:13:43,682 - token_scanner - INFO - Fetching Pump.fun (attempt 1): https://frontend-api.pump.fun/coins?offset=0&limit=100&sort=market_cap&order=DESC
2025-06-11 13:13:43,772 - token_scanner - WARNING - Pump.fun maintenance mode for https://frontend-api.pump.fun/coins?offset=0&limit=100&sort=market_cap&order=DESC, skipping remaining retries
2025-06-11 13:13:44,774 - token_scanner - INFO - Fetching Pump.fun (attempt 1): https://frontend-api.pump.fun/coins?offset=0&limit=100&sort=last_trade_timestamp&order=DESC
2025-06-11 13:13:44,874 - token_scanner - WARNING - Pump.fun maintenance mode for https://frontend-api.pump.fun/coins?offset=0&limit=100&sort=last_trade_timestamp&order=DESC, skipping remaining retries
2025-06-11 13:13:45,874 - token_scanner - INFO - Fetching Pump.fun (attempt 1): https://frontend-api.pump.fun/coins/king-of-the-hill
2025-06-11 13:13:45,969 - token_scanner - WARNING - Pump.fun maintenance mode for https://frontend-api.pump.fun/coins/king-of-the-hill, skipping remaining retries
2025-06-11 13:13:46,969 - token_scanner - WARNING - All Pump.fun endpoints appear to be in maintenance mode
2025-06-11 13:13:46,970 - token_scanner - INFO - Found 0 tokens from Pump.fun
2025-06-11 13:13:46,970 - token_scanner - INFO - Pump.fun found 0 tokens
2025-06-11 13:13:46,970 - token_scanner - INFO - Scan summary - Total: 29, Unique: 29, Filtered: 9
2025-06-11 13:13:46,970 - utils - INFO - Found 9 tokens to process
2025-06-11 13:13:47,445 - telegram_bot - INFO - Message sent successfully to Telegram
2025-06-11 13:13:49,932 - telegram_bot - INFO - Message sent successfully to Telegram
2025-06-11 13:13:52,447 - telegram_bot - INFO - Message sent successfully to Telegram
2025-06-11 13:13:54,922 - telegram_bot - INFO - Message sent successfully to Telegram
2025-06-11 13:13:57,388 - telegram_bot - INFO - Message sent successfully to Telegram
2025-06-11 13:13:59,870 - telegram_bot - INFO - Message sent successfully to Telegram
2025-06-11 13:14:02,365 - telegram_bot - INFO - Message sent successfully to Telegram
2025-06-11 13:14:04,861 - telegram_bot - INFO - Message sent successfully to Telegram
2025-06-11 13:14:07,351 - telegram_bot - INFO - Message sent successfully to Telegram
2025-06-11 13:14:09,352 - utils - INFO - Sent 9 notifications
2025-06-11 13:15:42,685 - utils - INFO - Received shutdown signal, stopping bot...
2025-06-11 13:15:43,368 - utils - INFO - Bot stopped
