2025-06-11 11:59:36,651 - utils - INFO - Logging initialized. Log file: logs/bot_20250611_115936.log
2025-06-11 11:59:36,651 - utils - INFO - Starting Pump.fun Token Scanner Bot...
2025-06-11 11:59:36,651 - utils - INFO - Configuration: {'min_market_cap': 10000, 'max_market_cap': 1000000, 'min_age_seconds': 5, 'max_age_seconds': 604800, 'min_liquidity': 500, 'scan_interval_minutes': 1, 'max_tokens_per_scan': 50, 'duplicate_check_hours': 6, 'max_retries': 3, 'request_timeout': 30, 'rate_limit_delay': 1.0}
2025-06-11 11:59:36,651 - utils - INFO - Running initial scan...
2025-06-11 11:59:36,651 - utils - INFO - Starting token scan...
2025-06-11 11:59:36,652 - token_scanner - INFO - Starting DexScreener profile scan...
2025-06-11 11:59:36,652 - token_scanner - INFO - Scanning DexScreener token profiles...
2025-06-11 11:59:36,652 - token_scanner - INFO - Fetching DexScreener: https://api.dexscreener.com/token-profiles/latest/v1
2025-06-11 11:59:36,740 - token_scanner - INFO - Successfully fetched 0 tokens from DexScreener
2025-06-11 11:59:37,742 - token_scanner - INFO - Found 0 tokens from DexScreener profiles
2025-06-11 11:59:37,742 - token_scanner - INFO - DexScreener found 0 tokens
2025-06-11 11:59:37,742 - token_scanner - INFO - Scan summary - Total: 0, Unique: 0, Filtered: 0
2025-06-11 11:59:37,742 - utils - INFO - No tokens found
2025-06-11 11:59:37,743 - utils - INFO - Starting scheduler thread...
2025-06-11 11:59:37,743 - utils - INFO - Bot started. Scanning every 1 minutes...
2025-06-11 12:00:36,750 - utils - INFO - Starting token scan...
2025-06-11 12:00:36,750 - token_scanner - INFO - Starting DexScreener profile scan...
2025-06-11 12:00:36,750 - token_scanner - INFO - Scanning DexScreener token profiles...
2025-06-11 12:00:36,751 - token_scanner - INFO - Fetching DexScreener: https://api.dexscreener.com/token-profiles/latest/v1
2025-06-11 12:00:36,822 - token_scanner - INFO - Successfully fetched 0 tokens from DexScreener
2025-06-11 12:00:37,823 - token_scanner - INFO - Found 0 tokens from DexScreener profiles
2025-06-11 12:00:37,823 - token_scanner - INFO - DexScreener found 0 tokens
2025-06-11 12:00:37,823 - token_scanner - INFO - Scan summary - Total: 0, Unique: 0, Filtered: 0
2025-06-11 12:00:37,823 - utils - INFO - No tokens found
2025-06-11 12:01:07,978 - utils - INFO - Received shutdown signal, stopping bot...
2025-06-11 12:01:07,978 - utils - INFO - Received shutdown signal, stopping bot...
2025-06-11 12:01:08,827 - utils - INFO - Bot stopped
