2025-06-11 12:02:41,114 - utils - INFO - Logging initialized. Log file: logs/bot_20250611_120241.log
2025-06-11 12:02:41,114 - utils - INFO - Starting Pump.fun Token Scanner Bot...
2025-06-11 12:02:41,114 - utils - INFO - Configuration: {'min_market_cap': 10000, 'max_market_cap': 1000000, 'min_age_seconds': 5, 'max_age_seconds': 604800, 'min_liquidity': 500, 'scan_interval_minutes': 1, 'max_tokens_per_scan': 50, 'duplicate_check_hours': 6, 'max_retries': 3, 'request_timeout': 30, 'rate_limit_delay': 1.0}
2025-06-11 12:02:41,114 - utils - INFO - Running initial scan...
2025-06-11 12:02:41,114 - utils - INFO - Starting token scan...
2025-06-11 12:02:41,115 - token_scanner - INFO - Starting DexScreener profile scan...
2025-06-11 12:02:41,115 - token_scanner - INFO - Scanning DexScreener token profiles...
2025-06-11 12:02:41,115 - token_scanner - INFO - Fetching DexScreener: https://api.dexscreener.com/token-profiles/latest/v1
2025-06-11 12:02:41,201 - token_scanner - INFO - DexScreener API response type: <class 'list'>, length: 30
2025-06-11 12:02:41,201 - token_scanner - INFO - First item structure: ['url', 'chainId', 'tokenAddress', 'icon', 'header', 'openGraph', 'description', 'links']
2025-06-11 12:02:41,201 - token_scanner - INFO - Processing DexScreener response of type: <class 'list'>
2025-06-11 12:02:41,202 - token_scanner - INFO - Processing 30 items from list response
2025-06-11 12:02:41,202 - token_scanner - INFO - DexScreener processing stats - Processed: 30, No address: 0, Age filtered: 0, Final tokens: 30
2025-06-11 12:02:41,202 - token_scanner - INFO - Successfully fetched 30 tokens from DexScreener
2025-06-11 12:02:41,202 - token_scanner - INFO - Successfully got 30 tokens from profiles endpoint
2025-06-11 12:02:42,203 - token_scanner - INFO - Found 30 tokens from DexScreener profiles
2025-06-11 12:02:42,203 - token_scanner - INFO - DexScreener found 30 tokens
2025-06-11 12:02:42,203 - token_scanner - INFO - Starting Pump.fun scan...
2025-06-11 12:02:42,203 - token_scanner - INFO - Scanning Pump.fun endpoints...
2025-06-11 12:02:42,203 - token_scanner - INFO - Fetching Pump.fun (attempt 1): https://frontend-api.pump.fun/coins?offset=0&limit=100&sort=created_timestamp&order=DESC
2025-06-11 12:02:42,339 - token_scanner - WARNING - Pump.fun maintenance mode for https://frontend-api.pump.fun/coins?offset=0&limit=100&sort=created_timestamp&order=DESC, skipping remaining retries
2025-06-11 12:02:43,340 - token_scanner - INFO - Fetching Pump.fun (attempt 1): https://frontend-api.pump.fun/coins?offset=0&limit=100&sort=market_cap&order=DESC
2025-06-11 12:02:43,430 - token_scanner - WARNING - Pump.fun maintenance mode for https://frontend-api.pump.fun/coins?offset=0&limit=100&sort=market_cap&order=DESC, skipping remaining retries
2025-06-11 12:02:44,430 - token_scanner - INFO - Fetching Pump.fun (attempt 1): https://frontend-api.pump.fun/coins?offset=0&limit=100&sort=last_trade_timestamp&order=DESC
2025-06-11 12:02:44,519 - token_scanner - WARNING - Pump.fun maintenance mode for https://frontend-api.pump.fun/coins?offset=0&limit=100&sort=last_trade_timestamp&order=DESC, skipping remaining retries
2025-06-11 12:02:45,520 - token_scanner - INFO - Fetching Pump.fun (attempt 1): https://frontend-api.pump.fun/coins/king-of-the-hill
2025-06-11 12:02:45,608 - token_scanner - WARNING - Pump.fun maintenance mode for https://frontend-api.pump.fun/coins/king-of-the-hill, skipping remaining retries
2025-06-11 12:02:46,608 - token_scanner - WARNING - All Pump.fun endpoints appear to be in maintenance mode
2025-06-11 12:02:46,608 - token_scanner - INFO - Found 0 tokens from Pump.fun
2025-06-11 12:02:46,609 - token_scanner - INFO - Pump.fun found 0 tokens
2025-06-11 12:02:46,609 - token_scanner - INFO - Scan summary - Total: 30, Unique: 30, Filtered: 30
2025-06-11 12:02:46,609 - utils - INFO - Found 30 tokens to process
2025-06-11 12:02:46,920 - telegram_bot - ERROR - HTTP error 400 when sending to Telegram
2025-06-11 12:02:47,395 - telegram_bot - INFO - Message sent successfully to Telegram
2025-06-11 12:02:49,874 - telegram_bot - INFO - Message sent successfully to Telegram
2025-06-11 12:02:52,382 - telegram_bot - INFO - Message sent successfully to Telegram
2025-06-11 12:02:54,860 - telegram_bot - INFO - Message sent successfully to Telegram
2025-06-11 12:02:57,361 - telegram_bot - INFO - Message sent successfully to Telegram
2025-06-11 12:02:59,836 - telegram_bot - INFO - Message sent successfully to Telegram
2025-06-11 12:03:02,590 - telegram_bot - INFO - Message sent successfully to Telegram
2025-06-11 12:03:05,094 - telegram_bot - INFO - Message sent successfully to Telegram
2025-06-11 12:03:07,609 - telegram_bot - INFO - Message sent successfully to Telegram
2025-06-11 12:03:10,121 - telegram_bot - INFO - Message sent successfully to Telegram
2025-06-11 12:03:12,605 - telegram_bot - INFO - Message sent successfully to Telegram
2025-06-11 12:03:15,111 - telegram_bot - INFO - Message sent successfully to Telegram
2025-06-11 12:03:17,600 - telegram_bot - INFO - Message sent successfully to Telegram
2025-06-11 12:03:20,089 - telegram_bot - INFO - Message sent successfully to Telegram
2025-06-11 12:03:22,625 - telegram_bot - INFO - Message sent successfully to Telegram
2025-06-11 12:03:25,097 - telegram_bot - INFO - Message sent successfully to Telegram
2025-06-11 12:03:27,614 - telegram_bot - INFO - Message sent successfully to Telegram
2025-06-11 12:03:30,123 - telegram_bot - INFO - Message sent successfully to Telegram
2025-06-11 12:03:32,601 - telegram_bot - INFO - Message sent successfully to Telegram
2025-06-11 12:03:35,083 - telegram_bot - INFO - Message sent successfully to Telegram
2025-06-11 12:03:37,508 - telegram_bot - ERROR - HTTP error 429 when sending to Telegram
2025-06-11 12:03:37,940 - telegram_bot - ERROR - HTTP error 429 when sending to Telegram
2025-06-11 12:03:38,374 - telegram_bot - ERROR - HTTP error 429 when sending to Telegram
2025-06-11 12:03:38,804 - telegram_bot - ERROR - HTTP error 429 when sending to Telegram
2025-06-11 12:03:47,416 - telegram_bot - INFO - Message sent successfully to Telegram
2025-06-11 12:03:49,890 - telegram_bot - INFO - Message sent successfully to Telegram
2025-06-11 12:03:52,373 - telegram_bot - INFO - Message sent successfully to Telegram
2025-06-11 12:03:54,863 - telegram_bot - INFO - Message sent successfully to Telegram
2025-06-11 12:03:57,388 - telegram_bot - INFO - Message sent successfully to Telegram
2025-06-11 12:03:59,389 - utils - INFO - Sent 25 notifications
2025-06-11 12:03:59,390 - utils - INFO - Starting scheduler thread...
2025-06-11 12:03:59,390 - utils - INFO - Bot started. Scanning every 1 minutes...
2025-06-11 12:03:59,390 - utils - INFO - Starting token scan...
2025-06-11 12:03:59,391 - token_scanner - INFO - Starting DexScreener profile scan...
2025-06-11 12:03:59,391 - token_scanner - INFO - Scanning DexScreener token profiles...
2025-06-11 12:03:59,391 - token_scanner - INFO - Fetching DexScreener: https://api.dexscreener.com/token-profiles/latest/v1
2025-06-11 12:03:59,469 - token_scanner - INFO - DexScreener API response type: <class 'list'>, length: 30
2025-06-11 12:03:59,469 - token_scanner - INFO - First item structure: ['url', 'chainId', 'tokenAddress', 'icon', 'header', 'openGraph', 'description', 'links']
2025-06-11 12:03:59,469 - token_scanner - INFO - Processing DexScreener response of type: <class 'list'>
2025-06-11 12:03:59,470 - token_scanner - INFO - Processing 30 items from list response
2025-06-11 12:03:59,470 - token_scanner - INFO - DexScreener processing stats - Processed: 30, No address: 0, Age filtered: 0, Final tokens: 30
2025-06-11 12:03:59,470 - token_scanner - INFO - Successfully fetched 30 tokens from DexScreener
2025-06-11 12:03:59,470 - token_scanner - INFO - Successfully got 30 tokens from profiles endpoint
2025-06-11 12:04:00,471 - token_scanner - INFO - Found 30 tokens from DexScreener profiles
2025-06-11 12:04:00,471 - token_scanner - INFO - DexScreener found 30 tokens
2025-06-11 12:04:00,471 - token_scanner - INFO - Starting Pump.fun scan...
2025-06-11 12:04:00,471 - token_scanner - INFO - Scanning Pump.fun endpoints...
2025-06-11 12:04:00,472 - token_scanner - INFO - Fetching Pump.fun (attempt 1): https://frontend-api.pump.fun/coins?offset=0&limit=100&sort=created_timestamp&order=DESC
2025-06-11 12:04:00,588 - token_scanner - WARNING - Pump.fun maintenance mode for https://frontend-api.pump.fun/coins?offset=0&limit=100&sort=created_timestamp&order=DESC, skipping remaining retries
2025-06-11 12:04:01,588 - token_scanner - INFO - Fetching Pump.fun (attempt 1): https://frontend-api.pump.fun/coins?offset=0&limit=100&sort=market_cap&order=DESC
2025-06-11 12:04:01,680 - token_scanner - WARNING - Pump.fun maintenance mode for https://frontend-api.pump.fun/coins?offset=0&limit=100&sort=market_cap&order=DESC, skipping remaining retries
2025-06-11 12:04:02,681 - token_scanner - INFO - Fetching Pump.fun (attempt 1): https://frontend-api.pump.fun/coins?offset=0&limit=100&sort=last_trade_timestamp&order=DESC
2025-06-11 12:04:02,773 - token_scanner - WARNING - Pump.fun maintenance mode for https://frontend-api.pump.fun/coins?offset=0&limit=100&sort=last_trade_timestamp&order=DESC, skipping remaining retries
2025-06-11 12:04:03,774 - token_scanner - INFO - Fetching Pump.fun (attempt 1): https://frontend-api.pump.fun/coins/king-of-the-hill
2025-06-11 12:04:03,877 - token_scanner - WARNING - Pump.fun maintenance mode for https://frontend-api.pump.fun/coins/king-of-the-hill, skipping remaining retries
2025-06-11 12:04:04,877 - token_scanner - WARNING - All Pump.fun endpoints appear to be in maintenance mode
2025-06-11 12:04:04,877 - token_scanner - INFO - Found 0 tokens from Pump.fun
2025-06-11 12:04:04,877 - token_scanner - INFO - Pump.fun found 0 tokens
2025-06-11 12:04:04,878 - token_scanner - INFO - Scan summary - Total: 30, Unique: 30, Filtered: 30
2025-06-11 12:04:04,878 - utils - INFO - Found 30 tokens to process
2025-06-11 12:04:05,363 - telegram_bot - INFO - Message sent successfully to Telegram
2025-06-11 12:04:07,676 - telegram_bot - ERROR - HTTP error 400 when sending to Telegram
2025-06-11 12:04:08,154 - telegram_bot - INFO - Message sent successfully to Telegram
2025-06-11 12:04:10,677 - telegram_bot - INFO - Message sent successfully to Telegram
2025-06-11 12:04:13,160 - telegram_bot - INFO - Message sent successfully to Telegram
2025-06-11 12:04:15,625 - telegram_bot - INFO - Message sent successfully to Telegram
2025-06-11 12:04:18,110 - telegram_bot - INFO - Message sent successfully to Telegram
2025-06-11 12:04:20,597 - telegram_bot - INFO - Message sent successfully to Telegram
2025-06-11 12:04:23,078 - telegram_bot - INFO - Message sent successfully to Telegram
2025-06-11 12:04:25,616 - telegram_bot - INFO - Message sent successfully to Telegram
2025-06-11 12:04:28,139 - telegram_bot - INFO - Message sent successfully to Telegram
2025-06-11 12:04:30,679 - telegram_bot - INFO - Message sent successfully to Telegram
2025-06-11 12:04:33,190 - telegram_bot - INFO - Message sent successfully to Telegram
2025-06-11 12:04:35,695 - telegram_bot - INFO - Message sent successfully to Telegram
2025-06-11 12:04:38,175 - telegram_bot - INFO - Message sent successfully to Telegram
2025-06-11 12:04:40,687 - telegram_bot - INFO - Message sent successfully to Telegram
2025-06-11 12:04:50,467 - telegram_bot - INFO - Message sent successfully to Telegram
2025-06-11 12:04:52,962 - telegram_bot - INFO - Message sent successfully to Telegram
2025-06-11 12:04:55,489 - telegram_bot - INFO - Message sent successfully to Telegram
2025-06-11 12:04:57,990 - telegram_bot - INFO - Message sent successfully to Telegram
2025-06-11 12:05:00,497 - telegram_bot - INFO - Message sent successfully to Telegram
2025-06-11 12:05:02,992 - telegram_bot - INFO - Message sent successfully to Telegram
2025-06-11 12:05:05,470 - telegram_bot - INFO - Message sent successfully to Telegram
2025-06-11 12:05:07,940 - telegram_bot - INFO - Message sent successfully to Telegram
2025-06-11 12:05:10,428 - telegram_bot - INFO - Message sent successfully to Telegram
2025-06-11 12:05:12,900 - telegram_bot - INFO - Message sent successfully to Telegram
2025-06-11 12:05:15,379 - telegram_bot - INFO - Message sent successfully to Telegram
2025-06-11 12:05:17,879 - telegram_bot - INFO - Message sent successfully to Telegram
2025-06-11 12:05:20,367 - telegram_bot - INFO - Message sent successfully to Telegram
2025-06-11 12:05:22,888 - telegram_bot - INFO - Message sent successfully to Telegram
2025-06-11 12:05:24,888 - utils - INFO - Sent 29 notifications
2025-06-11 12:06:24,900 - utils - INFO - Starting token scan...
2025-06-11 12:06:24,901 - token_scanner - INFO - Starting DexScreener profile scan...
2025-06-11 12:06:24,901 - token_scanner - INFO - Scanning DexScreener token profiles...
2025-06-11 12:06:24,901 - token_scanner - INFO - Fetching DexScreener: https://api.dexscreener.com/token-profiles/latest/v1
2025-06-11 12:06:24,959 - token_scanner - INFO - DexScreener API response type: <class 'list'>, length: 30
2025-06-11 12:06:24,959 - token_scanner - INFO - First item structure: ['url', 'chainId', 'tokenAddress', 'icon', 'header', 'openGraph', 'description', 'links']
2025-06-11 12:06:24,959 - token_scanner - INFO - Processing DexScreener response of type: <class 'list'>
2025-06-11 12:06:24,959 - token_scanner - INFO - Processing 30 items from list response
2025-06-11 12:06:24,960 - token_scanner - INFO - DexScreener processing stats - Processed: 30, No address: 0, Age filtered: 0, Final tokens: 30
2025-06-11 12:06:24,960 - token_scanner - INFO - Successfully fetched 30 tokens from DexScreener
2025-06-11 12:06:24,960 - token_scanner - INFO - Successfully got 30 tokens from profiles endpoint
2025-06-11 12:06:25,960 - token_scanner - INFO - Found 30 tokens from DexScreener profiles
2025-06-11 12:06:25,960 - token_scanner - INFO - DexScreener found 30 tokens
2025-06-11 12:06:25,961 - token_scanner - INFO - Starting Pump.fun scan...
2025-06-11 12:06:25,961 - token_scanner - INFO - Scanning Pump.fun endpoints...
2025-06-11 12:06:25,961 - token_scanner - INFO - Fetching Pump.fun (attempt 1): https://frontend-api.pump.fun/coins?offset=0&limit=100&sort=created_timestamp&order=DESC
2025-06-11 12:06:26,096 - token_scanner - WARNING - Pump.fun maintenance mode for https://frontend-api.pump.fun/coins?offset=0&limit=100&sort=created_timestamp&order=DESC, skipping remaining retries
2025-06-11 12:06:27,097 - token_scanner - INFO - Fetching Pump.fun (attempt 1): https://frontend-api.pump.fun/coins?offset=0&limit=100&sort=market_cap&order=DESC
2025-06-11 12:06:27,185 - token_scanner - WARNING - Pump.fun maintenance mode for https://frontend-api.pump.fun/coins?offset=0&limit=100&sort=market_cap&order=DESC, skipping remaining retries
2025-06-11 12:06:28,185 - token_scanner - INFO - Fetching Pump.fun (attempt 1): https://frontend-api.pump.fun/coins?offset=0&limit=100&sort=last_trade_timestamp&order=DESC
2025-06-11 12:06:28,274 - token_scanner - WARNING - Pump.fun maintenance mode for https://frontend-api.pump.fun/coins?offset=0&limit=100&sort=last_trade_timestamp&order=DESC, skipping remaining retries
2025-06-11 12:06:29,275 - token_scanner - INFO - Fetching Pump.fun (attempt 1): https://frontend-api.pump.fun/coins/king-of-the-hill
2025-06-11 12:06:29,362 - token_scanner - WARNING - Pump.fun maintenance mode for https://frontend-api.pump.fun/coins/king-of-the-hill, skipping remaining retries
2025-06-11 12:06:30,362 - token_scanner - WARNING - All Pump.fun endpoints appear to be in maintenance mode
2025-06-11 12:06:30,362 - token_scanner - INFO - Found 0 tokens from Pump.fun
2025-06-11 12:06:30,363 - token_scanner - INFO - Pump.fun found 0 tokens
2025-06-11 12:06:30,363 - token_scanner - INFO - Scan summary - Total: 30, Unique: 30, Filtered: 30
2025-06-11 12:06:30,363 - utils - INFO - Found 30 tokens to process
2025-06-11 12:06:30,895 - telegram_bot - INFO - Message sent successfully to Telegram
2025-06-11 12:06:33,410 - telegram_bot - INFO - Message sent successfully to Telegram
2025-06-11 12:06:35,886 - telegram_bot - INFO - Message sent successfully to Telegram
2025-06-11 12:06:38,407 - telegram_bot - INFO - Message sent successfully to Telegram
2025-06-11 12:06:40,887 - telegram_bot - INFO - Message sent successfully to Telegram
2025-06-11 12:06:43,405 - telegram_bot - INFO - Message sent successfully to Telegram
2025-06-11 12:06:45,881 - telegram_bot - INFO - Message sent successfully to Telegram
2025-06-11 12:06:48,349 - telegram_bot - INFO - Message sent successfully to Telegram
2025-06-11 12:06:50,842 - telegram_bot - INFO - Message sent successfully to Telegram
2025-06-11 12:06:53,353 - telegram_bot - INFO - Message sent successfully to Telegram
2025-06-11 12:06:55,826 - telegram_bot - INFO - Message sent successfully to Telegram
2025-06-11 12:06:58,310 - telegram_bot - INFO - Message sent successfully to Telegram
2025-06-11 12:07:00,636 - telegram_bot - ERROR - HTTP error 400 when sending to Telegram
2025-06-11 12:07:01,156 - telegram_bot - INFO - Message sent successfully to Telegram
2025-06-11 12:07:03,669 - telegram_bot - INFO - Message sent successfully to Telegram
2025-06-11 12:07:06,158 - telegram_bot - INFO - Message sent successfully to Telegram
2025-06-11 12:07:08,673 - telegram_bot - INFO - Message sent successfully to Telegram
2025-06-11 12:07:11,165 - telegram_bot - INFO - Message sent successfully to Telegram
2025-06-11 12:07:13,689 - telegram_bot - INFO - Message sent successfully to Telegram
2025-06-11 12:07:16,170 - telegram_bot - INFO - Message sent successfully to Telegram
2025-06-11 12:07:18,686 - telegram_bot - INFO - Message sent successfully to Telegram
2025-06-11 12:07:21,124 - telegram_bot - ERROR - HTTP error 429 when sending to Telegram
2025-06-11 12:07:21,558 - telegram_bot - ERROR - HTTP error 429 when sending to Telegram
2025-06-11 12:07:21,984 - telegram_bot - ERROR - HTTP error 429 when sending to Telegram
2025-06-11 12:07:30,530 - telegram_bot - ERROR - HTTP error 429 when sending to Telegram
2025-06-11 12:07:31,014 - telegram_bot - INFO - Message sent successfully to Telegram
2025-06-11 12:07:33,503 - telegram_bot - INFO - Message sent successfully to Telegram
2025-06-11 12:07:36,006 - telegram_bot - INFO - Message sent successfully to Telegram
2025-06-11 12:07:38,479 - telegram_bot - INFO - Message sent successfully to Telegram
2025-06-11 12:07:40,987 - telegram_bot - INFO - Message sent successfully to Telegram
2025-06-11 12:07:42,988 - utils - INFO - Sent 25 notifications
2025-06-11 12:08:42,999 - utils - INFO - Starting token scan...
2025-06-11 12:08:43,000 - token_scanner - INFO - Starting DexScreener profile scan...
2025-06-11 12:08:43,000 - token_scanner - INFO - Scanning DexScreener token profiles...
2025-06-11 12:08:43,000 - token_scanner - INFO - Fetching DexScreener: https://api.dexscreener.com/token-profiles/latest/v1
2025-06-11 12:08:43,095 - token_scanner - INFO - DexScreener API response type: <class 'list'>, length: 30
2025-06-11 12:08:43,095 - token_scanner - INFO - First item structure: ['url', 'chainId', 'tokenAddress', 'icon', 'openGraph', 'description', 'links']
2025-06-11 12:08:43,095 - token_scanner - INFO - Processing DexScreener response of type: <class 'list'>
2025-06-11 12:08:43,095 - token_scanner - INFO - Processing 30 items from list response
2025-06-11 12:08:43,096 - token_scanner - INFO - DexScreener processing stats - Processed: 30, No address: 0, Age filtered: 0, Final tokens: 30
2025-06-11 12:08:43,096 - token_scanner - INFO - Successfully fetched 30 tokens from DexScreener
2025-06-11 12:08:43,096 - token_scanner - INFO - Successfully got 30 tokens from profiles endpoint
2025-06-11 12:08:44,096 - token_scanner - INFO - Found 30 tokens from DexScreener profiles
2025-06-11 12:08:44,097 - token_scanner - INFO - DexScreener found 30 tokens
2025-06-11 12:08:44,097 - token_scanner - INFO - Starting Pump.fun scan...
2025-06-11 12:08:44,097 - token_scanner - INFO - Scanning Pump.fun endpoints...
2025-06-11 12:08:44,097 - token_scanner - INFO - Fetching Pump.fun (attempt 1): https://frontend-api.pump.fun/coins?offset=0&limit=100&sort=created_timestamp&order=DESC
2025-06-11 12:08:44,226 - token_scanner - WARNING - Pump.fun maintenance mode for https://frontend-api.pump.fun/coins?offset=0&limit=100&sort=created_timestamp&order=DESC, skipping remaining retries
2025-06-11 12:08:45,227 - token_scanner - INFO - Fetching Pump.fun (attempt 1): https://frontend-api.pump.fun/coins?offset=0&limit=100&sort=market_cap&order=DESC
2025-06-11 12:08:45,309 - token_scanner - WARNING - Pump.fun maintenance mode for https://frontend-api.pump.fun/coins?offset=0&limit=100&sort=market_cap&order=DESC, skipping remaining retries
2025-06-11 12:08:46,309 - token_scanner - INFO - Fetching Pump.fun (attempt 1): https://frontend-api.pump.fun/coins?offset=0&limit=100&sort=last_trade_timestamp&order=DESC
2025-06-11 12:08:46,396 - token_scanner - WARNING - Pump.fun maintenance mode for https://frontend-api.pump.fun/coins?offset=0&limit=100&sort=last_trade_timestamp&order=DESC, skipping remaining retries
2025-06-11 12:08:47,397 - token_scanner - INFO - Fetching Pump.fun (attempt 1): https://frontend-api.pump.fun/coins/king-of-the-hill
2025-06-11 12:08:47,474 - token_scanner - WARNING - Pump.fun maintenance mode for https://frontend-api.pump.fun/coins/king-of-the-hill, skipping remaining retries
2025-06-11 12:08:48,474 - token_scanner - WARNING - All Pump.fun endpoints appear to be in maintenance mode
2025-06-11 12:08:48,474 - token_scanner - INFO - Found 0 tokens from Pump.fun
2025-06-11 12:08:48,474 - token_scanner - INFO - Pump.fun found 0 tokens
2025-06-11 12:08:48,475 - token_scanner - INFO - Scan summary - Total: 30, Unique: 30, Filtered: 30
2025-06-11 12:08:48,475 - utils - INFO - Found 30 tokens to process
2025-06-11 12:08:48,953 - telegram_bot - INFO - Message sent successfully to Telegram
2025-06-11 12:08:51,442 - telegram_bot - INFO - Message sent successfully to Telegram
2025-06-11 12:08:53,922 - telegram_bot - INFO - Message sent successfully to Telegram
2025-06-11 12:08:56,407 - telegram_bot - INFO - Message sent successfully to Telegram
2025-06-11 12:08:58,890 - telegram_bot - INFO - Message sent successfully to Telegram
2025-06-11 12:09:01,387 - telegram_bot - INFO - Message sent successfully to Telegram
2025-06-11 12:09:03,903 - telegram_bot - INFO - Message sent successfully to Telegram
2025-06-11 12:09:06,382 - telegram_bot - INFO - Message sent successfully to Telegram
2025-06-11 12:09:08,861 - telegram_bot - INFO - Message sent successfully to Telegram
2025-06-11 12:09:11,332 - telegram_bot - INFO - Message sent successfully to Telegram
2025-06-11 12:09:13,817 - telegram_bot - INFO - Message sent successfully to Telegram
2025-06-11 12:09:16,319 - telegram_bot - INFO - Message sent successfully to Telegram
2025-06-11 12:09:18,784 - telegram_bot - INFO - Message sent successfully to Telegram
2025-06-11 12:09:21,264 - telegram_bot - INFO - Message sent successfully to Telegram
2025-06-11 12:09:23,740 - telegram_bot - INFO - Message sent successfully to Telegram
2025-06-11 12:09:26,211 - telegram_bot - INFO - Message sent successfully to Telegram
2025-06-11 12:09:28,689 - telegram_bot - INFO - Message sent successfully to Telegram
2025-06-11 12:09:31,003 - telegram_bot - ERROR - HTTP error 400 when sending to Telegram
2025-06-11 12:09:31,476 - telegram_bot - INFO - Message sent successfully to Telegram
2025-06-11 12:09:33,954 - telegram_bot - INFO - Message sent successfully to Telegram
2025-06-11 12:09:36,440 - telegram_bot - INFO - Message sent successfully to Telegram
2025-06-11 12:09:38,878 - telegram_bot - ERROR - HTTP error 429 when sending to Telegram
2025-06-11 12:09:39,320 - telegram_bot - ERROR - HTTP error 429 when sending to Telegram
2025-06-11 12:09:39,754 - telegram_bot - ERROR - HTTP error 429 when sending to Telegram
2025-06-11 12:09:48,328 - telegram_bot - ERROR - HTTP error 429 when sending to Telegram
2025-06-11 12:09:51,915 - telegram_bot - INFO - Message sent successfully to Telegram
2025-06-11 12:09:54,391 - telegram_bot - INFO - Message sent successfully to Telegram
2025-06-11 12:09:56,873 - telegram_bot - INFO - Message sent successfully to Telegram
2025-06-11 12:09:59,398 - telegram_bot - INFO - Message sent successfully to Telegram
2025-06-11 12:10:01,921 - telegram_bot - INFO - Message sent successfully to Telegram
2025-06-11 12:10:03,921 - utils - INFO - Sent 25 notifications
2025-06-11 12:10:19,427 - utils - INFO - Received shutdown signal, stopping bot...
2025-06-11 12:10:19,961 - utils - INFO - Bot stopped
