2025-06-09 15:13:08,065 - utils - INFO - Logging initialized. Log file: logs/bot_20250609_151308.log
2025-06-09 15:13:08,066 - utils - INFO - Starting Pump.fun Token Scanner Bot...
2025-06-09 15:13:08,066 - utils - INFO - Configuration: {'min_market_cap': 10000, 'max_market_cap': 1000000, 'min_age_seconds': 1, 'max_age_seconds': 86400, 'min_liquidity': 500, 'scan_interval_minutes': 3, 'max_tokens_per_scan': 50, 'duplicate_check_hours': 6, 'max_retries': 3, 'request_timeout': 30, 'rate_limit_delay': 1.0}
2025-06-09 15:13:08,066 - utils - INFO - Running initial scan...
2025-06-09 15:13:08,066 - utils - INFO - Starting token scan...
2025-06-09 15:13:08,067 - token_scanner - INFO - Starting comprehensive token scan...
2025-06-09 15:13:08,067 - token_scanner - INFO - Scanning DexScreener endpoints...
2025-06-09 15:13:08,067 - token_scanner - INFO - Fetching DexScreener: https://api.dexscreener.com/latest/dex/search/?q=raydium
2025-06-09 15:13:08,153 - token_scanner - INFO - Successfully fetched 0 tokens from DexScreener
2025-06-09 15:13:09,154 - token_scanner - INFO - Fetching DexScreener: https://api.dexscreener.com/latest/dex/search/?q=solana
2025-06-09 15:13:09,207 - token_scanner - INFO - Successfully fetched 0 tokens from DexScreener
2025-06-09 15:13:10,207 - token_scanner - INFO - Fetching DexScreener: https://api.dexscreener.com/token-boosts/latest/v1
2025-06-09 15:13:10,234 - token_scanner - INFO - Successfully fetched 0 tokens from DexScreener
2025-06-09 15:13:11,234 - token_scanner - INFO - Fetching DexScreener: https://api.dexscreener.com/latest/dex/search/?q=new
2025-06-09 15:13:11,531 - token_scanner - INFO - Successfully fetched 2 tokens from DexScreener
2025-06-09 15:13:12,531 - token_scanner - INFO - Fetching DexScreener: https://api.dexscreener.com/latest/dex/tokens/solana
2025-06-09 15:13:12,598 - token_scanner - INFO - Successfully fetched 0 tokens from DexScreener
2025-06-09 15:13:13,599 - token_scanner - INFO - Fetching DexScreener: https://api.dexscreener.com/token-profiles/latest/v1
2025-06-09 15:13:13,627 - token_scanner - INFO - Successfully fetched 0 tokens from DexScreener
2025-06-09 15:13:14,629 - token_scanner - INFO - Found 2 tokens from DexScreener (1 successful endpoints)
2025-06-09 15:13:14,629 - token_scanner - INFO - DexScreener found 2 tokens
2025-06-09 15:13:14,629 - token_scanner - INFO - Scanning Pump.fun endpoints...
2025-06-09 15:13:14,629 - token_scanner - INFO - Fetching Pump.fun (attempt 1): https://frontend-api.pump.fun/coins?offset=0&limit=100&sort=created_timestamp&order=DESC
2025-06-09 15:13:14,773 - token_scanner - WARNING - Pump.fun maintenance mode for https://frontend-api.pump.fun/coins?offset=0&limit=100&sort=created_timestamp&order=DESC, retrying in 10 seconds...
2025-06-09 15:13:21,197 - utils - INFO - Received shutdown signal, stopping bot...
2025-06-09 15:13:21,198 - utils - INFO - Bot stopped
