2025-06-11 12:51:31,935 - utils - INFO - Logging initialized. Log file: logs/bot_20250611_125131.log
2025-06-11 12:51:31,935 - utils - INFO - Starting Pump.fun Token Scanner Bot...
2025-06-11 12:51:31,935 - utils - INFO - Configuration: {'min_market_cap': 10000, 'max_market_cap': 1000000, 'min_age_seconds': 5, 'max_age_seconds': 604800, 'min_liquidity': 500, 'scan_interval_minutes': 2, 'max_tokens_per_scan': 50, 'duplicate_check_hours': 6, 'max_retries': 3, 'request_timeout': 30, 'rate_limit_delay': 1.0}
2025-06-11 12:51:31,935 - utils - INFO - Running initial scan...
2025-06-11 12:51:31,935 - utils - INFO - Starting token scan...
2025-06-11 12:51:31,936 - token_scanner - INFO - Starting DexScreener profile scan...
2025-06-11 12:51:31,936 - token_scanner - INFO - Scanning DexScreener token profiles...
2025-06-11 12:51:31,936 - token_scanner - INFO - Fetching DexScreener: https://api.dexscreener.com/token-profiles/latest/v1
2025-06-11 12:51:32,039 - token_scanner - INFO - DexScreener API response type: <class 'list'>, length: 30
2025-06-11 12:51:32,039 - token_scanner - INFO - First item structure: ['url', 'chainId', 'tokenAddress', 'icon', 'header', 'openGraph', 'description', 'links']
2025-06-11 12:51:32,039 - token_scanner - INFO - Processing DexScreener response of type: <class 'list'>
2025-06-11 12:51:32,039 - token_scanner - INFO - Processing 30 items from list response
2025-06-11 12:51:32,272 - token_scanner - INFO - Found real market data for 5JRf4kdUt8rhES2XCBEygga4NDeRrv8bDUfzMBkgpump
2025-06-11 12:51:32,750 - token_scanner - INFO - Found real market data for 2ZnUW9R4gxaq7S7Caf8sdZXwgZ2obsrCeJY3mwVFpump
2025-06-11 12:51:33,412 - token_scanner - INFO - Found real market data for 0x7B414099B11F9558F2787076be232DfAaba7A127
2025-06-11 12:51:33,573 - token_scanner - INFO - Found real market data for 0x4b76312f6db2A4978f050d21b59Fc2Cd6ef5fe32
2025-06-11 12:51:34,046 - token_scanner - INFO - Found real market data for H2Mqhd3zjWpBDWEYJnBAbmkmftCwAu14WsUVXmeiVGAH
2025-06-11 12:51:34,201 - token_scanner - INFO - Found real market data for 0x90e971F3a6Cc9F36b7296dD9C25CbBD955d3c304
2025-06-11 12:51:34,354 - token_scanner - INFO - Found real market data for EgixdvE18LuQS5RxkgBwG7JRULv3Cb4k4g3cHu1Cpump
2025-06-11 12:51:34,509 - token_scanner - INFO - Found real market data for 4X3PdLSS7H2ntbGoSAP9GYJ2YDmxZGPkQFY6AQmSmori
2025-06-11 12:51:34,674 - token_scanner - INFO - Found real market data for EQB_Ly8TKDQTMbsskFUQ5kiDJow7YBXmc12UGjbx7S4IRQLA
2025-06-11 12:51:34,837 - token_scanner - INFO - Found real market data for 6GZ7RyfexyFhUVfSAXno7jLUCXkr7NQ393to1N52pump
2025-06-11 12:51:34,987 - token_scanner - INFO - Found real market data for CYuv7gvsMZHc7UvHKAitYdVexF9Y4afCkSdPu2eQfBD6
2025-06-11 12:51:35,733 - token_scanner - INFO - Found real market data for 0x62c499BbE6040fE7CB8856a3df6EbF2CDCE8CF82
2025-06-11 12:51:35,834 - token_scanner - ERROR - Error processing DexScreener profiles response: 'pairCreatedAt'
2025-06-11 12:51:35,834 - token_scanner - INFO - Successfully fetched 22 tokens from DexScreener
2025-06-11 12:51:35,834 - token_scanner - INFO - Successfully got 22 tokens from profiles endpoint
2025-06-11 12:51:36,835 - token_scanner - INFO - Found 22 tokens from DexScreener profiles
2025-06-11 12:51:36,835 - token_scanner - INFO - DexScreener found 22 tokens
2025-06-11 12:51:36,835 - token_scanner - INFO - Starting Pump.fun scan...
2025-06-11 12:51:36,835 - token_scanner - INFO - Scanning Pump.fun endpoints...
2025-06-11 12:51:36,836 - token_scanner - INFO - Fetching Pump.fun (attempt 1): https://frontend-api.pump.fun/coins?offset=0&limit=100&sort=created_timestamp&order=DESC
2025-06-11 12:51:36,960 - token_scanner - WARNING - Pump.fun maintenance mode for https://frontend-api.pump.fun/coins?offset=0&limit=100&sort=created_timestamp&order=DESC, skipping remaining retries
2025-06-11 12:51:37,960 - token_scanner - INFO - Fetching Pump.fun (attempt 1): https://frontend-api.pump.fun/coins?offset=0&limit=100&sort=market_cap&order=DESC
2025-06-11 12:51:38,054 - token_scanner - WARNING - Pump.fun maintenance mode for https://frontend-api.pump.fun/coins?offset=0&limit=100&sort=market_cap&order=DESC, skipping remaining retries
2025-06-11 12:51:39,054 - token_scanner - INFO - Fetching Pump.fun (attempt 1): https://frontend-api.pump.fun/coins?offset=0&limit=100&sort=last_trade_timestamp&order=DESC
2025-06-11 12:51:39,192 - token_scanner - WARNING - Pump.fun maintenance mode for https://frontend-api.pump.fun/coins?offset=0&limit=100&sort=last_trade_timestamp&order=DESC, skipping remaining retries
2025-06-11 12:51:40,193 - token_scanner - INFO - Fetching Pump.fun (attempt 1): https://frontend-api.pump.fun/coins/king-of-the-hill
2025-06-11 12:51:40,283 - token_scanner - WARNING - Pump.fun maintenance mode for https://frontend-api.pump.fun/coins/king-of-the-hill, skipping remaining retries
2025-06-11 12:51:41,283 - token_scanner - WARNING - All Pump.fun endpoints appear to be in maintenance mode
2025-06-11 12:51:41,283 - token_scanner - INFO - Found 0 tokens from Pump.fun
2025-06-11 12:51:41,284 - token_scanner - INFO - Pump.fun found 0 tokens
2025-06-11 12:51:41,284 - token_scanner - INFO - Scan summary - Total: 22, Unique: 22, Filtered: 6
2025-06-11 12:51:41,284 - utils - INFO - Found 6 tokens to process
2025-06-11 12:51:41,754 - telegram_bot - INFO - Message sent successfully to Telegram
2025-06-11 12:51:44,272 - telegram_bot - INFO - Message sent successfully to Telegram
2025-06-11 12:51:46,747 - telegram_bot - INFO - Message sent successfully to Telegram
2025-06-11 12:51:49,259 - telegram_bot - INFO - Message sent successfully to Telegram
2025-06-11 12:51:51,738 - telegram_bot - INFO - Message sent successfully to Telegram
2025-06-11 12:51:54,223 - telegram_bot - INFO - Message sent successfully to Telegram
2025-06-11 12:51:56,224 - utils - INFO - Sent 6 notifications
2025-06-11 12:51:56,225 - utils - INFO - Starting scheduler thread...
2025-06-11 12:51:56,225 - utils - INFO - Bot started. Scanning every 2 minutes...
2025-06-11 12:53:32,238 - utils - INFO - Starting token scan...
2025-06-11 12:53:32,238 - token_scanner - INFO - Starting DexScreener profile scan...
2025-06-11 12:53:32,239 - token_scanner - INFO - Scanning DexScreener token profiles...
2025-06-11 12:53:32,239 - token_scanner - INFO - Fetching DexScreener: https://api.dexscreener.com/token-profiles/latest/v1
2025-06-11 12:53:32,386 - token_scanner - INFO - DexScreener API response type: <class 'list'>, length: 30
2025-06-11 12:53:32,386 - token_scanner - INFO - First item structure: ['url', 'chainId', 'tokenAddress', 'icon', 'header', 'openGraph', 'description', 'links']
2025-06-11 12:53:32,386 - token_scanner - INFO - Processing DexScreener response of type: <class 'list'>
2025-06-11 12:53:32,386 - token_scanner - INFO - Processing 30 items from list response
2025-06-11 12:53:32,741 - token_scanner - INFO - Found real market data for 5JRf4kdUt8rhES2XCBEygga4NDeRrv8bDUfzMBkgpump
2025-06-11 12:53:33,175 - token_scanner - INFO - Found real market data for 2ZnUW9R4gxaq7S7Caf8sdZXwgZ2obsrCeJY3mwVFpump
2025-06-11 12:53:33,738 - token_scanner - INFO - Found real market data for 0x7B414099B11F9558F2787076be232DfAaba7A127
2025-06-11 12:53:33,934 - token_scanner - INFO - Found real market data for 0x4b76312f6db2A4978f050d21b59Fc2Cd6ef5fe32
2025-06-11 12:53:34,469 - token_scanner - INFO - Found real market data for H2Mqhd3zjWpBDWEYJnBAbmkmftCwAu14WsUVXmeiVGAH
2025-06-11 12:53:34,626 - token_scanner - INFO - Found real market data for 0x90e971F3a6Cc9F36b7296dD9C25CbBD955d3c304
2025-06-11 12:53:34,780 - token_scanner - INFO - Found real market data for EgixdvE18LuQS5RxkgBwG7JRULv3Cb4k4g3cHu1Cpump
2025-06-11 12:53:34,933 - token_scanner - INFO - Found real market data for 4X3PdLSS7H2ntbGoSAP9GYJ2YDmxZGPkQFY6AQmSmori
2025-06-11 12:53:35,097 - token_scanner - INFO - Found real market data for EQB_Ly8TKDQTMbsskFUQ5kiDJow7YBXmc12UGjbx7S4IRQLA
2025-06-11 12:53:35,295 - token_scanner - INFO - Found real market data for 6GZ7RyfexyFhUVfSAXno7jLUCXkr7NQ393to1N52pump
2025-06-11 12:53:35,440 - token_scanner - INFO - Found real market data for CYuv7gvsMZHc7UvHKAitYdVexF9Y4afCkSdPu2eQfBD6
2025-06-11 12:53:36,071 - token_scanner - INFO - Found real market data for 0x62c499BbE6040fE7CB8856a3df6EbF2CDCE8CF82
2025-06-11 12:53:36,171 - token_scanner - ERROR - Error processing DexScreener profiles response: 'pairCreatedAt'
2025-06-11 12:53:36,172 - token_scanner - INFO - Successfully fetched 23 tokens from DexScreener
2025-06-11 12:53:36,172 - token_scanner - INFO - Successfully got 23 tokens from profiles endpoint
2025-06-11 12:53:37,172 - token_scanner - INFO - Found 23 tokens from DexScreener profiles
2025-06-11 12:53:37,172 - token_scanner - INFO - DexScreener found 23 tokens
2025-06-11 12:53:37,172 - token_scanner - INFO - Starting Pump.fun scan...
2025-06-11 12:53:37,173 - token_scanner - INFO - Scanning Pump.fun endpoints...
2025-06-11 12:53:37,173 - token_scanner - INFO - Fetching Pump.fun (attempt 1): https://frontend-api.pump.fun/coins?offset=0&limit=100&sort=created_timestamp&order=DESC
2025-06-11 12:53:37,342 - token_scanner - WARNING - Pump.fun maintenance mode for https://frontend-api.pump.fun/coins?offset=0&limit=100&sort=created_timestamp&order=DESC, skipping remaining retries
2025-06-11 12:53:38,343 - token_scanner - INFO - Fetching Pump.fun (attempt 1): https://frontend-api.pump.fun/coins?offset=0&limit=100&sort=market_cap&order=DESC
2025-06-11 12:53:38,432 - token_scanner - WARNING - Pump.fun maintenance mode for https://frontend-api.pump.fun/coins?offset=0&limit=100&sort=market_cap&order=DESC, skipping remaining retries
2025-06-11 12:53:39,433 - token_scanner - INFO - Fetching Pump.fun (attempt 1): https://frontend-api.pump.fun/coins?offset=0&limit=100&sort=last_trade_timestamp&order=DESC
2025-06-11 12:53:39,521 - token_scanner - WARNING - Pump.fun maintenance mode for https://frontend-api.pump.fun/coins?offset=0&limit=100&sort=last_trade_timestamp&order=DESC, skipping remaining retries
2025-06-11 12:53:40,522 - token_scanner - INFO - Fetching Pump.fun (attempt 1): https://frontend-api.pump.fun/coins/king-of-the-hill
2025-06-11 12:53:40,621 - token_scanner - WARNING - Pump.fun maintenance mode for https://frontend-api.pump.fun/coins/king-of-the-hill, skipping remaining retries
2025-06-11 12:53:41,621 - token_scanner - WARNING - All Pump.fun endpoints appear to be in maintenance mode
2025-06-11 12:53:41,622 - token_scanner - INFO - Found 0 tokens from Pump.fun
2025-06-11 12:53:41,622 - token_scanner - INFO - Pump.fun found 0 tokens
2025-06-11 12:53:41,622 - token_scanner - INFO - Scan summary - Total: 23, Unique: 23, Filtered: 6
2025-06-11 12:53:41,622 - utils - INFO - Found 6 tokens to process
2025-06-11 12:53:42,126 - telegram_bot - INFO - Message sent successfully to Telegram
2025-06-11 12:53:44,606 - telegram_bot - INFO - Message sent successfully to Telegram
2025-06-11 12:53:47,077 - telegram_bot - INFO - Message sent successfully to Telegram
2025-06-11 12:53:49,557 - telegram_bot - INFO - Message sent successfully to Telegram
2025-06-11 12:53:52,033 - telegram_bot - INFO - Message sent successfully to Telegram
2025-06-11 12:53:54,510 - telegram_bot - INFO - Message sent successfully to Telegram
2025-06-11 12:53:56,511 - utils - INFO - Sent 6 notifications
2025-06-11 12:55:56,527 - utils - INFO - Starting token scan...
2025-06-11 12:55:56,528 - token_scanner - INFO - Starting DexScreener profile scan...
2025-06-11 12:55:56,528 - token_scanner - INFO - Scanning DexScreener token profiles...
2025-06-11 12:55:56,528 - token_scanner - INFO - Fetching DexScreener: https://api.dexscreener.com/token-profiles/latest/v1
2025-06-11 12:55:56,647 - token_scanner - INFO - DexScreener API response type: <class 'list'>, length: 30
2025-06-11 12:55:56,648 - token_scanner - INFO - First item structure: ['url', 'chainId', 'tokenAddress', 'icon', 'header', 'openGraph', 'description', 'links']
2025-06-11 12:55:56,648 - token_scanner - INFO - Processing DexScreener response of type: <class 'list'>
2025-06-11 12:55:56,648 - token_scanner - INFO - Processing 30 items from list response
2025-06-11 12:55:56,693 - token_scanner - INFO - Found real market data for 9GM5dgAKiHwVzcdd8zGmBXwg6QCk1UGxRA8JArTdpump
2025-06-11 12:55:56,794 - token_scanner - ERROR - Error processing DexScreener profiles response: 'info'
2025-06-11 12:55:56,794 - token_scanner - INFO - Successfully fetched 0 tokens from DexScreener
2025-06-11 12:55:57,795 - token_scanner - INFO - Found 0 tokens from DexScreener profiles
2025-06-11 12:55:57,795 - token_scanner - INFO - DexScreener found 0 tokens
2025-06-11 12:55:57,795 - token_scanner - INFO - Starting Pump.fun scan...
2025-06-11 12:55:57,795 - token_scanner - INFO - Scanning Pump.fun endpoints...
2025-06-11 12:55:57,795 - token_scanner - INFO - Fetching Pump.fun (attempt 1): https://frontend-api.pump.fun/coins?offset=0&limit=100&sort=created_timestamp&order=DESC
2025-06-11 12:55:57,925 - token_scanner - WARNING - Pump.fun maintenance mode for https://frontend-api.pump.fun/coins?offset=0&limit=100&sort=created_timestamp&order=DESC, skipping remaining retries
2025-06-11 12:55:58,925 - token_scanner - INFO - Fetching Pump.fun (attempt 1): https://frontend-api.pump.fun/coins?offset=0&limit=100&sort=market_cap&order=DESC
2025-06-11 12:55:59,017 - token_scanner - WARNING - Pump.fun maintenance mode for https://frontend-api.pump.fun/coins?offset=0&limit=100&sort=market_cap&order=DESC, skipping remaining retries
2025-06-11 12:56:00,019 - token_scanner - INFO - Fetching Pump.fun (attempt 1): https://frontend-api.pump.fun/coins?offset=0&limit=100&sort=last_trade_timestamp&order=DESC
2025-06-11 12:56:00,108 - token_scanner - WARNING - Pump.fun maintenance mode for https://frontend-api.pump.fun/coins?offset=0&limit=100&sort=last_trade_timestamp&order=DESC, skipping remaining retries
2025-06-11 12:56:01,109 - token_scanner - INFO - Fetching Pump.fun (attempt 1): https://frontend-api.pump.fun/coins/king-of-the-hill
2025-06-11 12:56:01,199 - token_scanner - WARNING - Pump.fun maintenance mode for https://frontend-api.pump.fun/coins/king-of-the-hill, skipping remaining retries
2025-06-11 12:56:02,200 - token_scanner - WARNING - All Pump.fun endpoints appear to be in maintenance mode
2025-06-11 12:56:02,200 - token_scanner - INFO - Found 0 tokens from Pump.fun
2025-06-11 12:56:02,200 - token_scanner - INFO - Pump.fun found 0 tokens
2025-06-11 12:56:02,200 - token_scanner - INFO - Scan summary - Total: 0, Unique: 0, Filtered: 0
2025-06-11 12:56:02,201 - utils - INFO - No tokens found
2025-06-11 12:58:02,223 - utils - INFO - Starting token scan...
2025-06-11 12:58:02,224 - token_scanner - INFO - Starting DexScreener profile scan...
2025-06-11 12:58:02,224 - token_scanner - INFO - Scanning DexScreener token profiles...
2025-06-11 12:58:02,224 - token_scanner - INFO - Fetching DexScreener: https://api.dexscreener.com/token-profiles/latest/v1
2025-06-11 12:58:02,317 - token_scanner - INFO - DexScreener API response type: <class 'list'>, length: 30
2025-06-11 12:58:02,317 - token_scanner - INFO - First item structure: ['url', 'chainId', 'tokenAddress', 'icon', 'header', 'openGraph', 'description', 'links']
2025-06-11 12:58:02,317 - token_scanner - INFO - Processing DexScreener response of type: <class 'list'>
2025-06-11 12:58:02,317 - token_scanner - INFO - Processing 30 items from list response
2025-06-11 12:58:02,371 - token_scanner - INFO - Found real market data for 3mUhrAY4Xm7z3VqAMBUhhhFWZvBduajk9wcwC9Hspump
2025-06-11 12:58:02,476 - token_scanner - ERROR - Error processing DexScreener profiles response: 'info'
2025-06-11 12:58:02,476 - token_scanner - INFO - Successfully fetched 0 tokens from DexScreener
2025-06-11 12:58:03,477 - token_scanner - INFO - Found 0 tokens from DexScreener profiles
2025-06-11 12:58:03,477 - token_scanner - INFO - DexScreener found 0 tokens
2025-06-11 12:58:03,477 - token_scanner - INFO - Starting Pump.fun scan...
2025-06-11 12:58:03,477 - token_scanner - INFO - Scanning Pump.fun endpoints...
2025-06-11 12:58:03,477 - token_scanner - INFO - Fetching Pump.fun (attempt 1): https://frontend-api.pump.fun/coins?offset=0&limit=100&sort=created_timestamp&order=DESC
2025-06-11 12:58:03,596 - token_scanner - WARNING - Pump.fun maintenance mode for https://frontend-api.pump.fun/coins?offset=0&limit=100&sort=created_timestamp&order=DESC, skipping remaining retries
2025-06-11 12:58:04,596 - token_scanner - INFO - Fetching Pump.fun (attempt 1): https://frontend-api.pump.fun/coins?offset=0&limit=100&sort=market_cap&order=DESC
2025-06-11 12:58:04,687 - token_scanner - WARNING - Pump.fun maintenance mode for https://frontend-api.pump.fun/coins?offset=0&limit=100&sort=market_cap&order=DESC, skipping remaining retries
2025-06-11 12:58:05,687 - token_scanner - INFO - Fetching Pump.fun (attempt 1): https://frontend-api.pump.fun/coins?offset=0&limit=100&sort=last_trade_timestamp&order=DESC
2025-06-11 12:58:05,775 - token_scanner - WARNING - Pump.fun maintenance mode for https://frontend-api.pump.fun/coins?offset=0&limit=100&sort=last_trade_timestamp&order=DESC, skipping remaining retries
2025-06-11 12:58:06,776 - token_scanner - INFO - Fetching Pump.fun (attempt 1): https://frontend-api.pump.fun/coins/king-of-the-hill
2025-06-11 12:58:06,860 - token_scanner - WARNING - Pump.fun maintenance mode for https://frontend-api.pump.fun/coins/king-of-the-hill, skipping remaining retries
2025-06-11 12:58:07,861 - token_scanner - WARNING - All Pump.fun endpoints appear to be in maintenance mode
2025-06-11 12:58:07,861 - token_scanner - INFO - Found 0 tokens from Pump.fun
2025-06-11 12:58:07,861 - token_scanner - INFO - Pump.fun found 0 tokens
2025-06-11 12:58:07,861 - token_scanner - INFO - Scan summary - Total: 0, Unique: 0, Filtered: 0
2025-06-11 12:58:07,861 - utils - INFO - No tokens found
2025-06-11 13:00:07,892 - utils - INFO - Starting token scan...
2025-06-11 13:00:07,892 - token_scanner - INFO - Starting DexScreener profile scan...
2025-06-11 13:00:07,892 - token_scanner - INFO - Scanning DexScreener token profiles...
2025-06-11 13:00:07,892 - token_scanner - INFO - Fetching DexScreener: https://api.dexscreener.com/token-profiles/latest/v1
2025-06-11 13:00:07,980 - token_scanner - INFO - DexScreener API response type: <class 'list'>, length: 30
2025-06-11 13:00:07,981 - token_scanner - INFO - First item structure: ['url', 'chainId', 'tokenAddress', 'icon', 'header', 'openGraph', 'description', 'links']
2025-06-11 13:00:07,981 - token_scanner - INFO - Processing DexScreener response of type: <class 'list'>
2025-06-11 13:00:07,981 - token_scanner - INFO - Processing 30 items from list response
2025-06-11 13:00:08,037 - token_scanner - INFO - Found real market data for 3mUhrAY4Xm7z3VqAMBUhhhFWZvBduajk9wcwC9Hspump
2025-06-11 13:00:08,388 - token_scanner - INFO - Found real market data for 0x51Dd7C0CeCb01b5D68dCA901dc0706e6D0AB76e1
2025-06-11 13:00:08,544 - token_scanner - INFO - Found real market data for 9GM5dgAKiHwVzcdd8zGmBXwg6QCk1UGxRA8JArTdpump
2025-06-11 13:00:09,074 - token_scanner - INFO - Found real market data for 5JRf4kdUt8rhES2XCBEygga4NDeRrv8bDUfzMBkgpump
2025-06-11 13:00:09,633 - token_scanner - INFO - Found real market data for 2ZnUW9R4gxaq7S7Caf8sdZXwgZ2obsrCeJY3mwVFpump
2025-06-11 13:00:10,381 - token_scanner - INFO - Found real market data for 0x7B414099B11F9558F2787076be232DfAaba7A127
2025-06-11 13:00:10,535 - token_scanner - INFO - Found real market data for 0x4b76312f6db2A4978f050d21b59Fc2Cd6ef5fe32
2025-06-11 13:00:11,073 - token_scanner - INFO - Found real market data for H2Mqhd3zjWpBDWEYJnBAbmkmftCwAu14WsUVXmeiVGAH
2025-06-11 13:00:11,235 - token_scanner - INFO - Found real market data for 0x90e971F3a6Cc9F36b7296dD9C25CbBD955d3c304
2025-06-11 13:00:11,416 - token_scanner - INFO - Found real market data for EgixdvE18LuQS5RxkgBwG7JRULv3Cb4k4g3cHu1Cpump
2025-06-11 13:00:11,567 - token_scanner - INFO - Found real market data for 4X3PdLSS7H2ntbGoSAP9GYJ2YDmxZGPkQFY6AQmSmori
2025-06-11 13:00:11,735 - token_scanner - INFO - Found real market data for EQB_Ly8TKDQTMbsskFUQ5kiDJow7YBXmc12UGjbx7S4IRQLA
2025-06-11 13:00:11,903 - token_scanner - INFO - Found real market data for 6GZ7RyfexyFhUVfSAXno7jLUCXkr7NQ393to1N52pump
2025-06-11 13:00:12,057 - token_scanner - INFO - Found real market data for CYuv7gvsMZHc7UvHKAitYdVexF9Y4afCkSdPu2eQfBD6
2025-06-11 13:00:12,692 - token_scanner - INFO - Found real market data for 0x62c499BbE6040fE7CB8856a3df6EbF2CDCE8CF82
2025-06-11 13:00:12,793 - token_scanner - ERROR - Error processing DexScreener profiles response: 'pairCreatedAt'
2025-06-11 13:00:12,793 - token_scanner - INFO - Successfully fetched 27 tokens from DexScreener
2025-06-11 13:00:12,793 - token_scanner - INFO - Successfully got 27 tokens from profiles endpoint
2025-06-11 13:00:13,793 - token_scanner - INFO - Found 27 tokens from DexScreener profiles
2025-06-11 13:00:13,794 - token_scanner - INFO - DexScreener found 27 tokens
2025-06-11 13:00:13,794 - token_scanner - INFO - Starting Pump.fun scan...
2025-06-11 13:00:13,794 - token_scanner - INFO - Scanning Pump.fun endpoints...
2025-06-11 13:00:13,794 - token_scanner - INFO - Fetching Pump.fun (attempt 1): https://frontend-api.pump.fun/coins?offset=0&limit=100&sort=created_timestamp&order=DESC
2025-06-11 13:00:13,914 - token_scanner - WARNING - Pump.fun maintenance mode for https://frontend-api.pump.fun/coins?offset=0&limit=100&sort=created_timestamp&order=DESC, skipping remaining retries
2025-06-11 13:00:14,914 - token_scanner - INFO - Fetching Pump.fun (attempt 1): https://frontend-api.pump.fun/coins?offset=0&limit=100&sort=market_cap&order=DESC
2025-06-11 13:00:15,048 - token_scanner - WARNING - Pump.fun maintenance mode for https://frontend-api.pump.fun/coins?offset=0&limit=100&sort=market_cap&order=DESC, skipping remaining retries
2025-06-11 13:00:16,049 - token_scanner - INFO - Fetching Pump.fun (attempt 1): https://frontend-api.pump.fun/coins?offset=0&limit=100&sort=last_trade_timestamp&order=DESC
2025-06-11 13:00:16,146 - token_scanner - WARNING - Pump.fun maintenance mode for https://frontend-api.pump.fun/coins?offset=0&limit=100&sort=last_trade_timestamp&order=DESC, skipping remaining retries
2025-06-11 13:00:17,146 - token_scanner - INFO - Fetching Pump.fun (attempt 1): https://frontend-api.pump.fun/coins/king-of-the-hill
2025-06-11 13:00:17,233 - token_scanner - WARNING - Pump.fun maintenance mode for https://frontend-api.pump.fun/coins/king-of-the-hill, skipping remaining retries
2025-06-11 13:00:18,234 - token_scanner - WARNING - All Pump.fun endpoints appear to be in maintenance mode
2025-06-11 13:00:18,234 - token_scanner - INFO - Found 0 tokens from Pump.fun
2025-06-11 13:00:18,234 - token_scanner - INFO - Pump.fun found 0 tokens
2025-06-11 13:00:18,234 - token_scanner - INFO - Scan summary - Total: 27, Unique: 27, Filtered: 7
2025-06-11 13:00:18,234 - utils - INFO - Found 7 tokens to process
2025-06-11 13:00:18,714 - telegram_bot - INFO - Message sent successfully to Telegram
2025-06-11 13:00:21,230 - telegram_bot - INFO - Message sent successfully to Telegram
2025-06-11 13:00:23,789 - telegram_bot - INFO - Message sent successfully to Telegram
2025-06-11 13:00:26,269 - telegram_bot - INFO - Message sent successfully to Telegram
2025-06-11 13:00:28,811 - telegram_bot - INFO - Message sent successfully to Telegram
2025-06-11 13:00:31,333 - telegram_bot - INFO - Message sent successfully to Telegram
2025-06-11 13:00:33,883 - telegram_bot - INFO - Message sent successfully to Telegram
2025-06-11 13:00:35,884 - utils - INFO - Sent 7 notifications
2025-06-11 13:02:35,901 - utils - INFO - Starting token scan...
2025-06-11 13:02:35,904 - token_scanner - INFO - Starting DexScreener profile scan...
2025-06-11 13:02:35,904 - token_scanner - INFO - Scanning DexScreener token profiles...
2025-06-11 13:02:35,904 - token_scanner - INFO - Fetching DexScreener: https://api.dexscreener.com/token-profiles/latest/v1
2025-06-11 13:02:35,998 - token_scanner - INFO - DexScreener API response type: <class 'list'>, length: 30
2025-06-11 13:02:35,998 - token_scanner - INFO - First item structure: ['url', 'chainId', 'tokenAddress', 'icon', 'header', 'openGraph', 'description', 'links']
2025-06-11 13:02:35,999 - token_scanner - INFO - Processing DexScreener response of type: <class 'list'>
2025-06-11 13:02:35,999 - token_scanner - INFO - Processing 30 items from list response
2025-06-11 13:02:36,058 - token_scanner - INFO - Found real market data for cPE6h963S6n4rg9HDiZLGc4wwoTB65uhAR8Rf1rpump
2025-06-11 13:02:36,196 - token_scanner - INFO - Found real market data for 3mUhrAY4Xm7z3VqAMBUhhhFWZvBduajk9wcwC9Hspump
2025-06-11 13:02:36,745 - token_scanner - INFO - Found real market data for 0x51Dd7C0CeCb01b5D68dCA901dc0706e6D0AB76e1
2025-06-11 13:02:36,891 - token_scanner - INFO - Found real market data for 9GM5dgAKiHwVzcdd8zGmBXwg6QCk1UGxRA8JArTdpump
2025-06-11 13:02:37,359 - token_scanner - INFO - Found real market data for 5JRf4kdUt8rhES2XCBEygga4NDeRrv8bDUfzMBkgpump
2025-06-11 13:02:37,839 - token_scanner - INFO - Found real market data for 2ZnUW9R4gxaq7S7Caf8sdZXwgZ2obsrCeJY3mwVFpump
2025-06-11 13:02:38,401 - token_scanner - INFO - Found real market data for 0x7B414099B11F9558F2787076be232DfAaba7A127
2025-06-11 13:02:38,551 - token_scanner - INFO - Found real market data for 0x4b76312f6db2A4978f050d21b59Fc2Cd6ef5fe32
2025-06-11 13:02:39,011 - token_scanner - INFO - Found real market data for H2Mqhd3zjWpBDWEYJnBAbmkmftCwAu14WsUVXmeiVGAH
2025-06-11 13:02:39,221 - token_scanner - INFO - Found real market data for 0x90e971F3a6Cc9F36b7296dD9C25CbBD955d3c304
2025-06-11 13:02:39,389 - token_scanner - INFO - Found real market data for EgixdvE18LuQS5RxkgBwG7JRULv3Cb4k4g3cHu1Cpump
2025-06-11 13:02:39,536 - token_scanner - INFO - Found real market data for 4X3PdLSS7H2ntbGoSAP9GYJ2YDmxZGPkQFY6AQmSmori
2025-06-11 13:02:39,698 - token_scanner - INFO - Found real market data for EQB_Ly8TKDQTMbsskFUQ5kiDJow7YBXmc12UGjbx7S4IRQLA
2025-06-11 13:02:39,894 - token_scanner - INFO - Found real market data for 6GZ7RyfexyFhUVfSAXno7jLUCXkr7NQ393to1N52pump
2025-06-11 13:02:40,045 - token_scanner - INFO - Found real market data for CYuv7gvsMZHc7UvHKAitYdVexF9Y4afCkSdPu2eQfBD6
2025-06-11 13:02:40,681 - token_scanner - INFO - Found real market data for 0x62c499BbE6040fE7CB8856a3df6EbF2CDCE8CF82
2025-06-11 13:02:40,781 - token_scanner - ERROR - Error processing DexScreener profiles response: 'pairCreatedAt'
2025-06-11 13:02:40,781 - token_scanner - INFO - Successfully fetched 28 tokens from DexScreener
2025-06-11 13:02:40,781 - token_scanner - INFO - Successfully got 28 tokens from profiles endpoint
2025-06-11 13:02:41,782 - token_scanner - INFO - Found 28 tokens from DexScreener profiles
2025-06-11 13:02:41,782 - token_scanner - INFO - DexScreener found 28 tokens
2025-06-11 13:02:41,782 - token_scanner - INFO - Starting Pump.fun scan...
2025-06-11 13:02:41,782 - token_scanner - INFO - Scanning Pump.fun endpoints...
2025-06-11 13:02:41,782 - token_scanner - INFO - Fetching Pump.fun (attempt 1): https://frontend-api.pump.fun/coins?offset=0&limit=100&sort=created_timestamp&order=DESC
2025-06-11 13:02:41,918 - token_scanner - WARNING - Pump.fun maintenance mode for https://frontend-api.pump.fun/coins?offset=0&limit=100&sort=created_timestamp&order=DESC, skipping remaining retries
2025-06-11 13:02:42,922 - token_scanner - INFO - Fetching Pump.fun (attempt 1): https://frontend-api.pump.fun/coins?offset=0&limit=100&sort=market_cap&order=DESC
2025-06-11 13:02:43,007 - token_scanner - WARNING - Pump.fun maintenance mode for https://frontend-api.pump.fun/coins?offset=0&limit=100&sort=market_cap&order=DESC, skipping remaining retries
2025-06-11 13:02:44,008 - token_scanner - INFO - Fetching Pump.fun (attempt 1): https://frontend-api.pump.fun/coins?offset=0&limit=100&sort=last_trade_timestamp&order=DESC
2025-06-11 13:02:44,103 - token_scanner - WARNING - Pump.fun maintenance mode for https://frontend-api.pump.fun/coins?offset=0&limit=100&sort=last_trade_timestamp&order=DESC, skipping remaining retries
2025-06-11 13:02:45,103 - token_scanner - INFO - Fetching Pump.fun (attempt 1): https://frontend-api.pump.fun/coins/king-of-the-hill
2025-06-11 13:02:45,191 - token_scanner - WARNING - Pump.fun maintenance mode for https://frontend-api.pump.fun/coins/king-of-the-hill, skipping remaining retries
2025-06-11 13:02:46,191 - token_scanner - WARNING - All Pump.fun endpoints appear to be in maintenance mode
2025-06-11 13:02:46,192 - token_scanner - INFO - Found 0 tokens from Pump.fun
2025-06-11 13:02:46,192 - token_scanner - INFO - Pump.fun found 0 tokens
2025-06-11 13:02:46,192 - token_scanner - INFO - Scan summary - Total: 28, Unique: 28, Filtered: 7
2025-06-11 13:02:46,192 - utils - INFO - Found 7 tokens to process
2025-06-11 13:02:46,687 - telegram_bot - INFO - Message sent successfully to Telegram
2025-06-11 13:02:49,168 - telegram_bot - INFO - Message sent successfully to Telegram
2025-06-11 13:02:51,647 - telegram_bot - INFO - Message sent successfully to Telegram
2025-06-11 13:02:54,147 - telegram_bot - INFO - Message sent successfully to Telegram
2025-06-11 13:02:56,648 - telegram_bot - INFO - Message sent successfully to Telegram
2025-06-11 13:02:59,120 - telegram_bot - INFO - Message sent successfully to Telegram
2025-06-11 13:03:01,602 - telegram_bot - INFO - Message sent successfully to Telegram
2025-06-11 13:03:03,602 - utils - INFO - Sent 7 notifications
2025-06-11 13:04:24,234 - utils - INFO - Received shutdown signal, stopping bot...
2025-06-11 13:04:24,614 - utils - INFO - Bot stopped
