2025-06-11 13:15:53,016 - utils - INFO - Logging initialized. Log file: logs/bot_20250611_131553.log
2025-06-11 13:15:53,016 - utils - INFO - Starting Pump.fun Token Scanner Bot...
2025-06-11 13:15:53,017 - utils - INFO - Configuration: {'min_market_cap': 10000, 'max_market_cap': 1000000, 'min_age_seconds': 5, 'max_age_seconds': 604800, 'min_liquidity': 500, 'scan_interval_minutes': 2, 'max_tokens_per_scan': 50, 'duplicate_check_hours': 6, 'max_retries': 3, 'request_timeout': 30, 'rate_limit_delay': 1.0}
2025-06-11 13:15:53,017 - utils - INFO - Running initial scan...
2025-06-11 13:15:53,017 - utils - INFO - Starting token scan...
2025-06-11 13:15:53,017 - token_scanner - INFO - Starting DexScreener profile scan...
2025-06-11 13:15:53,017 - token_scanner - INFO - Scanning DexScreener token profiles...
2025-06-11 13:15:53,017 - token_scanner - INFO - Fetching DexScreener: https://api.dexscreener.com/token-profiles/latest/v1
2025-06-11 13:15:53,081 - token_scanner - INFO - DexScreener API response type: <class 'list'>, length: 30
2025-06-11 13:15:53,081 - token_scanner - INFO - First item structure: ['url', 'chainId', 'tokenAddress', 'icon', 'header', 'openGraph', 'description', 'links']
2025-06-11 13:15:53,081 - token_scanner - INFO - Processing DexScreener response of type: <class 'list'>
2025-06-11 13:15:53,082 - token_scanner - INFO - Processing 30 items from list response
2025-06-11 13:15:53,135 - token_scanner - INFO - Found real market data for 0x0946b36202Fcb67554328D6D1d7F95Fe7Fe7cf1D
2025-06-11 13:15:53,236 - token_scanner - ERROR - Error processing DexScreener profiles response: 'info'
2025-06-11 13:15:53,236 - token_scanner - INFO - Successfully fetched 0 tokens from DexScreener
2025-06-11 13:15:54,236 - token_scanner - INFO - Found 0 tokens from DexScreener profiles
2025-06-11 13:15:54,236 - token_scanner - INFO - DexScreener found 0 tokens
2025-06-11 13:15:54,237 - token_scanner - INFO - Starting Pump.fun scan...
2025-06-11 13:15:54,237 - token_scanner - INFO - Scanning Pump.fun endpoints...
2025-06-11 13:15:54,237 - token_scanner - INFO - Fetching Pump.fun (attempt 1): https://frontend-api.pump.fun/coins?offset=0&limit=100&sort=created_timestamp&order=DESC
2025-06-11 13:15:54,358 - token_scanner - WARNING - Pump.fun maintenance mode for https://frontend-api.pump.fun/coins?offset=0&limit=100&sort=created_timestamp&order=DESC, skipping remaining retries
2025-06-11 13:15:55,359 - token_scanner - INFO - Fetching Pump.fun (attempt 1): https://frontend-api.pump.fun/coins?offset=0&limit=100&sort=market_cap&order=DESC
2025-06-11 13:15:55,447 - token_scanner - WARNING - Pump.fun maintenance mode for https://frontend-api.pump.fun/coins?offset=0&limit=100&sort=market_cap&order=DESC, skipping remaining retries
2025-06-11 13:15:56,447 - token_scanner - INFO - Fetching Pump.fun (attempt 1): https://frontend-api.pump.fun/coins?offset=0&limit=100&sort=last_trade_timestamp&order=DESC
2025-06-11 13:15:56,533 - token_scanner - WARNING - Pump.fun maintenance mode for https://frontend-api.pump.fun/coins?offset=0&limit=100&sort=last_trade_timestamp&order=DESC, skipping remaining retries
2025-06-11 13:15:57,533 - token_scanner - INFO - Fetching Pump.fun (attempt 1): https://frontend-api.pump.fun/coins/king-of-the-hill
2025-06-11 13:15:57,622 - token_scanner - WARNING - Pump.fun maintenance mode for https://frontend-api.pump.fun/coins/king-of-the-hill, skipping remaining retries
2025-06-11 13:15:58,622 - token_scanner - WARNING - All Pump.fun endpoints appear to be in maintenance mode
2025-06-11 13:15:58,622 - token_scanner - INFO - Found 0 tokens from Pump.fun
2025-06-11 13:15:58,622 - token_scanner - INFO - Pump.fun found 0 tokens
2025-06-11 13:15:58,623 - token_scanner - INFO - Scan summary - Total: 0, Unique: 0, Filtered: 0
2025-06-11 13:15:58,623 - utils - INFO - No tokens found
2025-06-11 13:15:58,623 - utils - INFO - Starting scheduler thread...
2025-06-11 13:15:58,624 - utils - INFO - Bot started. Scanning every 2 minutes...
2025-06-11 13:17:53,649 - utils - INFO - Starting token scan...
2025-06-11 13:17:53,649 - token_scanner - INFO - Starting DexScreener profile scan...
2025-06-11 13:17:53,649 - token_scanner - INFO - Scanning DexScreener token profiles...
2025-06-11 13:17:53,650 - token_scanner - INFO - Fetching DexScreener: https://api.dexscreener.com/token-profiles/latest/v1
2025-06-11 13:17:53,734 - token_scanner - INFO - DexScreener API response type: <class 'list'>, length: 30
2025-06-11 13:17:53,735 - token_scanner - INFO - First item structure: ['url', 'chainId', 'tokenAddress', 'icon', 'header', 'openGraph', 'description']
2025-06-11 13:17:53,736 - token_scanner - INFO - Processing DexScreener response of type: <class 'list'>
2025-06-11 13:17:53,736 - token_scanner - INFO - Processing 30 items from list response
2025-06-11 13:17:53,787 - token_scanner - INFO - Found real market data for 0x1351a7E61b5Ce86d509Caf11054b2207B78d90B8
2025-06-11 13:17:54,259 - token_scanner - INFO - Found real market data for 0x0946b36202Fcb67554328D6D1d7F95Fe7Fe7cf1D
2025-06-11 13:17:54,625 - token_scanner - INFO - Found real market data for e5xCWvncmrAqAFUBxVFYHr9pG1T1CbT58KGLLeXpump
2025-06-11 13:17:55,257 - token_scanner - INFO - Found real market data for cPE6h963S6n4rg9HDiZLGc4wwoTB65uhAR8Rf1rpump
2025-06-11 13:17:55,420 - token_scanner - INFO - Found real market data for 3mUhrAY4Xm7z3VqAMBUhhhFWZvBduajk9wcwC9Hspump
2025-06-11 13:17:55,857 - token_scanner - INFO - Found real market data for 0x51Dd7C0CeCb01b5D68dCA901dc0706e6D0AB76e1
2025-06-11 13:17:56,017 - token_scanner - INFO - Found real market data for 9GM5dgAKiHwVzcdd8zGmBXwg6QCk1UGxRA8JArTdpump
2025-06-11 13:17:56,570 - token_scanner - INFO - Found real market data for 5JRf4kdUt8rhES2XCBEygga4NDeRrv8bDUfzMBkgpump
2025-06-11 13:17:57,063 - token_scanner - INFO - Found real market data for 2ZnUW9R4gxaq7S7Caf8sdZXwgZ2obsrCeJY3mwVFpump
2025-06-11 13:17:57,573 - token_scanner - INFO - Found real market data for 0x7B414099B11F9558F2787076be232DfAaba7A127
2025-06-11 13:17:57,703 - token_scanner - INFO - Found real market data for 0x4b76312f6db2A4978f050d21b59Fc2Cd6ef5fe32
2025-06-11 13:17:58,160 - token_scanner - INFO - Found real market data for H2Mqhd3zjWpBDWEYJnBAbmkmftCwAu14WsUVXmeiVGAH
2025-06-11 13:17:58,380 - token_scanner - INFO - Found real market data for 0x90e971F3a6Cc9F36b7296dD9C25CbBD955d3c304
2025-06-11 13:17:58,537 - token_scanner - INFO - Found real market data for EgixdvE18LuQS5RxkgBwG7JRULv3Cb4k4g3cHu1Cpump
2025-06-11 13:17:58,695 - token_scanner - INFO - Found real market data for 4X3PdLSS7H2ntbGoSAP9GYJ2YDmxZGPkQFY6AQmSmori
2025-06-11 13:17:58,796 - token_scanner - INFO - DexScreener processing stats - Processed: 30, No address: 0, Age filtered: 1, Final tokens: 29
2025-06-11 13:17:58,797 - token_scanner - INFO - Successfully fetched 29 tokens from DexScreener
2025-06-11 13:17:58,797 - token_scanner - INFO - Successfully got 29 tokens from profiles endpoint
2025-06-11 13:17:59,797 - token_scanner - INFO - Found 29 tokens from DexScreener profiles
2025-06-11 13:17:59,798 - token_scanner - INFO - DexScreener found 29 tokens
2025-06-11 13:17:59,798 - token_scanner - INFO - Starting Pump.fun scan...
2025-06-11 13:17:59,798 - token_scanner - INFO - Scanning Pump.fun endpoints...
2025-06-11 13:17:59,798 - token_scanner - INFO - Fetching Pump.fun (attempt 1): https://frontend-api.pump.fun/coins?offset=0&limit=100&sort=created_timestamp&order=DESC
2025-06-11 13:17:59,934 - token_scanner - WARNING - Pump.fun maintenance mode for https://frontend-api.pump.fun/coins?offset=0&limit=100&sort=created_timestamp&order=DESC, skipping remaining retries
2025-06-11 13:18:00,935 - token_scanner - INFO - Fetching Pump.fun (attempt 1): https://frontend-api.pump.fun/coins?offset=0&limit=100&sort=market_cap&order=DESC
2025-06-11 13:18:01,025 - token_scanner - WARNING - Pump.fun maintenance mode for https://frontend-api.pump.fun/coins?offset=0&limit=100&sort=market_cap&order=DESC, skipping remaining retries
2025-06-11 13:18:02,026 - token_scanner - INFO - Fetching Pump.fun (attempt 1): https://frontend-api.pump.fun/coins?offset=0&limit=100&sort=last_trade_timestamp&order=DESC
2025-06-11 13:18:02,119 - token_scanner - WARNING - Pump.fun maintenance mode for https://frontend-api.pump.fun/coins?offset=0&limit=100&sort=last_trade_timestamp&order=DESC, skipping remaining retries
2025-06-11 13:18:03,119 - token_scanner - INFO - Fetching Pump.fun (attempt 1): https://frontend-api.pump.fun/coins/king-of-the-hill
2025-06-11 13:18:03,208 - token_scanner - WARNING - Pump.fun maintenance mode for https://frontend-api.pump.fun/coins/king-of-the-hill, skipping remaining retries
2025-06-11 13:18:04,208 - token_scanner - WARNING - All Pump.fun endpoints appear to be in maintenance mode
2025-06-11 13:18:04,209 - token_scanner - INFO - Found 0 tokens from Pump.fun
2025-06-11 13:18:04,209 - token_scanner - INFO - Pump.fun found 0 tokens
2025-06-11 13:18:04,209 - token_scanner - INFO - Scan summary - Total: 29, Unique: 29, Filtered: 9
2025-06-11 13:18:04,209 - utils - INFO - Found 9 tokens to process
2025-06-11 13:18:04,209 - utils - INFO - Sent 0 notifications
2025-06-11 13:20:04,245 - utils - INFO - Starting token scan...
2025-06-11 13:20:04,245 - token_scanner - INFO - Starting DexScreener profile scan...
2025-06-11 13:20:04,245 - token_scanner - INFO - Scanning DexScreener token profiles...
2025-06-11 13:20:04,245 - token_scanner - INFO - Fetching DexScreener: https://api.dexscreener.com/token-profiles/latest/v1
2025-06-11 13:20:04,304 - token_scanner - INFO - DexScreener API response type: <class 'list'>, length: 30
2025-06-11 13:20:04,304 - token_scanner - INFO - First item structure: ['url', 'chainId', 'tokenAddress', 'icon', 'header', 'openGraph', 'links']
2025-06-11 13:20:04,304 - token_scanner - INFO - Processing DexScreener response of type: <class 'list'>
2025-06-11 13:20:04,304 - token_scanner - INFO - Processing 30 items from list response
2025-06-11 13:20:04,510 - token_scanner - INFO - Found real market data for 0x1351a7E61b5Ce86d509Caf11054b2207B78d90B8
2025-06-11 13:20:04,806 - token_scanner - INFO - Found real market data for 6vgC4TKV9VX8B9vn2kCG2MrUfv8urFJq9iv8sQzxpump
2025-06-11 13:20:04,954 - token_scanner - INFO - Found real market data for 0x0946b36202Fcb67554328D6D1d7F95Fe7Fe7cf1D
2025-06-11 13:20:05,269 - token_scanner - INFO - Found real market data for e5xCWvncmrAqAFUBxVFYHr9pG1T1CbT58KGLLeXpump
2025-06-11 13:20:05,877 - token_scanner - INFO - Found real market data for cPE6h963S6n4rg9HDiZLGc4wwoTB65uhAR8Rf1rpump
2025-06-11 13:20:06,029 - token_scanner - INFO - Found real market data for 3mUhrAY4Xm7z3VqAMBUhhhFWZvBduajk9wcwC9Hspump
2025-06-11 13:20:06,330 - token_scanner - INFO - Found real market data for 0x51Dd7C0CeCb01b5D68dCA901dc0706e6D0AB76e1
2025-06-11 13:20:06,478 - token_scanner - INFO - Found real market data for 9GM5dgAKiHwVzcdd8zGmBXwg6QCk1UGxRA8JArTdpump
2025-06-11 13:20:07,165 - token_scanner - INFO - Found real market data for 5JRf4kdUt8rhES2XCBEygga4NDeRrv8bDUfzMBkgpump
2025-06-11 13:20:07,627 - token_scanner - INFO - Found real market data for 2ZnUW9R4gxaq7S7Caf8sdZXwgZ2obsrCeJY3mwVFpump
2025-06-11 13:20:08,084 - token_scanner - INFO - Found real market data for 0x7B414099B11F9558F2787076be232DfAaba7A127
2025-06-11 13:20:08,212 - token_scanner - INFO - Found real market data for 0x4b76312f6db2A4978f050d21b59Fc2Cd6ef5fe32
2025-06-11 13:20:08,674 - token_scanner - INFO - Found real market data for H2Mqhd3zjWpBDWEYJnBAbmkmftCwAu14WsUVXmeiVGAH
2025-06-11 13:20:08,822 - token_scanner - INFO - Found real market data for 0x90e971F3a6Cc9F36b7296dD9C25CbBD955d3c304
2025-06-11 13:20:08,975 - token_scanner - INFO - Found real market data for EgixdvE18LuQS5RxkgBwG7JRULv3Cb4k4g3cHu1Cpump
2025-06-11 13:20:09,076 - token_scanner - INFO - DexScreener processing stats - Processed: 30, No address: 0, Age filtered: 1, Final tokens: 29
2025-06-11 13:20:09,076 - token_scanner - INFO - Successfully fetched 29 tokens from DexScreener
2025-06-11 13:20:09,076 - token_scanner - INFO - Successfully got 29 tokens from profiles endpoint
2025-06-11 13:20:10,077 - token_scanner - INFO - Found 29 tokens from DexScreener profiles
2025-06-11 13:20:10,077 - token_scanner - INFO - DexScreener found 29 tokens
2025-06-11 13:20:10,077 - token_scanner - INFO - Starting Pump.fun scan...
2025-06-11 13:20:10,077 - token_scanner - INFO - Scanning Pump.fun endpoints...
2025-06-11 13:20:10,077 - token_scanner - INFO - Fetching Pump.fun (attempt 1): https://frontend-api.pump.fun/coins?offset=0&limit=100&sort=created_timestamp&order=DESC
2025-06-11 13:20:10,214 - token_scanner - WARNING - Pump.fun maintenance mode for https://frontend-api.pump.fun/coins?offset=0&limit=100&sort=created_timestamp&order=DESC, skipping remaining retries
2025-06-11 13:20:11,215 - token_scanner - INFO - Fetching Pump.fun (attempt 1): https://frontend-api.pump.fun/coins?offset=0&limit=100&sort=market_cap&order=DESC
2025-06-11 13:20:11,314 - token_scanner - WARNING - Pump.fun maintenance mode for https://frontend-api.pump.fun/coins?offset=0&limit=100&sort=market_cap&order=DESC, skipping remaining retries
2025-06-11 13:20:12,317 - token_scanner - INFO - Fetching Pump.fun (attempt 1): https://frontend-api.pump.fun/coins?offset=0&limit=100&sort=last_trade_timestamp&order=DESC
2025-06-11 13:20:12,405 - token_scanner - WARNING - Pump.fun maintenance mode for https://frontend-api.pump.fun/coins?offset=0&limit=100&sort=last_trade_timestamp&order=DESC, skipping remaining retries
2025-06-11 13:20:13,405 - token_scanner - INFO - Fetching Pump.fun (attempt 1): https://frontend-api.pump.fun/coins/king-of-the-hill
2025-06-11 13:20:13,501 - token_scanner - WARNING - Pump.fun maintenance mode for https://frontend-api.pump.fun/coins/king-of-the-hill, skipping remaining retries
2025-06-11 13:20:14,501 - token_scanner - WARNING - All Pump.fun endpoints appear to be in maintenance mode
2025-06-11 13:20:14,501 - token_scanner - INFO - Found 0 tokens from Pump.fun
2025-06-11 13:20:14,502 - token_scanner - INFO - Pump.fun found 0 tokens
2025-06-11 13:20:14,502 - token_scanner - INFO - Scan summary - Total: 29, Unique: 29, Filtered: 9
2025-06-11 13:20:14,502 - utils - INFO - Found 9 tokens to process
2025-06-11 13:20:14,502 - utils - INFO - Sent 0 notifications
2025-06-11 13:22:10,832 - utils - INFO - Received shutdown signal, stopping bot...
2025-06-11 13:22:11,524 - utils - INFO - Bot stopped
