2025-06-11 12:10:22,541 - utils - INFO - Logging initialized. Log file: logs/bot_20250611_121022.log
2025-06-11 12:10:22,542 - utils - INFO - Starting Pump.fun Token Scanner Bot...
2025-06-11 12:10:22,542 - utils - INFO - Configuration: {'min_market_cap': 10000, 'max_market_cap': 1000000, 'min_age_seconds': 5, 'max_age_seconds': 604800, 'min_liquidity': 500, 'scan_interval_minutes': 2, 'max_tokens_per_scan': 50, 'duplicate_check_hours': 6, 'max_retries': 3, 'request_timeout': 30, 'rate_limit_delay': 1.0}
2025-06-11 12:10:22,542 - utils - INFO - Running initial scan...
2025-06-11 12:10:22,542 - utils - INFO - Starting token scan...
2025-06-11 12:10:22,543 - token_scanner - INFO - Starting DexScreener profile scan...
2025-06-11 12:10:22,543 - token_scanner - INFO - Scanning DexScreener token profiles...
2025-06-11 12:10:22,543 - token_scanner - INFO - Fetching DexScreener: https://api.dexscreener.com/token-profiles/latest/v1
2025-06-11 12:10:22,636 - token_scanner - INFO - DexScreener API response type: <class 'list'>, length: 30
2025-06-11 12:10:22,637 - token_scanner - INFO - First item structure: ['url', 'chainId', 'tokenAddress', 'icon', 'openGraph', 'description', 'links']
2025-06-11 12:10:22,637 - token_scanner - INFO - Processing DexScreener response of type: <class 'list'>
2025-06-11 12:10:22,637 - token_scanner - INFO - Processing 30 items from list response
2025-06-11 12:10:22,638 - token_scanner - INFO - DexScreener processing stats - Processed: 30, No address: 0, Age filtered: 0, Final tokens: 30
2025-06-11 12:10:22,638 - token_scanner - INFO - Successfully fetched 30 tokens from DexScreener
2025-06-11 12:10:22,639 - token_scanner - INFO - Successfully got 30 tokens from profiles endpoint
2025-06-11 12:10:23,639 - token_scanner - INFO - Found 30 tokens from DexScreener profiles
2025-06-11 12:10:23,639 - token_scanner - INFO - DexScreener found 30 tokens
2025-06-11 12:10:23,639 - token_scanner - INFO - Starting Pump.fun scan...
2025-06-11 12:10:23,640 - token_scanner - INFO - Scanning Pump.fun endpoints...
2025-06-11 12:10:23,640 - token_scanner - INFO - Fetching Pump.fun (attempt 1): https://frontend-api.pump.fun/coins?offset=0&limit=100&sort=created_timestamp&order=DESC
2025-06-11 12:10:23,800 - token_scanner - WARNING - Pump.fun maintenance mode for https://frontend-api.pump.fun/coins?offset=0&limit=100&sort=created_timestamp&order=DESC, skipping remaining retries
2025-06-11 12:10:24,802 - token_scanner - INFO - Fetching Pump.fun (attempt 1): https://frontend-api.pump.fun/coins?offset=0&limit=100&sort=market_cap&order=DESC
2025-06-11 12:10:24,899 - token_scanner - WARNING - Pump.fun maintenance mode for https://frontend-api.pump.fun/coins?offset=0&limit=100&sort=market_cap&order=DESC, skipping remaining retries
2025-06-11 12:10:25,900 - token_scanner - INFO - Fetching Pump.fun (attempt 1): https://frontend-api.pump.fun/coins?offset=0&limit=100&sort=last_trade_timestamp&order=DESC
2025-06-11 12:10:25,992 - token_scanner - WARNING - Pump.fun maintenance mode for https://frontend-api.pump.fun/coins?offset=0&limit=100&sort=last_trade_timestamp&order=DESC, skipping remaining retries
2025-06-11 12:10:26,992 - token_scanner - INFO - Fetching Pump.fun (attempt 1): https://frontend-api.pump.fun/coins/king-of-the-hill
2025-06-11 12:10:27,087 - token_scanner - WARNING - Pump.fun maintenance mode for https://frontend-api.pump.fun/coins/king-of-the-hill, skipping remaining retries
2025-06-11 12:10:28,088 - token_scanner - WARNING - All Pump.fun endpoints appear to be in maintenance mode
2025-06-11 12:10:28,088 - token_scanner - INFO - Found 0 tokens from Pump.fun
2025-06-11 12:10:28,088 - token_scanner - INFO - Pump.fun found 0 tokens
2025-06-11 12:10:28,088 - token_scanner - INFO - Scan summary - Total: 30, Unique: 30, Filtered: 14
2025-06-11 12:10:28,089 - utils - INFO - Found 14 tokens to process
2025-06-11 12:10:28,578 - telegram_bot - INFO - Message sent successfully to Telegram
2025-06-11 12:10:31,077 - telegram_bot - INFO - Message sent successfully to Telegram
2025-06-11 12:10:33,648 - telegram_bot - INFO - Message sent successfully to Telegram
2025-06-11 12:10:36,161 - telegram_bot - INFO - Message sent successfully to Telegram
2025-06-11 12:10:38,641 - telegram_bot - INFO - Message sent successfully to Telegram
2025-06-11 12:10:41,150 - telegram_bot - INFO - Message sent successfully to Telegram
2025-06-11 12:10:43,631 - telegram_bot - INFO - Message sent successfully to Telegram
2025-06-11 12:10:46,125 - telegram_bot - INFO - Message sent successfully to Telegram
2025-06-11 12:10:48,658 - telegram_bot - INFO - Message sent successfully to Telegram
2025-06-11 12:10:51,179 - telegram_bot - INFO - Message sent successfully to Telegram
2025-06-11 12:10:53,676 - telegram_bot - INFO - Message sent successfully to Telegram
2025-06-11 12:10:56,208 - telegram_bot - INFO - Message sent successfully to Telegram
2025-06-11 12:10:58,528 - telegram_bot - ERROR - HTTP error 400 when sending to Telegram
2025-06-11 12:10:59,003 - telegram_bot - INFO - Message sent successfully to Telegram
2025-06-11 12:11:01,003 - utils - INFO - Sent 13 notifications
2025-06-11 12:11:01,004 - utils - INFO - Starting scheduler thread...
2025-06-11 12:11:01,004 - utils - INFO - Bot started. Scanning every 2 minutes...
2025-06-11 12:12:23,023 - utils - INFO - Starting token scan...
2025-06-11 12:12:23,024 - token_scanner - INFO - Starting DexScreener profile scan...
2025-06-11 12:12:23,024 - token_scanner - INFO - Scanning DexScreener token profiles...
2025-06-11 12:12:23,024 - token_scanner - INFO - Fetching DexScreener: https://api.dexscreener.com/token-profiles/latest/v1
2025-06-11 12:12:23,103 - token_scanner - INFO - DexScreener API response type: <class 'list'>, length: 30
2025-06-11 12:12:23,104 - token_scanner - INFO - First item structure: ['url', 'chainId', 'tokenAddress', 'icon', 'openGraph', 'description', 'links']
2025-06-11 12:12:23,104 - token_scanner - INFO - Processing DexScreener response of type: <class 'list'>
2025-06-11 12:12:23,104 - token_scanner - INFO - Processing 30 items from list response
2025-06-11 12:12:23,105 - token_scanner - INFO - DexScreener processing stats - Processed: 30, No address: 0, Age filtered: 0, Final tokens: 30
2025-06-11 12:12:23,105 - token_scanner - INFO - Successfully fetched 30 tokens from DexScreener
2025-06-11 12:12:23,105 - token_scanner - INFO - Successfully got 30 tokens from profiles endpoint
2025-06-11 12:12:24,105 - token_scanner - INFO - Found 30 tokens from DexScreener profiles
2025-06-11 12:12:24,106 - token_scanner - INFO - DexScreener found 30 tokens
2025-06-11 12:12:24,106 - token_scanner - INFO - Starting Pump.fun scan...
2025-06-11 12:12:24,106 - token_scanner - INFO - Scanning Pump.fun endpoints...
2025-06-11 12:12:24,106 - token_scanner - INFO - Fetching Pump.fun (attempt 1): https://frontend-api.pump.fun/coins?offset=0&limit=100&sort=created_timestamp&order=DESC
2025-06-11 12:12:24,249 - token_scanner - WARNING - Pump.fun maintenance mode for https://frontend-api.pump.fun/coins?offset=0&limit=100&sort=created_timestamp&order=DESC, skipping remaining retries
2025-06-11 12:12:25,249 - token_scanner - INFO - Fetching Pump.fun (attempt 1): https://frontend-api.pump.fun/coins?offset=0&limit=100&sort=market_cap&order=DESC
2025-06-11 12:12:25,332 - token_scanner - WARNING - Pump.fun maintenance mode for https://frontend-api.pump.fun/coins?offset=0&limit=100&sort=market_cap&order=DESC, skipping remaining retries
2025-06-11 12:12:26,332 - token_scanner - INFO - Fetching Pump.fun (attempt 1): https://frontend-api.pump.fun/coins?offset=0&limit=100&sort=last_trade_timestamp&order=DESC
2025-06-11 12:12:26,418 - token_scanner - WARNING - Pump.fun maintenance mode for https://frontend-api.pump.fun/coins?offset=0&limit=100&sort=last_trade_timestamp&order=DESC, skipping remaining retries
2025-06-11 12:12:27,418 - token_scanner - INFO - Fetching Pump.fun (attempt 1): https://frontend-api.pump.fun/coins/king-of-the-hill
2025-06-11 12:12:27,509 - token_scanner - WARNING - Pump.fun maintenance mode for https://frontend-api.pump.fun/coins/king-of-the-hill, skipping remaining retries
2025-06-11 12:12:28,510 - token_scanner - WARNING - All Pump.fun endpoints appear to be in maintenance mode
2025-06-11 12:12:28,510 - token_scanner - INFO - Found 0 tokens from Pump.fun
2025-06-11 12:12:28,510 - token_scanner - INFO - Pump.fun found 0 tokens
2025-06-11 12:12:28,510 - token_scanner - INFO - Scan summary - Total: 30, Unique: 30, Filtered: 14
2025-06-11 12:12:28,511 - utils - INFO - Found 14 tokens to process
2025-06-11 12:12:28,996 - telegram_bot - INFO - Message sent successfully to Telegram
2025-06-11 12:12:31,469 - telegram_bot - INFO - Message sent successfully to Telegram
2025-06-11 12:12:33,944 - telegram_bot - INFO - Message sent successfully to Telegram
2025-06-11 12:12:36,419 - telegram_bot - INFO - Message sent successfully to Telegram
2025-06-11 12:12:38,902 - telegram_bot - INFO - Message sent successfully to Telegram
2025-06-11 12:12:41,214 - telegram_bot - ERROR - HTTP error 400 when sending to Telegram
2025-06-11 12:12:41,690 - telegram_bot - INFO - Message sent successfully to Telegram
2025-06-11 12:12:44,164 - telegram_bot - INFO - Message sent successfully to Telegram
2025-06-11 12:12:46,643 - telegram_bot - INFO - Message sent successfully to Telegram
2025-06-11 12:12:49,123 - telegram_bot - INFO - Message sent successfully to Telegram
2025-06-11 12:12:51,605 - telegram_bot - INFO - Message sent successfully to Telegram
2025-06-11 12:12:54,102 - telegram_bot - INFO - Message sent successfully to Telegram
2025-06-11 12:12:56,593 - telegram_bot - INFO - Message sent successfully to Telegram
2025-06-11 12:12:59,071 - telegram_bot - INFO - Message sent successfully to Telegram
2025-06-11 12:13:01,071 - utils - INFO - Sent 13 notifications
2025-06-11 12:15:01,094 - utils - INFO - Starting token scan...
2025-06-11 12:15:01,095 - token_scanner - INFO - Starting DexScreener profile scan...
2025-06-11 12:15:01,095 - token_scanner - INFO - Scanning DexScreener token profiles...
2025-06-11 12:15:01,095 - token_scanner - INFO - Fetching DexScreener: https://api.dexscreener.com/token-profiles/latest/v1
2025-06-11 12:15:01,219 - token_scanner - INFO - DexScreener API response type: <class 'list'>, length: 30
2025-06-11 12:15:01,220 - token_scanner - INFO - First item structure: ['url', 'chainId', 'tokenAddress', 'icon', 'header', 'openGraph', 'description', 'links']
2025-06-11 12:15:01,220 - token_scanner - INFO - Processing DexScreener response of type: <class 'list'>
2025-06-11 12:15:01,220 - token_scanner - INFO - Processing 30 items from list response
2025-06-11 12:15:01,220 - token_scanner - INFO - DexScreener processing stats - Processed: 30, No address: 0, Age filtered: 0, Final tokens: 30
2025-06-11 12:15:01,221 - token_scanner - INFO - Successfully fetched 30 tokens from DexScreener
2025-06-11 12:15:01,221 - token_scanner - INFO - Successfully got 30 tokens from profiles endpoint
2025-06-11 12:15:02,221 - token_scanner - INFO - Found 30 tokens from DexScreener profiles
2025-06-11 12:15:02,221 - token_scanner - INFO - DexScreener found 30 tokens
2025-06-11 12:15:02,221 - token_scanner - INFO - Starting Pump.fun scan...
2025-06-11 12:15:02,221 - token_scanner - INFO - Scanning Pump.fun endpoints...
2025-06-11 12:15:02,222 - token_scanner - INFO - Fetching Pump.fun (attempt 1): https://frontend-api.pump.fun/coins?offset=0&limit=100&sort=created_timestamp&order=DESC
2025-06-11 12:15:02,361 - token_scanner - WARNING - Pump.fun maintenance mode for https://frontend-api.pump.fun/coins?offset=0&limit=100&sort=created_timestamp&order=DESC, skipping remaining retries
2025-06-11 12:15:03,361 - token_scanner - INFO - Fetching Pump.fun (attempt 1): https://frontend-api.pump.fun/coins?offset=0&limit=100&sort=market_cap&order=DESC
2025-06-11 12:15:03,448 - token_scanner - WARNING - Pump.fun maintenance mode for https://frontend-api.pump.fun/coins?offset=0&limit=100&sort=market_cap&order=DESC, skipping remaining retries
2025-06-11 12:15:04,448 - token_scanner - INFO - Fetching Pump.fun (attempt 1): https://frontend-api.pump.fun/coins?offset=0&limit=100&sort=last_trade_timestamp&order=DESC
2025-06-11 12:15:04,535 - token_scanner - WARNING - Pump.fun maintenance mode for https://frontend-api.pump.fun/coins?offset=0&limit=100&sort=last_trade_timestamp&order=DESC, skipping remaining retries
2025-06-11 12:15:05,536 - token_scanner - INFO - Fetching Pump.fun (attempt 1): https://frontend-api.pump.fun/coins/king-of-the-hill
2025-06-11 12:15:05,620 - token_scanner - WARNING - Pump.fun maintenance mode for https://frontend-api.pump.fun/coins/king-of-the-hill, skipping remaining retries
2025-06-11 12:15:06,621 - token_scanner - WARNING - All Pump.fun endpoints appear to be in maintenance mode
2025-06-11 12:15:06,621 - token_scanner - INFO - Found 0 tokens from Pump.fun
2025-06-11 12:15:06,621 - token_scanner - INFO - Pump.fun found 0 tokens
2025-06-11 12:15:06,621 - token_scanner - INFO - Scan summary - Total: 30, Unique: 30, Filtered: 13
2025-06-11 12:15:06,622 - utils - INFO - Found 13 tokens to process
2025-06-11 12:15:07,102 - telegram_bot - INFO - Message sent successfully to Telegram
2025-06-11 12:15:09,417 - telegram_bot - ERROR - HTTP error 400 when sending to Telegram
2025-06-11 12:15:09,905 - telegram_bot - INFO - Message sent successfully to Telegram
2025-06-11 12:15:12,398 - telegram_bot - INFO - Message sent successfully to Telegram
2025-06-11 12:15:14,874 - telegram_bot - INFO - Message sent successfully to Telegram
2025-06-11 12:15:17,341 - telegram_bot - INFO - Message sent successfully to Telegram
2025-06-11 12:15:19,938 - telegram_bot - INFO - Message sent successfully to Telegram
2025-06-11 12:15:22,414 - telegram_bot - INFO - Message sent successfully to Telegram
2025-06-11 12:15:24,889 - telegram_bot - INFO - Message sent successfully to Telegram
2025-06-11 12:15:27,370 - telegram_bot - INFO - Message sent successfully to Telegram
2025-06-11 12:15:29,867 - telegram_bot - INFO - Message sent successfully to Telegram
2025-06-11 12:15:32,342 - telegram_bot - INFO - Message sent successfully to Telegram
2025-06-11 12:15:34,826 - telegram_bot - INFO - Message sent successfully to Telegram
2025-06-11 12:15:36,827 - utils - INFO - Sent 12 notifications
2025-06-11 12:17:36,853 - utils - INFO - Starting token scan...
2025-06-11 12:17:36,853 - token_scanner - INFO - Starting DexScreener profile scan...
2025-06-11 12:17:36,854 - token_scanner - INFO - Scanning DexScreener token profiles...
2025-06-11 12:17:36,854 - token_scanner - INFO - Fetching DexScreener: https://api.dexscreener.com/token-profiles/latest/v1
2025-06-11 12:17:36,952 - token_scanner - INFO - DexScreener API response type: <class 'list'>, length: 30
2025-06-11 12:17:36,952 - token_scanner - INFO - First item structure: ['url', 'chainId', 'tokenAddress', 'icon', 'header', 'openGraph', 'description', 'links']
2025-06-11 12:17:36,952 - token_scanner - INFO - Processing DexScreener response of type: <class 'list'>
2025-06-11 12:17:36,952 - token_scanner - INFO - Processing 30 items from list response
2025-06-11 12:17:36,953 - token_scanner - INFO - DexScreener processing stats - Processed: 30, No address: 0, Age filtered: 0, Final tokens: 30
2025-06-11 12:17:36,953 - token_scanner - INFO - Successfully fetched 30 tokens from DexScreener
2025-06-11 12:17:36,953 - token_scanner - INFO - Successfully got 30 tokens from profiles endpoint
2025-06-11 12:17:37,953 - token_scanner - INFO - Found 30 tokens from DexScreener profiles
2025-06-11 12:17:37,953 - token_scanner - INFO - DexScreener found 30 tokens
2025-06-11 12:17:37,953 - token_scanner - INFO - Starting Pump.fun scan...
2025-06-11 12:17:37,954 - token_scanner - INFO - Scanning Pump.fun endpoints...
2025-06-11 12:17:37,954 - token_scanner - INFO - Fetching Pump.fun (attempt 1): https://frontend-api.pump.fun/coins?offset=0&limit=100&sort=created_timestamp&order=DESC
2025-06-11 12:17:38,089 - token_scanner - WARNING - Pump.fun maintenance mode for https://frontend-api.pump.fun/coins?offset=0&limit=100&sort=created_timestamp&order=DESC, skipping remaining retries
2025-06-11 12:17:39,089 - token_scanner - INFO - Fetching Pump.fun (attempt 1): https://frontend-api.pump.fun/coins?offset=0&limit=100&sort=market_cap&order=DESC
2025-06-11 12:17:39,186 - token_scanner - WARNING - Pump.fun maintenance mode for https://frontend-api.pump.fun/coins?offset=0&limit=100&sort=market_cap&order=DESC, skipping remaining retries
2025-06-11 12:17:40,186 - token_scanner - INFO - Fetching Pump.fun (attempt 1): https://frontend-api.pump.fun/coins?offset=0&limit=100&sort=last_trade_timestamp&order=DESC
2025-06-11 12:17:40,270 - token_scanner - WARNING - Pump.fun maintenance mode for https://frontend-api.pump.fun/coins?offset=0&limit=100&sort=last_trade_timestamp&order=DESC, skipping remaining retries
2025-06-11 12:17:41,270 - token_scanner - INFO - Fetching Pump.fun (attempt 1): https://frontend-api.pump.fun/coins/king-of-the-hill
2025-06-11 12:17:41,359 - token_scanner - WARNING - Pump.fun maintenance mode for https://frontend-api.pump.fun/coins/king-of-the-hill, skipping remaining retries
2025-06-11 12:17:42,360 - token_scanner - WARNING - All Pump.fun endpoints appear to be in maintenance mode
2025-06-11 12:17:42,360 - token_scanner - INFO - Found 0 tokens from Pump.fun
2025-06-11 12:17:42,360 - token_scanner - INFO - Pump.fun found 0 tokens
2025-06-11 12:17:42,360 - token_scanner - INFO - Scan summary - Total: 30, Unique: 30, Filtered: 13
2025-06-11 12:17:42,361 - utils - INFO - Found 13 tokens to process
2025-06-11 12:17:42,835 - telegram_bot - INFO - Message sent successfully to Telegram
2025-06-11 12:17:45,156 - telegram_bot - ERROR - HTTP error 400 when sending to Telegram
2025-06-11 12:17:45,629 - telegram_bot - INFO - Message sent successfully to Telegram
2025-06-11 12:17:48,118 - telegram_bot - INFO - Message sent successfully to Telegram
2025-06-11 12:17:50,594 - telegram_bot - INFO - Message sent successfully to Telegram
2025-06-11 12:17:53,075 - telegram_bot - INFO - Message sent successfully to Telegram
2025-06-11 12:17:55,547 - telegram_bot - INFO - Message sent successfully to Telegram
2025-06-11 12:17:58,030 - telegram_bot - INFO - Message sent successfully to Telegram
2025-06-11 12:18:00,513 - telegram_bot - INFO - Message sent successfully to Telegram
2025-06-11 12:18:03,007 - telegram_bot - INFO - Message sent successfully to Telegram
2025-06-11 12:18:05,486 - telegram_bot - INFO - Message sent successfully to Telegram
2025-06-11 12:18:07,964 - telegram_bot - INFO - Message sent successfully to Telegram
2025-06-11 12:18:10,447 - telegram_bot - INFO - Message sent successfully to Telegram
2025-06-11 12:18:12,447 - utils - INFO - Sent 12 notifications
2025-06-11 12:20:12,467 - utils - INFO - Starting token scan...
2025-06-11 12:20:12,467 - token_scanner - INFO - Starting DexScreener profile scan...
2025-06-11 12:20:12,468 - token_scanner - INFO - Scanning DexScreener token profiles...
2025-06-11 12:20:12,468 - token_scanner - INFO - Fetching DexScreener: https://api.dexscreener.com/token-profiles/latest/v1
2025-06-11 12:20:12,549 - token_scanner - INFO - DexScreener API response type: <class 'list'>, length: 30
2025-06-11 12:20:12,549 - token_scanner - INFO - First item structure: ['url', 'chainId', 'tokenAddress', 'icon', 'header', 'openGraph', 'description', 'links']
2025-06-11 12:20:12,549 - token_scanner - INFO - Processing DexScreener response of type: <class 'list'>
2025-06-11 12:20:12,550 - token_scanner - INFO - Processing 30 items from list response
2025-06-11 12:20:12,550 - token_scanner - INFO - DexScreener processing stats - Processed: 30, No address: 0, Age filtered: 0, Final tokens: 30
2025-06-11 12:20:12,550 - token_scanner - INFO - Successfully fetched 30 tokens from DexScreener
2025-06-11 12:20:12,550 - token_scanner - INFO - Successfully got 30 tokens from profiles endpoint
2025-06-11 12:20:13,551 - token_scanner - INFO - Found 30 tokens from DexScreener profiles
2025-06-11 12:20:13,551 - token_scanner - INFO - DexScreener found 30 tokens
2025-06-11 12:20:13,551 - token_scanner - INFO - Starting Pump.fun scan...
2025-06-11 12:20:13,551 - token_scanner - INFO - Scanning Pump.fun endpoints...
2025-06-11 12:20:13,551 - token_scanner - INFO - Fetching Pump.fun (attempt 1): https://frontend-api.pump.fun/coins?offset=0&limit=100&sort=created_timestamp&order=DESC
2025-06-11 12:20:13,686 - token_scanner - WARNING - Pump.fun maintenance mode for https://frontend-api.pump.fun/coins?offset=0&limit=100&sort=created_timestamp&order=DESC, skipping remaining retries
2025-06-11 12:20:14,687 - token_scanner - INFO - Fetching Pump.fun (attempt 1): https://frontend-api.pump.fun/coins?offset=0&limit=100&sort=market_cap&order=DESC
2025-06-11 12:20:14,782 - token_scanner - WARNING - Pump.fun maintenance mode for https://frontend-api.pump.fun/coins?offset=0&limit=100&sort=market_cap&order=DESC, skipping remaining retries
2025-06-11 12:20:15,782 - token_scanner - INFO - Fetching Pump.fun (attempt 1): https://frontend-api.pump.fun/coins?offset=0&limit=100&sort=last_trade_timestamp&order=DESC
2025-06-11 12:20:15,873 - token_scanner - WARNING - Pump.fun maintenance mode for https://frontend-api.pump.fun/coins?offset=0&limit=100&sort=last_trade_timestamp&order=DESC, skipping remaining retries
2025-06-11 12:20:16,873 - token_scanner - INFO - Fetching Pump.fun (attempt 1): https://frontend-api.pump.fun/coins/king-of-the-hill
2025-06-11 12:20:16,964 - token_scanner - WARNING - Pump.fun maintenance mode for https://frontend-api.pump.fun/coins/king-of-the-hill, skipping remaining retries
2025-06-11 12:20:17,965 - token_scanner - WARNING - All Pump.fun endpoints appear to be in maintenance mode
2025-06-11 12:20:17,965 - token_scanner - INFO - Found 0 tokens from Pump.fun
2025-06-11 12:20:17,965 - token_scanner - INFO - Pump.fun found 0 tokens
2025-06-11 12:20:17,965 - token_scanner - INFO - Scan summary - Total: 30, Unique: 30, Filtered: 14
2025-06-11 12:20:17,966 - utils - INFO - Found 14 tokens to process
2025-06-11 12:20:18,447 - telegram_bot - INFO - Message sent successfully to Telegram
2025-06-11 12:20:20,926 - telegram_bot - INFO - Message sent successfully to Telegram
2025-06-11 12:20:23,237 - telegram_bot - ERROR - HTTP error 400 when sending to Telegram
2025-06-11 12:20:23,712 - telegram_bot - INFO - Message sent successfully to Telegram
2025-06-11 12:20:26,199 - telegram_bot - INFO - Message sent successfully to Telegram
2025-06-11 12:20:28,675 - telegram_bot - INFO - Message sent successfully to Telegram
2025-06-11 12:20:31,163 - telegram_bot - INFO - Message sent successfully to Telegram
2025-06-11 12:20:33,642 - telegram_bot - INFO - Message sent successfully to Telegram
2025-06-11 12:20:36,131 - telegram_bot - INFO - Message sent successfully to Telegram
2025-06-11 12:20:38,627 - telegram_bot - INFO - Message sent successfully to Telegram
2025-06-11 12:20:41,122 - telegram_bot - INFO - Message sent successfully to Telegram
2025-06-11 12:20:43,601 - telegram_bot - INFO - Message sent successfully to Telegram
2025-06-11 12:20:46,085 - telegram_bot - INFO - Message sent successfully to Telegram
2025-06-11 12:20:48,573 - telegram_bot - INFO - Message sent successfully to Telegram
2025-06-11 12:20:50,574 - utils - INFO - Sent 13 notifications
2025-06-11 12:21:46,251 - utils - INFO - Received shutdown signal, stopping bot...
2025-06-11 12:21:46,582 - utils - INFO - Bot stopped
