2025-06-09 15:11:55,354 - utils - INFO - Logging initialized. Log file: logs/bot_20250609_151155.log
2025-06-09 15:11:55,356 - utils - INFO - Starting Pump.fun Token Scanner Bot...
2025-06-09 15:11:55,357 - utils - INFO - Configuration: {'min_market_cap': 10000, 'max_market_cap': 1000000, 'min_age_seconds': 1, 'max_age_seconds': 86400, 'min_liquidity': 500, 'scan_interval_minutes': 3, 'max_tokens_per_scan': 50, 'duplicate_check_hours': 6, 'max_retries': 3, 'request_timeout': 30, 'rate_limit_delay': 1.0}
2025-06-09 15:11:55,357 - utils - INFO - Running initial scan...
2025-06-09 15:11:55,357 - utils - INFO - Starting token scan...
2025-06-09 15:11:55,357 - token_scanner - INFO - Starting comprehensive token scan...
2025-06-09 15:11:55,357 - token_scanner - INFO - Scanning DexScreener endpoints...
2025-06-09 15:11:55,357 - token_scanner - INFO - Fetching DexScreener: https://api.dexscreener.com/latest/dex/search/?q=raydium
2025-06-09 15:11:55,423 - token_scanner - INFO - Successfully fetched 0 tokens from DexScreener
2025-06-09 15:11:56,423 - token_scanner - INFO - Fetching DexScreener: https://api.dexscreener.com/latest/dex/search/?q=solana
2025-06-09 15:11:56,472 - token_scanner - INFO - Successfully fetched 0 tokens from DexScreener
2025-06-09 15:11:57,472 - token_scanner - INFO - Fetching DexScreener: https://api.dexscreener.com/token-boosts/latest/v1
2025-06-09 15:11:57,501 - token_scanner - INFO - Successfully fetched 0 tokens from DexScreener
2025-06-09 15:11:58,501 - token_scanner - INFO - Fetching DexScreener: https://api.dexscreener.com/latest/dex/search/?q=new
2025-06-09 15:11:58,748 - token_scanner - INFO - Successfully fetched 2 tokens from DexScreener
2025-06-09 15:11:59,748 - token_scanner - INFO - Fetching DexScreener: https://api.dexscreener.com/latest/dex/tokens/solana
2025-06-09 15:11:59,799 - token_scanner - INFO - Successfully fetched 0 tokens from DexScreener
2025-06-09 15:12:00,799 - token_scanner - INFO - Fetching DexScreener: https://api.dexscreener.com/token-profiles/latest/v1
2025-06-09 15:12:00,861 - token_scanner - INFO - Successfully fetched 0 tokens from DexScreener
2025-06-09 15:12:01,862 - token_scanner - INFO - Found 2 tokens from DexScreener (1 successful endpoints)
2025-06-09 15:12:01,862 - token_scanner - INFO - DexScreener found 2 tokens
2025-06-09 15:12:01,862 - token_scanner - INFO - Scanning Pump.fun endpoints...
2025-06-09 15:12:01,862 - token_scanner - INFO - Fetching Pump.fun (attempt 1): https://frontend-api.pump.fun/coins?offset=0&limit=100&sort=created_timestamp&order=DESC
2025-06-09 15:12:02,027 - token_scanner - WARNING - Pump.fun maintenance mode for https://frontend-api.pump.fun/coins?offset=0&limit=100&sort=created_timestamp&order=DESC, retrying in 10 seconds...
2025-06-09 15:12:12,027 - token_scanner - INFO - Fetching Pump.fun (attempt 2): https://frontend-api.pump.fun/coins?offset=0&limit=100&sort=created_timestamp&order=DESC
2025-06-09 15:12:12,117 - token_scanner - WARNING - Pump.fun maintenance mode for https://frontend-api.pump.fun/coins?offset=0&limit=100&sort=created_timestamp&order=DESC, retrying in 20 seconds...
2025-06-09 15:12:32,117 - token_scanner - INFO - Fetching Pump.fun (attempt 3): https://frontend-api.pump.fun/coins?offset=0&limit=100&sort=created_timestamp&order=DESC
2025-06-09 15:12:32,219 - token_scanner - WARNING - Pump.fun maintenance mode for https://frontend-api.pump.fun/coins?offset=0&limit=100&sort=created_timestamp&order=DESC, retrying in 30 seconds...
2025-06-09 15:12:33,220 - token_scanner - INFO - Fetching Pump.fun (attempt 1): https://frontend-api.pump.fun/coins?offset=0&limit=100&sort=market_cap&order=DESC
2025-06-09 15:12:33,280 - token_scanner - WARNING - Pump.fun maintenance mode for https://frontend-api.pump.fun/coins?offset=0&limit=100&sort=market_cap&order=DESC, retrying in 10 seconds...
2025-06-09 15:12:43,280 - token_scanner - INFO - Fetching Pump.fun (attempt 2): https://frontend-api.pump.fun/coins?offset=0&limit=100&sort=market_cap&order=DESC
2025-06-09 15:12:43,370 - token_scanner - WARNING - Pump.fun maintenance mode for https://frontend-api.pump.fun/coins?offset=0&limit=100&sort=market_cap&order=DESC, retrying in 20 seconds...
2025-06-09 15:13:03,370 - token_scanner - INFO - Fetching Pump.fun (attempt 3): https://frontend-api.pump.fun/coins?offset=0&limit=100&sort=market_cap&order=DESC
2025-06-09 15:13:03,477 - token_scanner - WARNING - Pump.fun maintenance mode for https://frontend-api.pump.fun/coins?offset=0&limit=100&sort=market_cap&order=DESC, retrying in 30 seconds...
2025-06-09 15:13:04,477 - token_scanner - INFO - Fetching Pump.fun (attempt 1): https://frontend-api.pump.fun/coins?offset=0&limit=100&sort=last_trade_timestamp&order=DESC
2025-06-09 15:13:04,572 - token_scanner - WARNING - Pump.fun maintenance mode for https://frontend-api.pump.fun/coins?offset=0&limit=100&sort=last_trade_timestamp&order=DESC, retrying in 10 seconds...
2025-06-09 15:13:06,659 - utils - INFO - Received shutdown signal, stopping bot...
2025-06-09 15:13:06,659 - utils - INFO - Bot stopped
